C:\Users\Yogya\Documents\KTH\Breaking Updates\breaking-updates\reproductionLogs\successfulReproductionLogs\06c5386831e97e94d9b9fd155d3ea4aa8711c4e7.log

[ERROR] Failed to execute goal org.apache.maven.plugins:maven-compiler-plugin:3.10.1:compile (default-compile) on project code-coverage-api-ui-tests: Compilation failure: Compilation failure: 
[ERROR] /code-coverage-api-plugin/ui-tests/src/main/java/io/jenkins/plugins/coverage/util/ChartUtil.java:[7,36] error: package com.gargoylesoftware.htmlunit does not exist
[ERROR] /code-coverage-api-plugin/ui-tests/src/main/java/io/jenkins/plugins/coverage/util/ChartUtil.java:[35,12] error: cannot find symbol
[ERROR]   symbol:   class ScriptResult
[ERROR]   location: class ChartUtil
[ERROR] /code-coverage-api-plugin/ui-tests/src/main/java/io/jenkins/plugins/coverage/util/ChartUtil.java:[35,44] error: cannot find symbol
[ERROR]   symbol:   class ScriptResult
[ERROR]   location: class ChartUtil
[ERROR] /code-coverage-api-plugin/ui-tests/src/main/java/io/jenkins/plugins/coverage/util/ChartUtil.java:[60,42] error: cannot find symbol
[ERROR]   symbol:   class ScriptResult
[ERROR]   location: class ChartUtil
----------------------------------------------------------------------------------------------------
C:\Users\Yogya\Documents\KTH\Breaking Updates\breaking-updates\reproductionLogs\successfulReproductionLogs\07e4b2894bc68cd3bb1892beaa13ec353564dcf1.log

[ERROR] Failed to execute goal org.apache.maven.plugins:maven-compiler-plugin:3.10.1:compile (default-compile) on project code-coverage-api-ui-tests: Compilation failure: Compilation failure: 
[ERROR] /code-coverage-api-plugin/ui-tests/src/main/java/io/jenkins/plugins/coverage/util/ChartUtil.java:[7,36] error: package com.gargoylesoftware.htmlunit does not exist
[ERROR] /code-coverage-api-plugin/ui-tests/src/main/java/io/jenkins/plugins/coverage/util/ChartUtil.java:[35,12] error: cannot find symbol
[ERROR]   symbol:   class ScriptResult
[ERROR]   location: class ChartUtil
[ERROR] /code-coverage-api-plugin/ui-tests/src/main/java/io/jenkins/plugins/coverage/util/ChartUtil.java:[35,44] error: cannot find symbol
[ERROR]   symbol:   class ScriptResult
[ERROR]   location: class ChartUtil
[ERROR] /code-coverage-api-plugin/ui-tests/src/main/java/io/jenkins/plugins/coverage/util/ChartUtil.java:[60,42] error: cannot find symbol
[ERROR]   symbol:   class ScriptResult
[ERROR]   location: class ChartUtil
----------------------------------------------------------------------------------------------------
C:\Users\Yogya\Documents\KTH\Breaking Updates\breaking-updates\reproductionLogs\successfulReproductionLogs\0cdcc1f1319311f383676a89808c9b8eb190145c.log

[ERROR] Failed to execute goal org.apache.maven.plugins:maven-compiler-plugin:3.10.1:compile (default-compile) on project lpvs: Compilation failure: Compilation failure: 
[ERROR] /LPVS/src/main/java/com/lpvs/util/FileUtil.java:[13,32] cannot access org.springframework.util.FileSystemUtils
[ERROR]   bad class file: /root/.m2/repository/org/springframework/spring-core/6.0.3/spring-core-6.0.3.jar(/org/springframework/util/FileSystemUtils.class)
[ERROR]     class file has wrong version 61.0, should be 55.0
[ERROR]     Please remove or make sure it appears in the correct subdirectory of the classpath.
[ERROR] /LPVS/src/main/java/com/lpvs/LicensePreValidationSystem.java:[17,37] cannot access org.springframework.core.task.TaskExecutor
[ERROR]   bad class file: /root/.m2/repository/org/springframework/spring-core/6.0.3/spring-core-6.0.3.jar(/org/springframework/core/task/TaskExecutor.class)
[ERROR]     class file has wrong version 61.0, should be 55.0
[ERROR]     Please remove or make sure it appears in the correct subdirectory of the classpath.
[ERROR] /LPVS/src/main/java/com/lpvs/controller/GitHubWebhooksController.java:[25,32] cannot access org.springframework.util.StringUtils
[ERROR]   bad class file: /root/.m2/repository/org/springframework/spring-core/6.0.3/spring-core-6.0.3.jar(/org/springframework/util/StringUtils.class)
[ERROR]     class file has wrong version 61.0, should be 55.0
[ERROR]     Please remove or make sure it appears in the correct subdirectory of the classpath.
[ERROR] /LPVS/src/main/java/com/lpvs/LicensePreValidationSystem.java:[39,12] cannot find symbol
[ERROR]   symbol:   class TaskExecutor
[ERROR]   location: class com.lpvs.LicensePreValidationSystem
----------------------------------------------------------------------------------------------------
C:\Users\Yogya\Documents\KTH\Breaking Updates\breaking-updates\reproductionLogs\successfulReproductionLogs\0e8625f492854a78c0e1ceff67b2abd7e081d42b.log

[ERROR] Failed to execute goal org.apache.maven.plugins:maven-compiler-plugin:3.10.1:compile (default-compile) on project jadler-jetty: Compilation failure: Compilation failure: 
[ERROR] /jadler/jadler-jetty/src/main/java/net/jadler/stubbing/server/jetty/JettyStubHttpServer.java:[12,35] error: package org.eclipse.jetty.server.nio does not exist
[ERROR] /jadler/jadler-jetty/src/main/java/net/jadler/stubbing/server/jetty/JadlerHandler.java:[25] error: JadlerHandler is not abstract and does not override abstract method handle(String,Request,HttpServletRequest,HttpServletResponse) in AbstractHandler
[ERROR] /jadler/jadler-jetty/src/main/java/net/jadler/stubbing/server/jetty/JadlerHandler.java:[39,4] error: method does not override or implement a method from a supertype
[ERROR] /jadler/jadler-jetty/src/main/java/net/jadler/stubbing/server/jetty/JettyStubHttpServer.java:[33,19] error: cannot find symbol
[ERROR]   symbol:   method setSendServerVersion(boolean)
[ERROR]   location: variable server of type Server
[ERROR] /jadler/jadler-jetty/src/main/java/net/jadler/stubbing/server/jetty/JettyStubHttpServer.java:[34,19] error: cannot find symbol
[ERROR]   symbol:   method setSendDateHeader(boolean)
[ERROR]   location: variable server of type Server
[ERROR] /jadler/jadler-jetty/src/main/java/net/jadler/stubbing/server/jetty/JettyStubHttpServer.java:[36,33] error: cannot find symbol
[ERROR]   symbol:   class SelectChannelConnector
[ERROR]   location: class JettyStubHttpServer
[ERROR] /jadler/jadler-jetty/src/main/java/net/jadler/stubbing/server/jetty/JettyStubHttpServer.java:[37,26] error: cannot find symbol
[ERROR]   symbol:   method setPort(int)
[ERROR]   location: variable httpConnector of type Connector
[ERROR] /jadler/jadler-jetty/src/main/java/net/jadler/stubbing/server/jetty/JettyStubHttpServer.java:[80,28] error: cannot find symbol
[ERROR]   symbol:   method getLocalPort()
[ERROR]   location: variable httpConnector of type Connector
----------------------------------------------------------------------------------------------------
C:\Users\Yogya\Documents\KTH\Breaking Updates\breaking-updates\reproductionLogs\successfulReproductionLogs\1053033eef680f0199bf25ec6e3db52cc13ef3da.log

[ERROR] Failed to execute goal org.apache.maven.plugins:maven-compiler-plugin:3.10.1:compile (default-compile) on project jcabi-maven-plugin: Compilation failure
[ERROR] /jcabi-maven-plugin/src/main/java/com/jcabi/maven/plugin/VersionalizeMojo.java: warnings found and -Werror specified
----------------------------------------------------------------------------------------------------
C:\Users\Yogya\Documents\KTH\Breaking Updates\breaking-updates\reproductionLogs\successfulReproductionLogs\1629113f03956a230738c47397c33f8ba2d11341.log

[ERROR] Failed to execute goal org.apache.maven.plugins:maven-compiler-plugin:3.11.0:compile (default-compile) on project lpvs: Compilation failure: Compilation failure: 
[ERROR] /LPVS/src/main/java/com/lpvs/util/LPVSFileUtil.java:[15,32] cannot access org.springframework.util.FileSystemUtils
[ERROR]   bad class file: /root/.m2/repository/org/springframework/spring-core/6.0.8/spring-core-6.0.8.jar(/org/springframework/util/FileSystemUtils.class)
[ERROR]     class file has wrong version 61.0, should be 55.0
[ERROR]     Please remove or make sure it appears in the correct subdirectory of the classpath.
[ERROR] /LPVS/src/main/java/com/lpvs/LicensePreValidationSystem.java:[15,37] cannot access org.springframework.core.task.TaskExecutor
[ERROR]   bad class file: /root/.m2/repository/org/springframework/spring-core/6.0.8/spring-core-6.0.8.jar(/org/springframework/core/task/TaskExecutor.class)
[ERROR]     class file has wrong version 61.0, should be 55.0
[ERROR]     Please remove or make sure it appears in the correct subdirectory of the classpath.
[ERROR] /LPVS/src/main/java/com/lpvs/controller/GitHubWebhooksController.java:[27,32] cannot access org.springframework.util.StringUtils
[ERROR]   bad class file: /root/.m2/repository/org/springframework/spring-core/6.0.8/spring-core-6.0.8.jar(/org/springframework/util/StringUtils.class)
[ERROR]     class file has wrong version 61.0, should be 55.0
[ERROR]     Please remove or make sure it appears in the correct subdirectory of the classpath.
[ERROR] /LPVS/src/main/java/com/lpvs/LicensePreValidationSystem.java:[37,12] cannot find symbol
[ERROR]   symbol:   class TaskExecutor
[ERROR]   location: class com.lpvs.LicensePreValidationSystem
----------------------------------------------------------------------------------------------------
C:\Users\Yogya\Documents\KTH\Breaking Updates\breaking-updates\reproductionLogs\successfulReproductionLogs\18eff0121ded81b30af0924676407bfc663e6557.log

[ERROR] Failed to execute goal org.apache.maven.plugins:maven-compiler-plugin:3.10.1:compile (default-compile) on project code-coverage-api-ui-tests: Compilation failure: Compilation failure: 
[ERROR] /code-coverage-api-plugin/ui-tests/src/main/java/io/jenkins/plugins/coverage/util/ChartUtil.java:[7,36] error: package com.gargoylesoftware.htmlunit does not exist
[ERROR] /code-coverage-api-plugin/ui-tests/src/main/java/io/jenkins/plugins/coverage/util/ChartUtil.java:[35,12] error: cannot find symbol
[ERROR]   symbol:   class ScriptResult
[ERROR]   location: class ChartUtil
[ERROR] /code-coverage-api-plugin/ui-tests/src/main/java/io/jenkins/plugins/coverage/util/ChartUtil.java:[35,44] error: cannot find symbol
[ERROR]   symbol:   class ScriptResult
[ERROR]   location: class ChartUtil
[ERROR] /code-coverage-api-plugin/ui-tests/src/main/java/io/jenkins/plugins/coverage/util/ChartUtil.java:[60,42] error: cannot find symbol
[ERROR]   symbol:   class ScriptResult
[ERROR]   location: class ChartUtil
----------------------------------------------------------------------------------------------------
C:\Users\Yogya\Documents\KTH\Breaking Updates\breaking-updates\reproductionLogs\successfulReproductionLogs\1e1de78344a89be66d2e78f7adb07a479f6677eb.log

[ERROR] Failed to execute goal org.apache.maven.plugins:maven-compiler-plugin:3.10.1:compile (default-compile) on project lpvs: Compilation failure: Compilation failure: 
[ERROR] /LPVS/src/main/java/com/lpvs/util/FileUtil.java:[13,32] cannot access org.springframework.util.FileSystemUtils
[ERROR]   bad class file: /root/.m2/repository/org/springframework/spring-core/6.0.4/spring-core-6.0.4.jar(/org/springframework/util/FileSystemUtils.class)
[ERROR]     class file has wrong version 61.0, should be 55.0
[ERROR]     Please remove or make sure it appears in the correct subdirectory of the classpath.
[ERROR] /LPVS/src/main/java/com/lpvs/LicensePreValidationSystem.java:[17,37] cannot access org.springframework.core.task.TaskExecutor
[ERROR]   bad class file: /root/.m2/repository/org/springframework/spring-core/6.0.4/spring-core-6.0.4.jar(/org/springframework/core/task/TaskExecutor.class)
[ERROR]     class file has wrong version 61.0, should be 55.0
[ERROR]     Please remove or make sure it appears in the correct subdirectory of the classpath.
[ERROR] /LPVS/src/main/java/com/lpvs/controller/GitHubWebhooksController.java:[25,32] cannot access org.springframework.util.StringUtils
[ERROR]   bad class file: /root/.m2/repository/org/springframework/spring-core/6.0.4/spring-core-6.0.4.jar(/org/springframework/util/StringUtils.class)
[ERROR]     class file has wrong version 61.0, should be 55.0
[ERROR]     Please remove or make sure it appears in the correct subdirectory of the classpath.
[ERROR] /LPVS/src/main/java/com/lpvs/LicensePreValidationSystem.java:[39,12] cannot find symbol
[ERROR]   symbol:   class TaskExecutor
[ERROR]   location: class com.lpvs.LicensePreValidationSystem
----------------------------------------------------------------------------------------------------
C:\Users\Yogya\Documents\KTH\Breaking Updates\breaking-updates\reproductionLogs\successfulReproductionLogs\1ef97ea6c5b6e34151fe6167001b69e003449f95.log

[ERROR] Failed to execute goal org.apache.maven.plugins:maven-compiler-plugin:3.10.1:compile (default-compile) on project flink-faker: Compilation failure: Compilation failure: 
[ERROR] /flink-faker/src/main/java/com/github/knaufk/flink/faker/DateTime.java:[43,3] method does not override or implement a method from a supertype
[ERROR] /flink-faker/src/main/java/com/github/knaufk/flink/faker/DateTime.java:[45,40] incompatible types: java.util.Date cannot be converted to java.sql.Timestamp
----------------------------------------------------------------------------------------------------
C:\Users\Yogya\Documents\KTH\Breaking Updates\breaking-updates\reproductionLogs\successfulReproductionLogs\1fc5281e0688c44025fe2b390a7d6e3e3088f385.log

[ERROR] Failed to execute goal org.apache.maven.plugins:maven-compiler-plugin:3.10.1:compile (default-compile) on project jadler-jetty: Compilation failure: Compilation failure: 
[ERROR] /jadler/jadler-jetty/src/main/java/net/jadler/stubbing/server/jetty/JettyStubHttpServer.java:[12,35] error: package org.eclipse.jetty.server.nio does not exist
[ERROR] /jadler/jadler-jetty/src/main/java/net/jadler/stubbing/server/jetty/JadlerHandler.java:[25] error: JadlerHandler is not abstract and does not override abstract method handle(String,Request,HttpServletRequest,HttpServletResponse) in AbstractHandler
[ERROR] /jadler/jadler-jetty/src/main/java/net/jadler/stubbing/server/jetty/JadlerHandler.java:[39,4] error: method does not override or implement a method from a supertype
[ERROR] /jadler/jadler-jetty/src/main/java/net/jadler/stubbing/server/jetty/JettyStubHttpServer.java:[33,19] error: cannot find symbol
[ERROR]   symbol:   method setSendServerVersion(boolean)
[ERROR]   location: variable server of type Server
[ERROR] /jadler/jadler-jetty/src/main/java/net/jadler/stubbing/server/jetty/JettyStubHttpServer.java:[34,19] error: cannot find symbol
[ERROR]   symbol:   method setSendDateHeader(boolean)
[ERROR]   location: variable server of type Server
[ERROR] /jadler/jadler-jetty/src/main/java/net/jadler/stubbing/server/jetty/JettyStubHttpServer.java:[36,33] error: cannot find symbol
[ERROR]   symbol:   class SelectChannelConnector
[ERROR]   location: class JettyStubHttpServer
[ERROR] /jadler/jadler-jetty/src/main/java/net/jadler/stubbing/server/jetty/JettyStubHttpServer.java:[37,26] error: cannot find symbol
[ERROR]   symbol:   method setPort(int)
[ERROR]   location: variable httpConnector of type Connector
[ERROR] /jadler/jadler-jetty/src/main/java/net/jadler/stubbing/server/jetty/JettyStubHttpServer.java:[80,28] error: cannot find symbol
[ERROR]   symbol:   method getLocalPort()
[ERROR]   location: variable httpConnector of type Connector
----------------------------------------------------------------------------------------------------
C:\Users\Yogya\Documents\KTH\Breaking Updates\breaking-updates\reproductionLogs\successfulReproductionLogs\24d4a90ec1b375751e71f33d18949405c9529d77.log

[ERROR] Failed to execute goal org.apache.maven.plugins:maven-compiler-plugin:3.10.1:testCompile (default-testCompile) on project jcabi-s3: Compilation failure: Compilation failure: 
[ERROR] /jcabi-s3/src/test/java/com/jcabi/s3/BucketRule.java:[33,25] cannot find symbol
[ERROR]   symbol:   class Tv
[ERROR]   location: package com.jcabi.aspects
[ERROR] /jcabi-s3/src/test/java/com/jcabi/s3/AwsOcketITCase.java:[32,25] cannot find symbol
[ERROR]   symbol:   class Tv
[ERROR]   location: package com.jcabi.aspects
----------------------------------------------------------------------------------------------------
C:\Users\Yogya\Documents\KTH\Breaking Updates\breaking-updates\reproductionLogs\successfulReproductionLogs\26fd1cd7639b7deb7078df5e4cb05c6d463ad07a.log

[ERROR] Failed to execute goal org.apache.maven.plugins:maven-compiler-plugin:3.10.1:compile (default-compile) on project code-coverage-api-ui-tests: Compilation failure: Compilation failure: 
[ERROR] /code-coverage-api-plugin/ui-tests/src/main/java/io/jenkins/plugins/coverage/util/ChartUtil.java:[7,36] error: package com.gargoylesoftware.htmlunit does not exist
[ERROR] /code-coverage-api-plugin/ui-tests/src/main/java/io/jenkins/plugins/coverage/util/ChartUtil.java:[35,12] error: cannot find symbol
[ERROR]   symbol:   class ScriptResult
[ERROR]   location: class ChartUtil
[ERROR] /code-coverage-api-plugin/ui-tests/src/main/java/io/jenkins/plugins/coverage/util/ChartUtil.java:[35,44] error: cannot find symbol
[ERROR]   symbol:   class ScriptResult
[ERROR]   location: class ChartUtil
[ERROR] /code-coverage-api-plugin/ui-tests/src/main/java/io/jenkins/plugins/coverage/util/ChartUtil.java:[60,42] error: cannot find symbol
[ERROR]   symbol:   class ScriptResult
[ERROR]   location: class ChartUtil
----------------------------------------------------------------------------------------------------
C:\Users\Yogya\Documents\KTH\Breaking Updates\breaking-updates\reproductionLogs\successfulReproductionLogs\2f01c46b96a8edf437edf20e6dbd848edcb27085.log

[ERROR] Failed to execute goal org.apache.maven.plugins:maven-compiler-plugin:3.11.0:compile (default-compile) on project depclean-maven-plugin: Compilation failure
[ERROR] /depclean/depclean-maven-plugin/src/main/java/se/kth/depclean/wrapper/MavenDependencyManager.java:[27,36] package org.codehaus.plexus.util.xml does not exist
----------------------------------------------------------------------------------------------------
C:\Users\Yogya\Documents\KTH\Breaking Updates\breaking-updates\reproductionLogs\successfulReproductionLogs\3a4a2b11483689ca3e99e92785a7b27c56d072b8.log

[ERROR] Failed to execute goal org.apache.maven.plugins:maven-compiler-plugin:3.10.1:compile (default-compile) on project code-coverage-api-ui-tests: Compilation failure: Compilation failure: 
[ERROR] /code-coverage-api-plugin/ui-tests/src/main/java/io/jenkins/plugins/coverage/util/ChartUtil.java:[7,36] error: package com.gargoylesoftware.htmlunit does not exist
[ERROR] /code-coverage-api-plugin/ui-tests/src/main/java/io/jenkins/plugins/coverage/util/ChartUtil.java:[35,12] error: cannot find symbol
[ERROR]   symbol:   class ScriptResult
[ERROR]   location: class ChartUtil
[ERROR] /code-coverage-api-plugin/ui-tests/src/main/java/io/jenkins/plugins/coverage/util/ChartUtil.java:[35,44] error: cannot find symbol
[ERROR]   symbol:   class ScriptResult
[ERROR]   location: class ChartUtil
[ERROR] /code-coverage-api-plugin/ui-tests/src/main/java/io/jenkins/plugins/coverage/util/ChartUtil.java:[60,42] error: cannot find symbol
[ERROR]   symbol:   class ScriptResult
[ERROR]   location: class ChartUtil
----------------------------------------------------------------------------------------------------
C:\Users\Yogya\Documents\KTH\Breaking Updates\breaking-updates\reproductionLogs\successfulReproductionLogs\3d0cc7db9d9c9420fa4f478a72067ef846ba8129.log

[ERROR] Failed to execute goal org.apache.maven.plugins:maven-compiler-plugin:3.10.1:compile (default-compile) on project jooq-meta-postgres-flyway: Compilation failure: Compilation failure: 
[ERROR] /jooq-meta-postgres-flyway/src/main/java/com/github/sabomichal/jooq/PostgresDDLDatabase.java:[12,16] cannot access org.jooq.DSLContext
[ERROR]   bad class file: /root/.m2/repository/org/jooq/jooq/3.17.5/jooq-3.17.5.jar(/org/jooq/DSLContext.class)
[ERROR]     class file has wrong version 61.0, should be 55.0
[ERROR]     Please remove or make sure it appears in the correct subdirectory of the classpath.
[ERROR] /jooq-meta-postgres-flyway/src/main/java/com/github/sabomichal/jooq/PostgresDDLDatabase.java:[13,16] cannot access org.jooq.SQLDialect
[ERROR]   bad class file: /root/.m2/repository/org/jooq/jooq/3.17.5/jooq-3.17.5.jar(/org/jooq/SQLDialect.class)
[ERROR]     class file has wrong version 61.0, should be 55.0
[ERROR]     Please remove or make sure it appears in the correct subdirectory of the classpath.
[ERROR] /jooq-meta-postgres-flyway/src/main/java/com/github/sabomichal/jooq/PostgresDDLDatabase.java:[14,26] cannot access org.jooq.exception.DataAccessException
[ERROR]   bad class file: /root/.m2/repository/org/jooq/jooq/3.17.5/jooq-3.17.5.jar(/org/jooq/exception/DataAccessException.class)
[ERROR]     class file has wrong version 61.0, should be 55.0
[ERROR]     Please remove or make sure it appears in the correct subdirectory of the classpath.
[ERROR] /jooq-meta-postgres-flyway/src/main/java/com/github/sabomichal/jooq/PostgresDDLDatabase.java:[15,21] cannot access org.jooq.impl.DSL
[ERROR]   bad class file: /root/.m2/repository/org/jooq/jooq/3.17.5/jooq-3.17.5.jar(/org/jooq/impl/DSL.class)
[ERROR]     class file has wrong version 61.0, should be 55.0
[ERROR]     Please remove or make sure it appears in the correct subdirectory of the classpath.
[ERROR] /jooq-meta-postgres-flyway/src/main/java/com/github/sabomichal/jooq/PostgresDDLDatabase.java:[16,30] cannot access org.jooq.meta.postgres.PostgresDatabase
[ERROR]   bad class file: /root/.m2/repository/org/jooq/jooq-meta/3.17.5/jooq-meta-3.17.5.jar(/org/jooq/meta/postgres/PostgresDatabase.class)
[ERROR]     class file has wrong version 61.0, should be 55.0
[ERROR]     Please remove or make sure it appears in the correct subdirectory of the classpath.
[ERROR] /jooq-meta-postgres-flyway/src/main/java/com/github/sabomichal/jooq/PostgresDDLDatabase.java:[17,22] cannot access org.jooq.tools.JooqLogger
[ERROR]   bad class file: /root/.m2/repository/org/jooq/jooq/3.17.5/jooq-3.17.5.jar(/org/jooq/tools/JooqLogger.class)
[ERROR]     class file has wrong version 61.0, should be 55.0
[ERROR]     Please remove or make sure it appears in the correct subdirectory of the classpath.
[ERROR] /jooq-meta-postgres-flyway/src/main/java/com/github/sabomichal/jooq/PostgresDDLDatabase.java:[18,27] cannot access org.jooq.tools.jdbc.JDBCUtils
[ERROR]   bad class file: /root/.m2/repository/org/jooq/jooq/3.17.5/jooq-3.17.5.jar(/org/jooq/tools/jdbc/JDBCUtils.class)
[ERROR]     class file has wrong version 61.0, should be 55.0
[ERROR]     Please remove or make sure it appears in the correct subdirectory of the classpath.
[ERROR] /jooq-meta-postgres-flyway/src/main/java/com/github/sabomichal/jooq/PostgresDDLDatabase.java:[23,29] cannot access org.jooq.tools.StringUtils
[ERROR]   bad class file: /root/.m2/repository/org/jooq/jooq/3.17.5/jooq-3.17.5.jar(/org/jooq/tools/StringUtils.class)
[ERROR]     class file has wrong version 61.0, should be 55.0
[ERROR]     Please remove or make sure it appears in the correct subdirectory of the classpath.
[ERROR] /jooq-meta-postgres-flyway/src/main/java/com/github/sabomichal/jooq/PostgresDDLDatabase.java:[23,1] static import only from classes and interfaces
[ERROR] /jooq-meta-postgres-flyway/src/main/java/com/github/sabomichal/jooq/PostgresDDLDatabase.java:[38,42] cannot find symbol
[ERROR]   symbol: class PostgresDatabase
[ERROR] /jooq-meta-postgres-flyway/src/main/java/com/github/sabomichal/jooq/PostgresDDLDatabase.java:[40,26] cannot find symbol
[ERROR]   symbol:   class JooqLogger
[ERROR]   location: class com.github.sabomichal.jooq.PostgresDDLDatabase
[ERROR] /jooq-meta-postgres-flyway/src/main/java/com/github/sabomichal/jooq/PostgresDDLDatabase.java:[49,15] cannot find symbol
[ERROR]   symbol:   class DSLContext
[ERROR]   location: class com.github.sabomichal.jooq.PostgresDDLDatabase
[ERROR] /jooq-meta-postgres-flyway/src/main/java/com/github/sabomichal/jooq/PostgresDDLDatabase.java:[40,43] cannot find symbol
[ERROR]   symbol:   variable JooqLogger
[ERROR]   location: class com.github.sabomichal.jooq.PostgresDDLDatabase
[ERROR] /jooq-meta-postgres-flyway/src/main/java/com/github/sabomichal/jooq/PostgresDDLDatabase.java:[48,5] method does not override or implement a method from a supertype
[ERROR] /jooq-meta-postgres-flyway/src/main/java/com/github/sabomichal/jooq/PostgresDDLDatabase.java:[50,40] cannot find symbol
[ERROR]   symbol:   variable SQLDialect
[ERROR]   location: class com.github.sabomichal.jooq.PostgresDDLDatabase
[ERROR] /jooq-meta-postgres-flyway/src/main/java/com/github/sabomichal/jooq/PostgresDDLDatabase.java:[50,16] cannot find symbol
[ERROR]   symbol:   variable DSL
[ERROR]   location: class com.github.sabomichal.jooq.PostgresDDLDatabase
[ERROR] /jooq-meta-postgres-flyway/src/main/java/com/github/sabomichal/jooq/PostgresDDLDatabase.java:[59,54] cannot find symbol
[ERROR]   symbol:   method getProperties()
[ERROR]   location: class com.github.sabomichal.jooq.PostgresDDLDatabase
[ERROR] /jooq-meta-postgres-flyway/src/main/java/com/github/sabomichal/jooq/PostgresDDLDatabase.java:[61,21] cannot find symbol
[ERROR]   symbol:   method isBlank(java.lang.String)
[ERROR]   location: class com.github.sabomichal.jooq.PostgresDDLDatabase
[ERROR] /jooq-meta-postgres-flyway/src/main/java/com/github/sabomichal/jooq/PostgresDDLDatabase.java:[78,44] cannot find symbol
[ERROR]   symbol:   method getProperties()
[ERROR]   location: class com.github.sabomichal.jooq.PostgresDDLDatabase
[ERROR] /jooq-meta-postgres-flyway/src/main/java/com/github/sabomichal/jooq/PostgresDDLDatabase.java:[79,21] cannot find symbol
[ERROR]   symbol:   method isBlank(java.lang.String)
[ERROR]   location: class com.github.sabomichal.jooq.PostgresDDLDatabase
[ERROR] /jooq-meta-postgres-flyway/src/main/java/com/github/sabomichal/jooq/PostgresDDLDatabase.java:[84,60] cannot find symbol
[ERROR]   symbol:   method getBasedir()
[ERROR]   location: class com.github.sabomichal.jooq.PostgresDDLDatabase
[ERROR] /jooq-meta-postgres-flyway/src/main/java/com/github/sabomichal/jooq/PostgresDDLDatabase.java:[88,47] cannot find symbol
[ERROR]   symbol:   method getProperties()
[ERROR]   location: class com.github.sabomichal.jooq.PostgresDDLDatabase
[ERROR] /jooq-meta-postgres-flyway/src/main/java/com/github/sabomichal/jooq/PostgresDDLDatabase.java:[89,21] cannot find symbol
[ERROR]   symbol:   method isBlank(java.lang.String)
[ERROR]   location: class com.github.sabomichal.jooq.PostgresDDLDatabase
[ERROR] /jooq-meta-postgres-flyway/src/main/java/com/github/sabomichal/jooq/PostgresDDLDatabase.java:[97,40] cannot find symbol
[ERROR]   symbol:   method getProperties()
[ERROR]   location: class com.github.sabomichal.jooq.PostgresDDLDatabase
[ERROR] /jooq-meta-postgres-flyway/src/main/java/com/github/sabomichal/jooq/PostgresDDLDatabase.java:[98,21] cannot find symbol
[ERROR]   symbol:   method isBlank(java.lang.String)
[ERROR]   location: class com.github.sabomichal.jooq.PostgresDDLDatabase
[ERROR] /jooq-meta-postgres-flyway/src/main/java/com/github/sabomichal/jooq/PostgresDDLDatabase.java:[109,17] cannot find symbol
[ERROR]   symbol:   method setConnection(java.sql.Connection)
[ERROR]   location: class com.github.sabomichal.jooq.PostgresDDLDatabase
[ERROR] /jooq-meta-postgres-flyway/src/main/java/com/github/sabomichal/jooq/PostgresDDLDatabase.java:[112,27] cannot find symbol
[ERROR]   symbol:   class DataAccessException
[ERROR]   location: class com.github.sabomichal.jooq.PostgresDDLDatabase
[ERROR] /jooq-meta-postgres-flyway/src/main/java/com/github/sabomichal/jooq/PostgresDDLDatabase.java:[118,5] method does not override or implement a method from a supertype
[ERROR] /jooq-meta-postgres-flyway/src/main/java/com/github/sabomichal/jooq/PostgresDDLDatabase.java:[120,9] cannot find symbol
[ERROR]   symbol:   variable JDBCUtils
[ERROR]   location: class com.github.sabomichal.jooq.PostgresDDLDatabase
[ERROR] /jooq-meta-postgres-flyway/src/main/java/com/github/sabomichal/jooq/PostgresDDLDatabase.java:[126,9] cannot find symbol
[ERROR]   symbol:   variable super
[ERROR]   location: class com.github.sabomichal.jooq.PostgresDDLDatabase
----------------------------------------------------------------------------------------------------
C:\Users\Yogya\Documents\KTH\Breaking Updates\breaking-updates\reproductionLogs\successfulReproductionLogs\3eb708f53f5f1ce897c3554bb73f5de5698dd171.log

[ERROR] Failed to execute goal org.apache.maven.plugins:maven-compiler-plugin:3.10.1:compile (default-compile) on project google-cloud-translate: Compilation failure: Compilation failure: 
[ERROR] /google-cloud-java/java-translate/google-cloud-translate/src/main/java/com/google/cloud/translate/Language.java:[19,47] package com.google.api.services.translate.model does not exist
[ERROR] /google-cloud-java/java-translate/google-cloud-translate/src/main/java/com/google/cloud/translate/Detection.java:[19,47] package com.google.api.services.translate.model does not exist
[ERROR] /google-cloud-java/java-translate/google-cloud-translate/src/main/java/com/google/cloud/translate/Translation.java:[19,47] package com.google.api.services.translate.model does not exist
[ERROR] /google-cloud-java/java-translate/google-cloud-translate/src/main/java/com/google/cloud/translate/Translation.java:[37,25] cannot find symbol
[ERROR]   symbol:   class TranslationsResource
[ERROR]   location: class com.google.cloud.translate.Translation
[ERROR] /google-cloud-java/java-translate/google-cloud-translate/src/main/java/com/google/cloud/translate/Translation.java:[106,29] cannot find symbol
[ERROR]   symbol:   class TranslationsResource
[ERROR]   location: class com.google.cloud.translate.Translation
[ERROR] /google-cloud-java/java-translate/google-cloud-translate/src/main/java/com/google/cloud/translate/spi/v2/TranslateRpc.java:[19,47] package com.google.api.services.translate.model does not exist
[ERROR] /google-cloud-java/java-translate/google-cloud-translate/src/main/java/com/google/cloud/translate/spi/v2/TranslateRpc.java:[20,47] package com.google.api.services.translate.model does not exist
[ERROR] /google-cloud-java/java-translate/google-cloud-translate/src/main/java/com/google/cloud/translate/spi/v2/TranslateRpc.java:[21,47] package com.google.api.services.translate.model does not exist
[ERROR] /google-cloud-java/java-translate/google-cloud-translate/src/main/java/com/google/cloud/translate/spi/v2/TranslateRpc.java:[59,8] cannot find symbol
[ERROR]   symbol:   class LanguagesResource
[ERROR]   location: interface com.google.cloud.translate.spi.v2.TranslateRpc
[ERROR] /google-cloud-java/java-translate/google-cloud-translate/src/main/java/com/google/cloud/translate/spi/v2/TranslateRpc.java:[67,13] cannot find symbol
[ERROR]   symbol:   class DetectionsResourceItems
[ERROR]   location: interface com.google.cloud.translate.spi.v2.TranslateRpc
[ERROR] /google-cloud-java/java-translate/google-cloud-translate/src/main/java/com/google/cloud/translate/spi/v2/TranslateRpc.java:[77,8] cannot find symbol
[ERROR]   symbol:   class TranslationsResource
[ERROR]   location: interface com.google.cloud.translate.spi.v2.TranslateRpc
[ERROR] /google-cloud-java/java-translate/google-cloud-translate/src/main/java/com/google/cloud/translate/Detection.java:[87,27] cannot find symbol
[ERROR]   symbol:   class DetectionsResourceItems
[ERROR]   location: class com.google.cloud.translate.Detection
[ERROR] /google-cloud-java/java-translate/google-cloud-translate/src/main/java/com/google/cloud/translate/Language.java:[36,25] cannot find symbol
[ERROR]   symbol:   class LanguagesResource
[ERROR]   location: class com.google.cloud.translate.Language
[ERROR] /google-cloud-java/java-translate/google-cloud-translate/src/main/java/com/google/cloud/translate/Language.java:[84,26] cannot find symbol
[ERROR]   symbol:   class LanguagesResource
[ERROR]   location: class com.google.cloud.translate.Language
[ERROR] /google-cloud-java/java-translate/google-cloud-translate/src/main/java/com/google/cloud/translate/spi/v2/HttpTranslateRpc.java:[25,41] package com.google.api.services.translate does not exist
[ERROR] /google-cloud-java/java-translate/google-cloud-translate/src/main/java/com/google/cloud/translate/spi/v2/HttpTranslateRpc.java:[26,47] package com.google.api.services.translate.model does not exist
[ERROR] /google-cloud-java/java-translate/google-cloud-translate/src/main/java/com/google/cloud/translate/spi/v2/HttpTranslateRpc.java:[27,47] package com.google.api.services.translate.model does not exist
[ERROR] /google-cloud-java/java-translate/google-cloud-translate/src/main/java/com/google/cloud/translate/spi/v2/HttpTranslateRpc.java:[28,47] package com.google.api.services.translate.model does not exist
[ERROR] /google-cloud-java/java-translate/google-cloud-translate/src/main/java/com/google/cloud/translate/spi/v2/HttpTranslateRpc.java:[42,17] cannot find symbol
[ERROR]   symbol:   class Translate
[ERROR]   location: class com.google.cloud.translate.spi.v2.HttpTranslateRpc
[ERROR] /google-cloud-java/java-translate/google-cloud-translate/src/main/java/com/google/cloud/translate/spi/v2/HttpTranslateRpc.java:[69,20] cannot find symbol
[ERROR]   symbol:   class DetectionsResourceItems
[ERROR]   location: class com.google.cloud.translate.spi.v2.HttpTranslateRpc
[ERROR] /google-cloud-java/java-translate/google-cloud-translate/src/main/java/com/google/cloud/translate/spi/v2/HttpTranslateRpc.java:[80,15] cannot find symbol
[ERROR]   symbol:   class LanguagesResource
[ERROR]   location: class com.google.cloud.translate.spi.v2.HttpTranslateRpc
[ERROR] /google-cloud-java/java-translate/google-cloud-translate/src/main/java/com/google/cloud/translate/spi/v2/HttpTranslateRpc.java:[99,15] cannot find symbol
[ERROR]   symbol:   class TranslationsResource
[ERROR]   location: class com.google.cloud.translate.spi.v2.HttpTranslateRpc
[ERROR] /google-cloud-java/java-translate/google-cloud-translate/src/main/java/com/google/cloud/translate/TranslateImpl.java:[23,47] package com.google.api.services.translate.model does not exist
[ERROR] /google-cloud-java/java-translate/google-cloud-translate/src/main/java/com/google/cloud/translate/TranslateImpl.java:[24,47] package com.google.api.services.translate.model does not exist
[ERROR] /google-cloud-java/java-translate/google-cloud-translate/src/main/java/com/google/cloud/translate/TranslateImpl.java:[25,47] package com.google.api.services.translate.model does not exist
[ERROR] /google-cloud-java/java-translate/google-cloud-translate/src/main/java/com/google/cloud/translate/TranslateImpl.java:[43,38] cannot find symbol
[ERROR]   symbol:   class DetectionsResourceItems
[ERROR]   location: class com.google.cloud.translate.TranslateImpl
[ERROR] /google-cloud-java/java-translate/google-cloud-translate/src/main/java/com/google/cloud/translate/Language.java:[37,20] cannot find symbol
[ERROR]   symbol:   class LanguagesResource
[ERROR]   location: class com.google.cloud.translate.Language
[ERROR] /google-cloud-java/java-translate/google-cloud-translate/src/main/java/com/google/cloud/translate/Language.java:[39,31] cannot find symbol
[ERROR]   symbol: class LanguagesResource
[ERROR] /google-cloud-java/java-translate/google-cloud-translate/src/main/java/com/google/cloud/translate/Translation.java:[38,20] cannot find symbol
[ERROR]   symbol:   class TranslationsResource
[ERROR]   location: class com.google.cloud.translate.Translation
[ERROR] /google-cloud-java/java-translate/google-cloud-translate/src/main/java/com/google/cloud/translate/Translation.java:[40,34] cannot find symbol
[ERROR]   symbol: class TranslationsResource
[ERROR] /google-cloud-java/java-translate/google-cloud-translate/src/main/java/com/google/cloud/translate/spi/v2/HttpTranslateRpc.java:[50,22] package Translate does not exist
[ERROR] /google-cloud-java/java-translate/google-cloud-translate/src/main/java/com/google/cloud/translate/spi/v2/HttpTranslateRpc.java:[71,17] cannot find symbol
[ERROR]   symbol:   class DetectionsResourceItems
[ERROR]   location: class com.google.cloud.translate.spi.v2.HttpTranslateRpc
[ERROR] /google-cloud-java/java-translate/google-cloud-translate/src/main/java/com/google/cloud/translate/spi/v2/HttpTranslateRpc.java:[73,68] cannot find symbol
[ERROR]   symbol:   class DetectionsResourceItems
[ERROR]   location: class com.google.cloud.translate.spi.v2.HttpTranslateRpc
[ERROR] /google-cloud-java/java-translate/google-cloud-translate/src/main/java/com/google/cloud/translate/spi/v2/HttpTranslateRpc.java:[82,12] cannot find symbol
[ERROR]   symbol:   class LanguagesResource
[ERROR]   location: class com.google.cloud.translate.spi.v2.HttpTranslateRpc
[ERROR] /google-cloud-java/java-translate/google-cloud-translate/src/main/java/com/google/cloud/translate/spi/v2/HttpTranslateRpc.java:[92,61] cannot find symbol
[ERROR]   symbol:   class LanguagesResource
[ERROR]   location: class com.google.cloud.translate.spi.v2.HttpTranslateRpc
[ERROR] /google-cloud-java/java-translate/google-cloud-translate/src/main/java/com/google/cloud/translate/spi/v2/HttpTranslateRpc.java:[104,12] cannot find symbol
[ERROR]   symbol:   class TranslationsResource
[ERROR]   location: class com.google.cloud.translate.spi.v2.HttpTranslateRpc
[ERROR] /google-cloud-java/java-translate/google-cloud-translate/src/main/java/com/google/cloud/translate/spi/v2/HttpTranslateRpc.java:[116,24] cannot find symbol
[ERROR]   symbol:   class TranslationsResource
[ERROR]   location: class com.google.cloud.translate.spi.v2.HttpTranslateRpc
[ERROR] /google-cloud-java/java-translate/google-cloud-translate/src/main/java/com/google/cloud/translate/spi/v2/HttpTranslateRpc.java:[116,46] cannot find symbol
[ERROR]   symbol:   class TranslationsResource
[ERROR]   location: class com.google.cloud.translate.spi.v2.HttpTranslateRpc
[ERROR] /google-cloud-java/java-translate/google-cloud-translate/src/main/java/com/google/cloud/translate/spi/v2/HttpTranslateRpc.java:[118,47] cannot find symbol
[ERROR]   symbol: class TranslationsResource
[ERROR] /google-cloud-java/java-translate/google-cloud-translate/src/main/java/com/google/cloud/translate/spi/v2/HttpTranslateRpc.java:[118,20] cannot find symbol
[ERROR]   symbol: class TranslationsResource
[ERROR] /google-cloud-java/java-translate/google-cloud-translate/src/main/java/com/google/cloud/translate/spi/v2/HttpTranslateRpc.java:[115,64] cannot find symbol
[ERROR]   symbol:   class TranslationsResource
[ERROR]   location: class com.google.cloud.translate.spi.v2.HttpTranslateRpc
[ERROR] /google-cloud-java/java-translate/google-cloud-translate/src/main/java/com/google/cloud/translate/TranslateImpl.java:[45,29] cannot find symbol
[ERROR]   symbol:   class DetectionsResourceItems
[ERROR]   location: class com.google.cloud.translate.TranslateImpl
[ERROR] /google-cloud-java/java-translate/google-cloud-translate/src/main/java/com/google/cloud/translate/TranslateImpl.java:[47,41] cannot find symbol
[ERROR]   symbol: class DetectionsResourceItems
[ERROR] /google-cloud-java/java-translate/google-cloud-translate/src/main/java/com/google/cloud/translate/TranslateImpl.java:[62,33] cannot find symbol
[ERROR]   symbol:   class LanguagesResource
[ERROR]   location: class com.google.cloud.translate.TranslateImpl
[ERROR] /google-cloud-java/java-translate/google-cloud-translate/src/main/java/com/google/cloud/translate/TranslateImpl.java:[64,29] cannot find symbol
[ERROR]   symbol: class LanguagesResource
[ERROR] /google-cloud-java/java-translate/google-cloud-translate/src/main/java/com/google/cloud/translate/TranslateImpl.java:[62,15] incompatible types: <anonymous java.util.concurrent.Callable<java.util.List<LanguagesResource>>> cannot be converted to java.util.concurrent.Callable<java.lang.Object>
[ERROR] /google-cloud-java/java-translate/google-cloud-translate/src/main/java/com/google/cloud/translate/TranslateImpl.java:[80,17] cannot find symbol
[ERROR]   symbol:   class DetectionsResourceItems
[ERROR]   location: class com.google.cloud.translate.TranslateImpl
[ERROR] /google-cloud-java/java-translate/google-cloud-translate/src/main/java/com/google/cloud/translate/TranslateImpl.java:[82,38] cannot find symbol
[ERROR]   symbol:   class DetectionsResourceItems
[ERROR]   location: class com.google.cloud.translate.TranslateImpl
[ERROR] /google-cloud-java/java-translate/google-cloud-translate/src/main/java/com/google/cloud/translate/TranslateImpl.java:[84,34] cannot find symbol
[ERROR]   symbol: class DetectionsResourceItems
[ERROR] /google-cloud-java/java-translate/google-cloud-translate/src/main/java/com/google/cloud/translate/TranslateImpl.java:[82,15] incompatible types: <anonymous java.util.concurrent.Callable<java.util.List<java.util.List<DetectionsResourceItems>>>> cannot be converted to java.util.concurrent.Callable<java.lang.Object>
[ERROR] /google-cloud-java/java-translate/google-cloud-translate/src/main/java/com/google/cloud/translate/TranslateImpl.java:[91,21] cannot find symbol
[ERROR]   symbol:   class DetectionsResourceItems
[ERROR]   location: class com.google.cloud.translate.TranslateImpl
[ERROR] /google-cloud-java/java-translate/google-cloud-translate/src/main/java/com/google/cloud/translate/TranslateImpl.java:[94,14] cannot find symbol
[ERROR]   symbol:   class DetectionsResourceItems
[ERROR]   location: class com.google.cloud.translate.TranslateImpl
[ERROR] /google-cloud-java/java-translate/google-cloud-translate/src/main/java/com/google/cloud/translate/TranslateImpl.java:[121,33] cannot find symbol
[ERROR]   symbol:   class TranslationsResource
[ERROR]   location: class com.google.cloud.translate.TranslateImpl
[ERROR] /google-cloud-java/java-translate/google-cloud-translate/src/main/java/com/google/cloud/translate/TranslateImpl.java:[123,29] cannot find symbol
[ERROR]   symbol: class TranslationsResource
[ERROR] /google-cloud-java/java-translate/google-cloud-translate/src/main/java/com/google/cloud/translate/TranslateImpl.java:[121,15] incompatible types: <anonymous java.util.concurrent.Callable<java.util.List<TranslationsResource>>> cannot be converted to java.util.concurrent.Callable<java.lang.Object>
----------------------------------------------------------------------------------------------------
C:\Users\Yogya\Documents\KTH\Breaking Updates\breaking-updates\reproductionLogs\successfulReproductionLogs\3f30dfff617fd652412260ecf648a25769a27101.log

[ERROR] Failed to execute goal org.apache.maven.plugins:maven-compiler-plugin:3.8.1:compile (default-compile) on project cdi-test-core: Compilation failure: Compilation failure: 
[ERROR] /cdi-test/cdi-test-core/src/main/java/de/hilling/junit/cdi/scope/Replaceable.java:[5,25] package javax.interceptor does not exist
[ERROR] /cdi-test/cdi-test-core/src/main/java/de/hilling/junit/cdi/scope/Replaceable.java:[13,2] cannot find symbol
[ERROR]   symbol: class InterceptorBinding
[ERROR] /cdi-test/cdi-test-core/src/main/java/de/hilling/junit/cdi/scope/CallRedirectionInterceptor.java:[10,25] package javax.interceptor does not exist
[ERROR] /cdi-test/cdi-test-core/src/main/java/de/hilling/junit/cdi/scope/CallRedirectionInterceptor.java:[11,25] package javax.interceptor does not exist
[ERROR] /cdi-test/cdi-test-core/src/main/java/de/hilling/junit/cdi/scope/CallRedirectionInterceptor.java:[12,25] package javax.interceptor does not exist
[ERROR] /cdi-test/cdi-test-core/src/main/java/de/hilling/junit/cdi/scope/CallRedirectionInterceptor.java:[18,2] cannot find symbol
[ERROR]   symbol: class Interceptor
[ERROR] /cdi-test/cdi-test-core/src/main/java/de/hilling/junit/cdi/scope/CallRedirectionInterceptor.java:[28,38] cannot find symbol
[ERROR]   symbol:   class InvocationContext
[ERROR]   location: class de.hilling.junit.cdi.scope.CallRedirectionInterceptor
[ERROR] /cdi-test/cdi-test-core/src/main/java/de/hilling/junit/cdi/scope/CallRedirectionInterceptor.java:[40,36] cannot find symbol
[ERROR]   symbol:   class InvocationContext
[ERROR]   location: class de.hilling.junit.cdi.scope.CallRedirectionInterceptor
[ERROR] /cdi-test/cdi-test-core/src/main/java/de/hilling/junit/cdi/scope/CallRedirectionInterceptor.java:[55,29] cannot find symbol
[ERROR]   symbol:   class InvocationContext
[ERROR]   location: class de.hilling.junit.cdi.scope.CallRedirectionInterceptor
[ERROR] /cdi-test/cdi-test-core/src/main/java/de/hilling/junit/cdi/scope/CallRedirectionInterceptor.java:[27,6] cannot find symbol
[ERROR]   symbol:   class AroundInvoke
[ERROR]   location: class de.hilling.junit.cdi.scope.CallRedirectionInterceptor
----------------------------------------------------------------------------------------------------
C:\Users\Yogya\Documents\KTH\Breaking Updates\breaking-updates\reproductionLogs\successfulReproductionLogs\433fbc0ee1192ca4aa69f337fd3b530ec94906e9.log

[ERROR] Failed to execute goal org.apache.maven.plugins:maven-compiler-plugin:3.11.0:compile (default-compile) on project lpvs: Compilation failure: Compilation failure: 
[ERROR] /LPVS/src/main/java/com/lpvs/util/LPVSFileUtil.java:[15,32] cannot access org.springframework.util.FileSystemUtils
[ERROR]   bad class file: /root/.m2/repository/org/springframework/spring-core/6.0.9/spring-core-6.0.9.jar(/org/springframework/util/FileSystemUtils.class)
[ERROR]     class file has wrong version 61.0, should be 55.0
[ERROR]     Please remove or make sure it appears in the correct subdirectory of the classpath.
[ERROR] /LPVS/src/main/java/com/lpvs/LicensePreValidationSystem.java:[15,37] cannot access org.springframework.core.task.TaskExecutor
[ERROR]   bad class file: /root/.m2/repository/org/springframework/spring-core/6.0.9/spring-core-6.0.9.jar(/org/springframework/core/task/TaskExecutor.class)
[ERROR]     class file has wrong version 61.0, should be 55.0
[ERROR]     Please remove or make sure it appears in the correct subdirectory of the classpath.
[ERROR] /LPVS/src/main/java/com/lpvs/controller/GitHubWebhooksController.java:[27,32] cannot access org.springframework.util.StringUtils
[ERROR]   bad class file: /root/.m2/repository/org/springframework/spring-core/6.0.9/spring-core-6.0.9.jar(/org/springframework/util/StringUtils.class)
[ERROR]     class file has wrong version 61.0, should be 55.0
[ERROR]     Please remove or make sure it appears in the correct subdirectory of the classpath.
[ERROR] /LPVS/src/main/java/com/lpvs/LicensePreValidationSystem.java:[37,12] cannot find symbol
[ERROR]   symbol:   class TaskExecutor
[ERROR]   location: class com.lpvs.LicensePreValidationSystem
----------------------------------------------------------------------------------------------------
C:\Users\Yogya\Documents\KTH\Breaking Updates\breaking-updates\reproductionLogs\successfulReproductionLogs\441f7f07d9265cc1d4c4f369ee6524973d9c6e17.log

[ERROR] Failed to execute goal org.apache.maven.plugins:maven-compiler-plugin:3.10.1:compile (default-compile) on project code-coverage-api-ui-tests: Compilation failure: Compilation failure: 
[ERROR] /code-coverage-api-plugin/ui-tests/src/main/java/io/jenkins/plugins/coverage/util/ChartUtil.java:[7,36] error: package com.gargoylesoftware.htmlunit does not exist
[ERROR] /code-coverage-api-plugin/ui-tests/src/main/java/io/jenkins/plugins/coverage/util/ChartUtil.java:[35,12] error: cannot find symbol
[ERROR]   symbol:   class ScriptResult
[ERROR]   location: class ChartUtil
[ERROR] /code-coverage-api-plugin/ui-tests/src/main/java/io/jenkins/plugins/coverage/util/ChartUtil.java:[35,44] error: cannot find symbol
[ERROR]   symbol:   class ScriptResult
[ERROR]   location: class ChartUtil
[ERROR] /code-coverage-api-plugin/ui-tests/src/main/java/io/jenkins/plugins/coverage/util/ChartUtil.java:[60,42] error: cannot find symbol
[ERROR]   symbol:   class ScriptResult
[ERROR]   location: class ChartUtil
----------------------------------------------------------------------------------------------------
C:\Users\Yogya\Documents\KTH\Breaking Updates\breaking-updates\reproductionLogs\successfulReproductionLogs\471d07e01cd0c79dc9bed5344ed46418f4c078a2.log

[ERROR] Failed to execute goal org.apache.maven.plugins:maven-compiler-plugin:3.10.1:compile (default-compile) on project google-cloud-resourcemanager: Compilation failure: Compilation failure: 
[ERROR] /google-cloud-java/java-resourcemanager/google-cloud-resourcemanager/src/main/java/com/google/cloud/resourcemanager/OrgPolicyInfo.java:[18,58] package com.google.api.services.cloudresourcemanager.model does not exist
[ERROR] /google-cloud-java/java-resourcemanager/google-cloud-resourcemanager/src/main/java/com/google/cloud/resourcemanager/OrgPolicyInfo.java:[19,58] package com.google.api.services.cloudresourcemanager.model does not exist
[ERROR] /google-cloud-java/java-resourcemanager/google-cloud-resourcemanager/src/main/java/com/google/cloud/resourcemanager/OrgPolicyInfo.java:[20,58] package com.google.api.services.cloudresourcemanager.model does not exist
[ERROR] /google-cloud-java/java-resourcemanager/google-cloud-resourcemanager/src/main/java/com/google/cloud/resourcemanager/OrgPolicyInfo.java:[21,58] package com.google.api.services.cloudresourcemanager.model does not exist
[ERROR] /google-cloud-java/java-resourcemanager/google-cloud-resourcemanager/src/main/java/com/google/cloud/resourcemanager/OrgPolicyInfo.java:[38,25] cannot find symbol
[ERROR]   symbol:   class OrgPolicy
[ERROR]   location: class com.google.cloud.resourcemanager.OrgPolicyInfo
[ERROR] /google-cloud-java/java-resourcemanager/google-cloud-resourcemanager/src/main/java/com/google/cloud/resourcemanager/OrgPolicyInfo.java:[45,40] cannot find symbol
[ERROR]   symbol:   class OrgPolicy
[ERROR]   location: class com.google.cloud.resourcemanager.OrgPolicyInfo
[ERROR] /google-cloud-java/java-resourcemanager/google-cloud-resourcemanager/src/main/java/com/google/cloud/resourcemanager/OrgPolicyInfo.java:[57,11] cannot find symbol
[ERROR]   symbol:   class RestoreDefault
[ERROR]   location: class com.google.cloud.resourcemanager.OrgPolicyInfo
[ERROR] /google-cloud-java/java-resourcemanager/google-cloud-resourcemanager/src/main/java/com/google/cloud/resourcemanager/OrgPolicyInfo.java:[312,10] cannot find symbol
[ERROR]   symbol:   class RestoreDefault
[ERROR]   location: class com.google.cloud.resourcemanager.OrgPolicyInfo
[ERROR] /google-cloud-java/java-resourcemanager/google-cloud-resourcemanager/src/main/java/com/google/cloud/resourcemanager/OrgPolicyInfo.java:[360,3] cannot find symbol
[ERROR]   symbol:   class OrgPolicy
[ERROR]   location: class com.google.cloud.resourcemanager.OrgPolicyInfo
[ERROR] /google-cloud-java/java-resourcemanager/google-cloud-resourcemanager/src/main/java/com/google/cloud/resourcemanager/OrgPolicyInfo.java:[376,37] cannot find symbol
[ERROR]   symbol:   class OrgPolicy
[ERROR]   location: class com.google.cloud.resourcemanager.OrgPolicyInfo
[ERROR] /google-cloud-java/java-resourcemanager/google-cloud-resourcemanager/src/main/java/com/google/cloud/resourcemanager/OrgPolicyInfo.java:[225,13] cannot find symbol
[ERROR]   symbol:   class RestoreDefault
[ERROR]   location: class com.google.cloud.resourcemanager.OrgPolicyInfo.Builder
[ERROR] /google-cloud-java/java-resourcemanager/google-cloud-resourcemanager/src/main/java/com/google/cloud/resourcemanager/OrgPolicyInfo.java:[261,31] cannot find symbol
[ERROR]   symbol:   class RestoreDefault
[ERROR]   location: class com.google.cloud.resourcemanager.OrgPolicyInfo.Builder
[ERROR] /google-cloud-java/java-resourcemanager/google-cloud-resourcemanager/src/main/java/com/google/cloud/resourcemanager/OrgPolicyInfo.java:[200,5] cannot find symbol
[ERROR]   symbol:   class ListPolicy
[ERROR]   location: class com.google.cloud.resourcemanager.OrgPolicyInfo.Policies
[ERROR] /google-cloud-java/java-resourcemanager/google-cloud-resourcemanager/src/main/java/com/google/cloud/resourcemanager/OrgPolicyInfo.java:[209,34] cannot find symbol
[ERROR]   symbol:   class ListPolicy
[ERROR]   location: class com.google.cloud.resourcemanager.OrgPolicyInfo.Policies
[ERROR] /google-cloud-java/java-resourcemanager/google-cloud-resourcemanager/src/main/java/com/google/cloud/resourcemanager/OrgPolicyInfo.java:[96,5] cannot find symbol
[ERROR]   symbol:   class BooleanPolicy
[ERROR]   location: class com.google.cloud.resourcemanager.OrgPolicyInfo.BoolPolicy
[ERROR] /google-cloud-java/java-resourcemanager/google-cloud-resourcemanager/src/main/java/com/google/cloud/resourcemanager/OrgPolicyInfo.java:[100,36] cannot find symbol
[ERROR]   symbol:   class BooleanPolicy
[ERROR]   location: class com.google.cloud.resourcemanager.OrgPolicyInfo.BoolPolicy
[ERROR] /google-cloud-java/java-resourcemanager/google-cloud-resourcemanager/src/main/java/com/google/cloud/resourcemanager/Project.java:[283,57] package com.google.api.services.cloudresourcemanager.model does not exist
[ERROR] /google-cloud-java/java-resourcemanager/google-cloud-resourcemanager/src/main/java/com/google/cloud/resourcemanager/ProjectInfo.java:[146,55] package com.google.api.services.cloudresourcemanager.model does not exist
[ERROR] /google-cloud-java/java-resourcemanager/google-cloud-resourcemanager/src/main/java/com/google/cloud/resourcemanager/ProjectInfo.java:[155,59] package com.google.api.services.cloudresourcemanager.model does not exist
[ERROR] /google-cloud-java/java-resourcemanager/google-cloud-resourcemanager/src/main/java/com/google/cloud/resourcemanager/spi/v1beta1/ResourceManagerRpc.java:[19,58] package com.google.api.services.cloudresourcemanager.model does not exist
[ERROR] /google-cloud-java/java-resourcemanager/google-cloud-resourcemanager/src/main/java/com/google/cloud/resourcemanager/spi/v1beta1/ResourceManagerRpc.java:[20,58] package com.google.api.services.cloudresourcemanager.model does not exist
[ERROR] /google-cloud-java/java-resourcemanager/google-cloud-resourcemanager/src/main/java/com/google/cloud/resourcemanager/spi/v1beta1/ResourceManagerRpc.java:[21,58] package com.google.api.services.cloudresourcemanager.model does not exist
[ERROR] /google-cloud-java/java-resourcemanager/google-cloud-resourcemanager/src/main/java/com/google/cloud/resourcemanager/spi/v1beta1/ResourceManagerRpc.java:[22,58] package com.google.api.services.cloudresourcemanager.model does not exist
[ERROR] /google-cloud-java/java-resourcemanager/google-cloud-resourcemanager/src/main/java/com/google/cloud/resourcemanager/spi/v1beta1/ResourceManagerRpc.java:[92,18] cannot find symbol
[ERROR]   symbol:   class Project
[ERROR]   location: interface com.google.cloud.resourcemanager.spi.v1beta1.ResourceManagerRpc
[ERROR] /google-cloud-java/java-resourcemanager/google-cloud-resourcemanager/src/main/java/com/google/cloud/resourcemanager/spi/v1beta1/ResourceManagerRpc.java:[92,3] cannot find symbol
[ERROR]   symbol:   class Project
[ERROR]   location: interface com.google.cloud.resourcemanager.spi.v1beta1.ResourceManagerRpc
[ERROR] /google-cloud-java/java-resourcemanager/google-cloud-resourcemanager/src/main/java/com/google/cloud/resourcemanager/spi/v1beta1/ResourceManagerRpc.java:[107,3] cannot find symbol
[ERROR]   symbol:   class Project
[ERROR]   location: interface com.google.cloud.resourcemanager.spi.v1beta1.ResourceManagerRpc
[ERROR] /google-cloud-java/java-resourcemanager/google-cloud-resourcemanager/src/main/java/com/google/cloud/resourcemanager/spi/v1beta1/ResourceManagerRpc.java:[114,26] cannot find symbol
[ERROR]   symbol:   class Project
[ERROR]   location: interface com.google.cloud.resourcemanager.spi.v1beta1.ResourceManagerRpc
[ERROR] /google-cloud-java/java-resourcemanager/google-cloud-resourcemanager/src/main/java/com/google/cloud/resourcemanager/spi/v1beta1/ResourceManagerRpc.java:[131,19] cannot find symbol
[ERROR]   symbol:   class Project
[ERROR]   location: interface com.google.cloud.resourcemanager.spi.v1beta1.ResourceManagerRpc
[ERROR] /google-cloud-java/java-resourcemanager/google-cloud-resourcemanager/src/main/java/com/google/cloud/resourcemanager/spi/v1beta1/ResourceManagerRpc.java:[131,3] cannot find symbol
[ERROR]   symbol:   class Project
[ERROR]   location: interface com.google.cloud.resourcemanager.spi.v1beta1.ResourceManagerRpc
[ERROR] /google-cloud-java/java-resourcemanager/google-cloud-resourcemanager/src/main/java/com/google/cloud/resourcemanager/spi/v1beta1/ResourceManagerRpc.java:[138,3] cannot find symbol
[ERROR]   symbol:   class Policy
[ERROR]   location: interface com.google.cloud.resourcemanager.spi.v1beta1.ResourceManagerRpc
[ERROR] /google-cloud-java/java-resourcemanager/google-cloud-resourcemanager/src/main/java/com/google/cloud/resourcemanager/spi/v1beta1/ResourceManagerRpc.java:[145,42] cannot find symbol
[ERROR]   symbol:   class Policy
[ERROR]   location: interface com.google.cloud.resourcemanager.spi.v1beta1.ResourceManagerRpc
[ERROR] /google-cloud-java/java-resourcemanager/google-cloud-resourcemanager/src/main/java/com/google/cloud/resourcemanager/spi/v1beta1/ResourceManagerRpc.java:[145,3] cannot find symbol
[ERROR]   symbol:   class Policy
[ERROR]   location: interface com.google.cloud.resourcemanager.spi.v1beta1.ResourceManagerRpc
[ERROR] /google-cloud-java/java-resourcemanager/google-cloud-resourcemanager/src/main/java/com/google/cloud/resourcemanager/spi/v1beta1/ResourceManagerRpc.java:[167,40] cannot find symbol
[ERROR]   symbol:   class OrgPolicy
[ERROR]   location: interface com.google.cloud.resourcemanager.spi.v1beta1.ResourceManagerRpc
[ERROR] /google-cloud-java/java-resourcemanager/google-cloud-resourcemanager/src/main/java/com/google/cloud/resourcemanager/spi/v1beta1/ResourceManagerRpc.java:[178,3] cannot find symbol
[ERROR]   symbol:   class OrgPolicy
[ERROR]   location: interface com.google.cloud.resourcemanager.spi.v1beta1.ResourceManagerRpc
[ERROR] /google-cloud-java/java-resourcemanager/google-cloud-resourcemanager/src/main/java/com/google/cloud/resourcemanager/spi/v1beta1/ResourceManagerRpc.java:[189,3] cannot find symbol
[ERROR]   symbol:   class OrgPolicy
[ERROR]   location: interface com.google.cloud.resourcemanager.spi.v1beta1.ResourceManagerRpc
[ERROR] /google-cloud-java/java-resourcemanager/google-cloud-resourcemanager/src/main/java/com/google/cloud/resourcemanager/spi/v1beta1/ResourceManagerRpc.java:[196,14] cannot find symbol
[ERROR]   symbol:   class Constraint
[ERROR]   location: interface com.google.cloud.resourcemanager.spi.v1beta1.ResourceManagerRpc
[ERROR] /google-cloud-java/java-resourcemanager/google-cloud-resourcemanager/src/main/java/com/google/cloud/resourcemanager/spi/v1beta1/ResourceManagerRpc.java:[204,14] cannot find symbol
[ERROR]   symbol:   class OrgPolicy
[ERROR]   location: interface com.google.cloud.resourcemanager.spi.v1beta1.ResourceManagerRpc
[ERROR] /google-cloud-java/java-resourcemanager/google-cloud-resourcemanager/src/main/java/com/google/cloud/resourcemanager/spi/v1beta1/ResourceManagerRpc.java:[214,47] cannot find symbol
[ERROR]   symbol:   class OrgPolicy
[ERROR]   location: interface com.google.cloud.resourcemanager.spi.v1beta1.ResourceManagerRpc
[ERROR] /google-cloud-java/java-resourcemanager/google-cloud-resourcemanager/src/main/java/com/google/cloud/resourcemanager/spi/v1beta1/ResourceManagerRpc.java:[214,3] cannot find symbol
[ERROR]   symbol:   class OrgPolicy
[ERROR]   location: interface com.google.cloud.resourcemanager.spi.v1beta1.ResourceManagerRpc
[ERROR] /google-cloud-java/java-resourcemanager/google-cloud-resourcemanager/src/main/java/com/google/cloud/resourcemanager/ConstraintInfo.java:[18,58] package com.google.api.services.cloudresourcemanager.model does not exist
[ERROR] /google-cloud-java/java-resourcemanager/google-cloud-resourcemanager/src/main/java/com/google/cloud/resourcemanager/ConstraintInfo.java:[19,58] package com.google.api.services.cloudresourcemanager.model does not exist
[ERROR] /google-cloud-java/java-resourcemanager/google-cloud-resourcemanager/src/main/java/com/google/cloud/resourcemanager/ConstraintInfo.java:[20,58] package com.google.api.services.cloudresourcemanager.model does not exist
[ERROR] /google-cloud-java/java-resourcemanager/google-cloud-resourcemanager/src/main/java/com/google/cloud/resourcemanager/ConstraintInfo.java:[35,25] cannot find symbol
[ERROR]   symbol:   class Constraint
[ERROR]   location: class com.google.cloud.resourcemanager.ConstraintInfo
[ERROR] /google-cloud-java/java-resourcemanager/google-cloud-resourcemanager/src/main/java/com/google/cloud/resourcemanager/ConstraintInfo.java:[42,41] cannot find symbol
[ERROR]   symbol:   class Constraint
[ERROR]   location: class com.google.cloud.resourcemanager.ConstraintInfo
[ERROR] /google-cloud-java/java-resourcemanager/google-cloud-resourcemanager/src/main/java/com/google/cloud/resourcemanager/ConstraintInfo.java:[50,11] cannot find symbol
[ERROR]   symbol:   class BooleanConstraint
[ERROR]   location: class com.google.cloud.resourcemanager.ConstraintInfo
[ERROR] /google-cloud-java/java-resourcemanager/google-cloud-resourcemanager/src/main/java/com/google/cloud/resourcemanager/ConstraintInfo.java:[198,10] cannot find symbol
[ERROR]   symbol:   class BooleanConstraint
[ERROR]   location: class com.google.cloud.resourcemanager.ConstraintInfo
[ERROR] /google-cloud-java/java-resourcemanager/google-cloud-resourcemanager/src/main/java/com/google/cloud/resourcemanager/ConstraintInfo.java:[266,3] cannot find symbol
[ERROR]   symbol:   class Constraint
[ERROR]   location: class com.google.cloud.resourcemanager.ConstraintInfo
[ERROR] /google-cloud-java/java-resourcemanager/google-cloud-resourcemanager/src/main/java/com/google/cloud/resourcemanager/ConstraintInfo.java:[280,38] cannot find symbol
[ERROR]   symbol:   class Constraint
[ERROR]   location: class com.google.cloud.resourcemanager.ConstraintInfo
[ERROR] /google-cloud-java/java-resourcemanager/google-cloud-resourcemanager/src/main/java/com/google/cloud/resourcemanager/ConstraintInfo.java:[125,13] cannot find symbol
[ERROR]   symbol:   class BooleanConstraint
[ERROR]   location: class com.google.cloud.resourcemanager.ConstraintInfo.Builder
[ERROR] /google-cloud-java/java-resourcemanager/google-cloud-resourcemanager/src/main/java/com/google/cloud/resourcemanager/ConstraintInfo.java:[147,34] cannot find symbol
[ERROR]   symbol:   class BooleanConstraint
[ERROR]   location: class com.google.cloud.resourcemanager.ConstraintInfo.Builder
[ERROR] /google-cloud-java/java-resourcemanager/google-cloud-resourcemanager/src/main/java/com/google/cloud/resourcemanager/ConstraintInfo.java:[114,5] cannot find symbol
[ERROR]   symbol:   class ListConstraint
[ERROR]   location: class com.google.cloud.resourcemanager.ConstraintInfo.Constraints
[ERROR] /google-cloud-java/java-resourcemanager/google-cloud-resourcemanager/src/main/java/com/google/cloud/resourcemanager/ConstraintInfo.java:[118,37] cannot find symbol
[ERROR]   symbol:   class ListConstraint
[ERROR]   location: class com.google.cloud.resourcemanager.ConstraintInfo.Constraints
[ERROR] /google-cloud-java/java-resourcemanager/google-cloud-resourcemanager/src/main/java/com/google/cloud/resourcemanager/ProjectInfo.java:[392,53] package com.google.api.services.cloudresourcemanager.model does not exist
[ERROR] /google-cloud-java/java-resourcemanager/google-cloud-resourcemanager/src/main/java/com/google/cloud/resourcemanager/ProjectInfo.java:[414,79] package com.google.api.services.cloudresourcemanager.model does not exist
[ERROR] /google-cloud-java/java-resourcemanager/google-cloud-resourcemanager/src/main/java/com/google/cloud/resourcemanager/ResourceManagerImpl.java:[23,58] package com.google.api.services.cloudresourcemanager.model does not exist
[ERROR] /google-cloud-java/java-resourcemanager/google-cloud-resourcemanager/src/main/java/com/google/cloud/resourcemanager/ResourceManagerImpl.java:[24,58] package com.google.api.services.cloudresourcemanager.model does not exist
[ERROR] /google-cloud-java/java-resourcemanager/google-cloud-resourcemanager/src/main/java/com/google/cloud/resourcemanager/testing/LocalResourceManagerHelper.java:[25,58] package com.google.api.services.cloudresourcemanager.model does not exist
[ERROR] /google-cloud-java/java-resourcemanager/google-cloud-resourcemanager/src/main/java/com/google/cloud/resourcemanager/testing/LocalResourceManagerHelper.java:[26,58] package com.google.api.services.cloudresourcemanager.model does not exist
[ERROR] /google-cloud-java/java-resourcemanager/google-cloud-resourcemanager/src/main/java/com/google/cloud/resourcemanager/testing/LocalResourceManagerHelper.java:[27,58] package com.google.api.services.cloudresourcemanager.model does not exist
[ERROR] /google-cloud-java/java-resourcemanager/google-cloud-resourcemanager/src/main/java/com/google/cloud/resourcemanager/testing/LocalResourceManagerHelper.java:[28,58] package com.google.api.services.cloudresourcemanager.model does not exist
[ERROR] /google-cloud-java/java-resourcemanager/google-cloud-resourcemanager/src/main/java/com/google/cloud/resourcemanager/testing/LocalResourceManagerHelper.java:[29,58] package com.google.api.services.cloudresourcemanager.model does not exist
[ERROR] /google-cloud-java/java-resourcemanager/google-cloud-resourcemanager/src/main/java/com/google/cloud/resourcemanager/testing/LocalResourceManagerHelper.java:[30,58] package com.google.api.services.cloudresourcemanager.model does not exist
[ERROR] /google-cloud-java/java-resourcemanager/google-cloud-resourcemanager/src/main/java/com/google/cloud/resourcemanager/testing/LocalResourceManagerHelper.java:[31,58] package com.google.api.services.cloudresourcemanager.model does not exist
[ERROR] /google-cloud-java/java-resourcemanager/google-cloud-resourcemanager/src/main/java/com/google/cloud/resourcemanager/testing/LocalResourceManagerHelper.java:[126,47] cannot find symbol
[ERROR]   symbol:   class Project
[ERROR]   location: class com.google.cloud.resourcemanager.testing.LocalResourceManagerHelper
[ERROR] /google-cloud-java/java-resourcemanager/google-cloud-resourcemanager/src/main/java/com/google/cloud/resourcemanager/testing/LocalResourceManagerHelper.java:[127,29] cannot find symbol
[ERROR]   symbol:   class Policy
[ERROR]   location: class com.google.cloud.resourcemanager.testing.LocalResourceManagerHelper
[ERROR] /google-cloud-java/java-resourcemanager/google-cloud-resourcemanager/src/main/java/com/google/cloud/resourcemanager/testing/LocalResourceManagerHelper.java:[388,47] cannot find symbol
[ERROR]   symbol:   class Project
[ERROR]   location: class com.google.cloud.resourcemanager.testing.LocalResourceManagerHelper
[ERROR] /google-cloud-java/java-resourcemanager/google-cloud-resourcemanager/src/main/java/com/google/cloud/resourcemanager/testing/LocalResourceManagerHelper.java:[444,32] cannot find symbol
[ERROR]   symbol:   class Project
[ERROR]   location: class com.google.cloud.resourcemanager.testing.LocalResourceManagerHelper
[ERROR] /google-cloud-java/java-resourcemanager/google-cloud-resourcemanager/src/main/java/com/google/cloud/resourcemanager/testing/LocalResourceManagerHelper.java:[569,41] cannot find symbol
[ERROR]   symbol:   class Project
[ERROR]   location: class com.google.cloud.resourcemanager.testing.LocalResourceManagerHelper
[ERROR] /google-cloud-java/java-resourcemanager/google-cloud-resourcemanager/src/main/java/com/google/cloud/resourcemanager/testing/LocalResourceManagerHelper.java:[604,40] cannot find symbol
[ERROR]   symbol:   class Project
[ERROR]   location: class com.google.cloud.resourcemanager.testing.LocalResourceManagerHelper
[ERROR] /google-cloud-java/java-resourcemanager/google-cloud-resourcemanager/src/main/java/com/google/cloud/resourcemanager/testing/LocalResourceManagerHelper.java:[604,18] cannot find symbol
[ERROR]   symbol:   class Project
[ERROR]   location: class com.google.cloud.resourcemanager.testing.LocalResourceManagerHelper
[ERROR] /google-cloud-java/java-resourcemanager/google-cloud-resourcemanager/src/main/java/com/google/cloud/resourcemanager/testing/LocalResourceManagerHelper.java:[637,51] cannot find symbol
[ERROR]   symbol:   class Project
[ERROR]   location: class com.google.cloud.resourcemanager.testing.LocalResourceManagerHelper
[ERROR] /google-cloud-java/java-resourcemanager/google-cloud-resourcemanager/src/main/java/com/google/cloud/resourcemanager/testing/LocalResourceManagerHelper.java:[696,57] cannot find symbol
[ERROR]   symbol:   class Policy
[ERROR]   location: class com.google.cloud.resourcemanager.testing.LocalResourceManagerHelper
[ERROR] /google-cloud-java/java-resourcemanager/google-cloud-resourcemanager/src/main/java/com/google/cloud/resourcemanager/PolicyMarshaller.java:[19,58] package com.google.api.services.cloudresourcemanager.model does not exist
[ERROR] /google-cloud-java/java-resourcemanager/google-cloud-resourcemanager/src/main/java/com/google/cloud/resourcemanager/PolicyMarshaller.java:[37,74] package com.google.api.services.cloudresourcemanager.model does not exist
[ERROR] /google-cloud-java/java-resourcemanager/google-cloud-resourcemanager/src/main/java/com/google/cloud/resourcemanager/PolicyMarshaller.java:[55,77] package com.google.api.services.cloudresourcemanager.model does not exist
[ERROR] /google-cloud-java/java-resourcemanager/google-cloud-resourcemanager/src/main/java/com/google/cloud/resourcemanager/PolicyMarshaller.java:[76,63] package com.google.api.services.cloudresourcemanager.model does not exist
[ERROR] /google-cloud-java/java-resourcemanager/google-cloud-resourcemanager/src/main/java/com/google/cloud/resourcemanager/spi/v1beta1/HttpResourceManagerRpc.java:[32,52] package com.google.api.services.cloudresourcemanager does not exist
[ERROR] /google-cloud-java/java-resourcemanager/google-cloud-resourcemanager/src/main/java/com/google/cloud/resourcemanager/spi/v1beta1/HttpResourceManagerRpc.java:[33,58] package com.google.api.services.cloudresourcemanager.model does not exist
[ERROR] /google-cloud-java/java-resourcemanager/google-cloud-resourcemanager/src/main/java/com/google/cloud/resourcemanager/spi/v1beta1/HttpResourceManagerRpc.java:[34,58] package com.google.api.services.cloudresourcemanager.model does not exist
[ERROR] /google-cloud-java/java-resourcemanager/google-cloud-resourcemanager/src/main/java/com/google/cloud/resourcemanager/spi/v1beta1/HttpResourceManagerRpc.java:[35,58] package com.google.api.services.cloudresourcemanager.model does not exist
[ERROR] /google-cloud-java/java-resourcemanager/google-cloud-resourcemanager/src/main/java/com/google/cloud/resourcemanager/spi/v1beta1/HttpResourceManagerRpc.java:[36,58] package com.google.api.services.cloudresourcemanager.model does not exist
[ERROR] /google-cloud-java/java-resourcemanager/google-cloud-resourcemanager/src/main/java/com/google/cloud/resourcemanager/spi/v1beta1/HttpResourceManagerRpc.java:[37,58] package com.google.api.services.cloudresourcemanager.model does not exist
[ERROR] /google-cloud-java/java-resourcemanager/google-cloud-resourcemanager/src/main/java/com/google/cloud/resourcemanager/spi/v1beta1/HttpResourceManagerRpc.java:[38,58] package com.google.api.services.cloudresourcemanager.model does not exist
[ERROR] /google-cloud-java/java-resourcemanager/google-cloud-resourcemanager/src/main/java/com/google/cloud/resourcemanager/spi/v1beta1/HttpResourceManagerRpc.java:[39,58] package com.google.api.services.cloudresourcemanager.model does not exist
[ERROR] /google-cloud-java/java-resourcemanager/google-cloud-resourcemanager/src/main/java/com/google/cloud/resourcemanager/spi/v1beta1/HttpResourceManagerRpc.java:[40,58] package com.google.api.services.cloudresourcemanager.model does not exist
[ERROR] /google-cloud-java/java-resourcemanager/google-cloud-resourcemanager/src/main/java/com/google/cloud/resourcemanager/spi/v1beta1/HttpResourceManagerRpc.java:[41,58] package com.google.api.services.cloudresourcemanager.model does not exist
[ERROR] /google-cloud-java/java-resourcemanager/google-cloud-resourcemanager/src/main/java/com/google/cloud/resourcemanager/spi/v1beta1/HttpResourceManagerRpc.java:[42,58] package com.google.api.services.cloudresourcemanager.model does not exist
[ERROR] /google-cloud-java/java-resourcemanager/google-cloud-resourcemanager/src/main/java/com/google/cloud/resourcemanager/spi/v1beta1/HttpResourceManagerRpc.java:[43,58] package com.google.api.services.cloudresourcemanager.model does not exist
[ERROR] /google-cloud-java/java-resourcemanager/google-cloud-resourcemanager/src/main/java/com/google/cloud/resourcemanager/spi/v1beta1/HttpResourceManagerRpc.java:[44,58] package com.google.api.services.cloudresourcemanager.model does not exist
[ERROR] /google-cloud-java/java-resourcemanager/google-cloud-resourcemanager/src/main/java/com/google/cloud/resourcemanager/spi/v1beta1/HttpResourceManagerRpc.java:[45,58] package com.google.api.services.cloudresourcemanager.model does not exist
[ERROR] /google-cloud-java/java-resourcemanager/google-cloud-resourcemanager/src/main/java/com/google/cloud/resourcemanager/spi/v1beta1/HttpResourceManagerRpc.java:[46,58] package com.google.api.services.cloudresourcemanager.model does not exist
[ERROR] /google-cloud-java/java-resourcemanager/google-cloud-resourcemanager/src/main/java/com/google/cloud/resourcemanager/spi/v1beta1/HttpResourceManagerRpc.java:[47,58] package com.google.api.services.cloudresourcemanager.model does not exist
[ERROR] /google-cloud-java/java-resourcemanager/google-cloud-resourcemanager/src/main/java/com/google/cloud/resourcemanager/spi/v1beta1/HttpResourceManagerRpc.java:[48,58] package com.google.api.services.cloudresourcemanager.model does not exist
[ERROR] /google-cloud-java/java-resourcemanager/google-cloud-resourcemanager/src/main/java/com/google/cloud/resourcemanager/spi/v1beta1/HttpResourceManagerRpc.java:[49,58] package com.google.api.services.cloudresourcemanager.model does not exist
[ERROR] /google-cloud-java/java-resourcemanager/google-cloud-resourcemanager/src/main/java/com/google/cloud/resourcemanager/spi/v1beta1/HttpResourceManagerRpc.java:[50,58] package com.google.api.services.cloudresourcemanager.model does not exist
[ERROR] /google-cloud-java/java-resourcemanager/google-cloud-resourcemanager/src/main/java/com/google/cloud/resourcemanager/spi/v1beta1/HttpResourceManagerRpc.java:[51,58] package com.google.api.services.cloudresourcemanager.model does not exist
[ERROR] /google-cloud-java/java-resourcemanager/google-cloud-resourcemanager/src/main/java/com/google/cloud/resourcemanager/spi/v1beta1/HttpResourceManagerRpc.java:[52,58] package com.google.api.services.cloudresourcemanager.model does not exist
[ERROR] /google-cloud-java/java-resourcemanager/google-cloud-resourcemanager/src/main/java/com/google/cloud/resourcemanager/spi/v1beta1/HttpResourceManagerRpc.java:[114,45] cannot find symbol
[ERROR]   symbol:   class Operation
[ERROR]   location: class com.google.cloud.resourcemanager.spi.v1beta1.HttpResourceManagerRpc
[ERROR] /google-cloud-java/java-resourcemanager/google-cloud-resourcemanager/src/main/java/com/google/cloud/resourcemanager/spi/v1beta1/HttpResourceManagerRpc.java:[132,17] cannot find symbol
[ERROR]   symbol:   class CloudResourceManager
[ERROR]   location: class com.google.cloud.resourcemanager.spi.v1beta1.HttpResourceManagerRpc
[ERROR] /google-cloud-java/java-resourcemanager/google-cloud-resourcemanager/src/main/java/com/google/cloud/resourcemanager/spi/v1beta1/HttpResourceManagerRpc.java:[151,53] cannot find symbol
[ERROR]   symbol:   class Status
[ERROR]   location: class com.google.cloud.resourcemanager.spi.v1beta1.HttpResourceManagerRpc
----------------------------------------------------------------------------------------------------
C:\Users\Yogya\Documents\KTH\Breaking Updates\breaking-updates\reproductionLogs\successfulReproductionLogs\4bba3fb6147e72946f64724fe55eee5d15ff6206.log

[ERROR] Failed to execute goal org.apache.maven.plugins:maven-compiler-plugin:3.8.1:compile (default-compile) on project cdi-test-api: Compilation failure: Compilation failure: 
[ERROR] /cdi-test/cdi-test-api/src/main/java/de/hilling/junit/cdi/annotations/GlobalTestImplementation.java:[6,24] package javax.annotation does not exist
[ERROR] /cdi-test/cdi-test-api/src/main/java/de/hilling/junit/cdi/annotations/GlobalTestImplementation.java:[27,2] cannot find symbol
[ERROR]   symbol: class Priority
----------------------------------------------------------------------------------------------------
C:\Users\Yogya\Documents\KTH\Breaking Updates\breaking-updates\reproductionLogs\successfulReproductionLogs\500d9c021d34b307b1a70d3f29fb7f9b5ab9d1a6.log

[ERROR] Failed to execute goal org.apache.maven.plugins:maven-compiler-plugin:3.10.1:compile (default-compile) on project jakartaee-mvc-sample: Compilation failure: Compilation failure: 
[ERROR] /jakartaee-mvc-sample/src/main/java/com/example/web/AlertMessage.java:[7,17] package javax.mvc does not exist
[ERROR] /jakartaee-mvc-sample/src/main/java/com/example/web/TaskController.java:[12,17] package javax.mvc does not exist
[ERROR] /jakartaee-mvc-sample/src/main/java/com/example/web/TaskController.java:[13,17] package javax.mvc does not exist
[ERROR] /jakartaee-mvc-sample/src/main/java/com/example/web/TaskController.java:[14,17] package javax.mvc does not exist
[ERROR] /jakartaee-mvc-sample/src/main/java/com/example/web/TaskController.java:[15,25] package javax.mvc.binding does not exist
[ERROR] /jakartaee-mvc-sample/src/main/java/com/example/web/TaskController.java:[16,25] package javax.mvc.binding does not exist
[ERROR] /jakartaee-mvc-sample/src/main/java/com/example/web/TaskController.java:[17,26] package javax.mvc.security does not exist
[ERROR] /jakartaee-mvc-sample/src/main/java/com/example/web/TaskController.java:[33,2] cannot find symbol
[ERROR]   symbol: class Controller
[ERROR] /jakartaee-mvc-sample/src/main/java/com/example/web/AlertMessage.java:[14,2] cannot find symbol
[ERROR]   symbol: class RedirectScoped
[ERROR] /jakartaee-mvc-sample/src/main/java/com/example/web/TaskController.java:[41,13] cannot find symbol
[ERROR]   symbol:   class Models
[ERROR]   location: class com.example.web.TaskController
[ERROR] /jakartaee-mvc-sample/src/main/java/com/example/web/TaskController.java:[44,13] cannot find symbol
[ERROR]   symbol:   class BindingResult
[ERROR]   location: class com.example.web.TaskController
[ERROR] /jakartaee-mvc-sample/src/main/java/com/example/web/TaskForm.java:[5,25] package javax.mvc.binding does not exist
[ERROR] /jakartaee-mvc-sample/src/main/java/com/example/web/LocaleController.java:[9,17] package javax.mvc does not exist
[ERROR] /jakartaee-mvc-sample/src/main/java/com/example/web/LocaleController.java:[18,2] cannot find symbol
[ERROR]   symbol: class Controller
[ERROR] /jakartaee-mvc-sample/src/main/java/com/example/web/LocaleController.java:[23,5] cannot find symbol
[ERROR]   symbol:   class MvcContext
[ERROR]   location: class com.example.web.LocaleController
[ERROR] /jakartaee-mvc-sample/src/main/java/com/example/web/LocaleController.java:[26,5] cannot find symbol
[ERROR]   symbol:   class Models
[ERROR]   location: class com.example.web.LocaleController
[ERROR] /jakartaee-mvc-sample/src/main/java/com/example/web/GreetingController.java:[8,17] package javax.mvc does not exist
[ERROR] /jakartaee-mvc-sample/src/main/java/com/example/web/GreetingController.java:[9,25] package javax.mvc.binding does not exist
[ERROR] /jakartaee-mvc-sample/src/main/java/com/example/web/GreetingController.java:[10,25] package javax.mvc.binding does not exist
[ERROR] /jakartaee-mvc-sample/src/main/java/com/example/web/GreetingController.java:[11,25] package javax.mvc.binding does not exist
[ERROR] /jakartaee-mvc-sample/src/main/java/com/example/web/GreetingController.java:[12,26] package javax.mvc.security does not exist
[ERROR] /jakartaee-mvc-sample/src/main/java/com/example/web/GreetingController.java:[24,2] cannot find symbol
[ERROR]   symbol: class Controller
[ERROR] /jakartaee-mvc-sample/src/main/java/com/example/web/GreetingController.java:[29,5] cannot find symbol
[ERROR]   symbol:   class BindingResult
[ERROR]   location: class com.example.web.GreetingController
[ERROR] /jakartaee-mvc-sample/src/main/java/com/example/web/GreetingController.java:[32,5] cannot find symbol
[ERROR]   symbol:   class Models
[ERROR]   location: class com.example.web.GreetingController
[ERROR] /jakartaee-mvc-sample/src/main/java/com/example/web/Messages.java:[23,13] cannot find symbol
[ERROR]   symbol:   class MvcContext
[ERROR]   location: class Messages
[ERROR] /jakartaee-mvc-sample/src/main/java/com/example/config/PostNotFoundExceptionMapper.java:[29,5] cannot find symbol
[ERROR]   symbol:   class Models
[ERROR]   location: class com.example.config.PostNotFoundExceptionMapper
[ERROR] /jakartaee-mvc-sample/src/main/java/com/example/MvcEventListener.java:[8,23] package javax.mvc.event does not exist
[ERROR] /jakartaee-mvc-sample/src/main/java/com/example/MvcEventListener.java:[9,23] package javax.mvc.event does not exist
[ERROR] /jakartaee-mvc-sample/src/main/java/com/example/MvcEventListener.java:[10,23] package javax.mvc.event does not exist
[ERROR] /jakartaee-mvc-sample/src/main/java/com/example/MvcEventListener.java:[11,23] package javax.mvc.event does not exist
[ERROR] /jakartaee-mvc-sample/src/main/java/com/example/MvcEventListener.java:[12,23] package javax.mvc.event does not exist
[ERROR] /jakartaee-mvc-sample/src/main/java/com/example/MvcEventListener.java:[20,48] cannot find symbol
[ERROR]   symbol:   class BeforeControllerEvent
[ERROR]   location: class com.example.MvcEventListener
[ERROR] /jakartaee-mvc-sample/src/main/java/com/example/MvcEventListener.java:[24,49] cannot find symbol
[ERROR]   symbol:   class BeforeProcessViewEvent
[ERROR]   location: class com.example.MvcEventListener
[ERROR] /jakartaee-mvc-sample/src/main/java/com/example/MvcEventListener.java:[28,51] cannot find symbol
[ERROR]   symbol:   class AfterControllerEvent
[ERROR]   location: class com.example.MvcEventListener
[ERROR] /jakartaee-mvc-sample/src/main/java/com/example/MvcEventListener.java:[32,52] cannot find symbol
[ERROR]   symbol:   class AfterProcessViewEvent
[ERROR]   location: class com.example.MvcEventListener
[ERROR] /jakartaee-mvc-sample/src/main/java/com/example/MvcEventListener.java:[36,55] cannot find symbol
[ERROR]   symbol:   class ControllerRedirectEvent
[ERROR]   location: class com.example.MvcEventListener
[ERROR] /jakartaee-mvc-sample/src/main/java/com/example/web/QueryParamLocaleResolver.java:[10,24] package javax.mvc.locale does not exist
[ERROR] /jakartaee-mvc-sample/src/main/java/com/example/web/QueryParamLocaleResolver.java:[11,24] package javax.mvc.locale does not exist
[ERROR] /jakartaee-mvc-sample/src/main/java/com/example/web/QueryParamLocaleResolver.java:[35,50] cannot find symbol
[ERROR]   symbol: class LocaleResolver
[ERROR] /jakartaee-mvc-sample/src/main/java/com/example/web/QueryParamLocaleResolver.java:[41,39] cannot find symbol
[ERROR]   symbol:   class LocaleResolverContext
[ERROR]   location: class com.example.web.QueryParamLocaleResolver
[ERROR] /jakartaee-mvc-sample/src/main/java/com/example/web/CsrfController.java:[8,17] package javax.mvc does not exist
[ERROR] /jakartaee-mvc-sample/src/main/java/com/example/web/CsrfController.java:[9,25] package javax.mvc.binding does not exist
[ERROR] /jakartaee-mvc-sample/src/main/java/com/example/web/CsrfController.java:[10,25] package javax.mvc.binding does not exist
[ERROR] /jakartaee-mvc-sample/src/main/java/com/example/web/CsrfController.java:[11,25] package javax.mvc.binding does not exist
[ERROR] /jakartaee-mvc-sample/src/main/java/com/example/web/CsrfController.java:[12,26] package javax.mvc.security does not exist
[ERROR] /jakartaee-mvc-sample/src/main/java/com/example/web/CsrfController.java:[24,2] cannot find symbol
[ERROR]   symbol: class Controller
[ERROR] /jakartaee-mvc-sample/src/main/java/com/example/web/CsrfController.java:[29,5] cannot find symbol
[ERROR]   symbol:   class BindingResult
[ERROR]   location: class com.example.web.CsrfController
[ERROR] /jakartaee-mvc-sample/src/main/java/com/example/web/CsrfController.java:[32,5] cannot find symbol
[ERROR]   symbol:   class Models
[ERROR]   location: class com.example.web.CsrfController
[ERROR] /jakartaee-mvc-sample/src/main/java/com/example/web/TaskController.java:[53,6] cannot find symbol
[ERROR]   symbol:   class View
[ERROR]   location: class com.example.web.TaskController
[ERROR] /jakartaee-mvc-sample/src/main/java/com/example/web/TaskController.java:[89,6] cannot find symbol
[ERROR]   symbol:   class CsrfProtected
[ERROR]   location: class com.example.web.TaskController
[ERROR] /jakartaee-mvc-sample/src/main/java/com/example/web/TaskController.java:[134,6] cannot find symbol
[ERROR]   symbol:   class CsrfProtected
[ERROR]   location: class com.example.web.TaskController
[ERROR] /jakartaee-mvc-sample/src/main/java/com/example/web/TaskForm.java:[19,6] cannot find symbol
[ERROR]   symbol:   class MvcBinding
[ERROR]   location: class com.example.web.TaskForm
[ERROR] /jakartaee-mvc-sample/src/main/java/com/example/web/TaskForm.java:[25,6] cannot find symbol
[ERROR]   symbol:   class MvcBinding
[ERROR]   location: class com.example.web.TaskForm
[ERROR] /jakartaee-mvc-sample/src/main/java/com/example/web/GreetingController.java:[49,14] cannot find symbol
[ERROR]   symbol:   class MvcBinding
[ERROR]   location: class com.example.web.GreetingController
[ERROR] /jakartaee-mvc-sample/src/main/java/com/example/web/GreetingController.java:[46,6] cannot find symbol
[ERROR]   symbol:   class UriRef
[ERROR]   location: class com.example.web.GreetingController
[ERROR] /jakartaee-mvc-sample/src/main/java/com/example/web/CsrfController.java:[49,14] cannot find symbol
[ERROR]   symbol:   class MvcBinding
[ERROR]   location: class com.example.web.CsrfController
[ERROR] /jakartaee-mvc-sample/src/main/java/com/example/web/CsrfController.java:[46,6] cannot find symbol
[ERROR]   symbol:   class CsrfProtected
[ERROR]   location: class com.example.web.CsrfController
----------------------------------------------------------------------------------------------------
C:\Users\Yogya\Documents\KTH\Breaking Updates\breaking-updates\reproductionLogs\successfulReproductionLogs\5287fc631fa78e7f11d39983824cdd4215b9a03b.log

[ERROR] Failed to execute goal org.apache.maven.plugins:maven-compiler-plugin:3.10.1:compile (default-compile) on project jadler-jetty: Compilation failure: Compilation failure: 
[ERROR] /jadler/jadler-jetty/src/main/java/net/jadler/stubbing/server/jetty/JettyStubHttpServer.java:[12,35] error: package org.eclipse.jetty.server.nio does not exist
[ERROR] /jadler/jadler-jetty/src/main/java/net/jadler/stubbing/server/jetty/JadlerHandler.java:[25] error: JadlerHandler is not abstract and does not override abstract method handle(String,Request,HttpServletRequest,HttpServletResponse) in AbstractHandler
[ERROR] /jadler/jadler-jetty/src/main/java/net/jadler/stubbing/server/jetty/JadlerHandler.java:[39,4] error: method does not override or implement a method from a supertype
[ERROR] /jadler/jadler-jetty/src/main/java/net/jadler/stubbing/server/jetty/JettyStubHttpServer.java:[33,19] error: cannot find symbol
[ERROR]   symbol:   method setSendServerVersion(boolean)
[ERROR]   location: variable server of type Server
[ERROR] /jadler/jadler-jetty/src/main/java/net/jadler/stubbing/server/jetty/JettyStubHttpServer.java:[34,19] error: cannot find symbol
[ERROR]   symbol:   method setSendDateHeader(boolean)
[ERROR]   location: variable server of type Server
[ERROR] /jadler/jadler-jetty/src/main/java/net/jadler/stubbing/server/jetty/JettyStubHttpServer.java:[36,33] error: cannot find symbol
[ERROR]   symbol:   class SelectChannelConnector
[ERROR]   location: class JettyStubHttpServer
[ERROR] /jadler/jadler-jetty/src/main/java/net/jadler/stubbing/server/jetty/JettyStubHttpServer.java:[37,26] error: cannot find symbol
[ERROR]   symbol:   method setPort(int)
[ERROR]   location: variable httpConnector of type Connector
[ERROR] /jadler/jadler-jetty/src/main/java/net/jadler/stubbing/server/jetty/JettyStubHttpServer.java:[80,28] error: cannot find symbol
[ERROR]   symbol:   method getLocalPort()
[ERROR]   location: variable httpConnector of type Connector
----------------------------------------------------------------------------------------------------
C:\Users\Yogya\Documents\KTH\Breaking Updates\breaking-updates\reproductionLogs\successfulReproductionLogs\54abbbde6a1233e1523a9b5f811ea100efb5dead.log

[ERROR] Failed to execute goal org.apache.maven.plugins:maven-compiler-plugin:3.10.1:compile (default-compile) on project jcabi-ssh: Compilation failure: Compilation failure: 
[ERROR] /jcabi-ssh/src/main/java/com/jcabi/ssh/SshByPassword.java:[33,25] cannot find symbol
[ERROR]   symbol:   class Tv
[ERROR]   location: package com.jcabi.aspects
[ERROR] /jcabi-ssh/src/main/java/com/jcabi/ssh/Ssh.java:[33,25] cannot find symbol
[ERROR]   symbol:   class Tv
[ERROR]   location: package com.jcabi.aspects
[ERROR] /jcabi-ssh/src/main/java/com/jcabi/ssh/SshByPassword.java:[77,20] cannot find symbol
[ERROR]   symbol:   variable Tv
[ERROR]   location: class com.jcabi.ssh.SshByPassword
[ERROR] /jcabi-ssh/src/main/java/com/jcabi/ssh/Ssh.java:[235,20] cannot find symbol
[ERROR]   symbol:   variable Tv
[ERROR]   location: class com.jcabi.ssh.Ssh
----------------------------------------------------------------------------------------------------
C:\Users\Yogya\Documents\KTH\Breaking Updates\breaking-updates\reproductionLogs\successfulReproductionLogs\5769bdad76925da568294cb8a40e7d4469699ac3.log

[ERROR] Failed to execute goal org.apache.maven.plugins:maven-compiler-plugin:3.3:compile (default-compile) on project lib: Compilation failure
[ERROR] /incrementals-tools/lib/src/main/java/io/jenkins/tools/incrementals/lib/UpdateChecker.java:[239,126] status has private access in org.kohsuke.github.GHCompare
----------------------------------------------------------------------------------------------------
C:\Users\Yogya\Documents\KTH\Breaking Updates\breaking-updates\reproductionLogs\successfulReproductionLogs\5cf5a482bd430d81257b4ecd85b3d4f7da911621.log

[ERROR] Failed to execute goal org.apache.maven.plugins:maven-compiler-plugin:3.10.1:compile (default-compile) on project jakartaee-mvc-sample: Compilation failure: Compilation failure: 
[ERROR] /jakartaee-mvc-sample/src/main/java/com/example/web/AlertMessage.java:[7,17] package javax.mvc does not exist
[ERROR] /jakartaee-mvc-sample/src/main/java/com/example/web/TaskController.java:[12,17] package javax.mvc does not exist
[ERROR] /jakartaee-mvc-sample/src/main/java/com/example/web/TaskController.java:[13,17] package javax.mvc does not exist
[ERROR] /jakartaee-mvc-sample/src/main/java/com/example/web/TaskController.java:[14,17] package javax.mvc does not exist
[ERROR] /jakartaee-mvc-sample/src/main/java/com/example/web/TaskController.java:[15,25] package javax.mvc.binding does not exist
[ERROR] /jakartaee-mvc-sample/src/main/java/com/example/web/TaskController.java:[16,25] package javax.mvc.binding does not exist
[ERROR] /jakartaee-mvc-sample/src/main/java/com/example/web/TaskController.java:[17,26] package javax.mvc.security does not exist
[ERROR] /jakartaee-mvc-sample/src/main/java/com/example/web/TaskController.java:[33,2] cannot find symbol
[ERROR]   symbol: class Controller
[ERROR] /jakartaee-mvc-sample/src/main/java/com/example/web/AlertMessage.java:[14,2] cannot find symbol
[ERROR]   symbol: class RedirectScoped
[ERROR] /jakartaee-mvc-sample/src/main/java/com/example/web/TaskController.java:[41,13] cannot find symbol
[ERROR]   symbol:   class Models
[ERROR]   location: class com.example.web.TaskController
[ERROR] /jakartaee-mvc-sample/src/main/java/com/example/web/TaskController.java:[44,13] cannot find symbol
[ERROR]   symbol:   class BindingResult
[ERROR]   location: class com.example.web.TaskController
[ERROR] /jakartaee-mvc-sample/src/main/java/com/example/web/TaskForm.java:[5,25] package javax.mvc.binding does not exist
[ERROR] /jakartaee-mvc-sample/src/main/java/com/example/web/LocaleController.java:[9,17] package javax.mvc does not exist
[ERROR] /jakartaee-mvc-sample/src/main/java/com/example/web/LocaleController.java:[18,2] cannot find symbol
[ERROR]   symbol: class Controller
[ERROR] /jakartaee-mvc-sample/src/main/java/com/example/web/LocaleController.java:[23,5] cannot find symbol
[ERROR]   symbol:   class MvcContext
[ERROR]   location: class com.example.web.LocaleController
[ERROR] /jakartaee-mvc-sample/src/main/java/com/example/web/LocaleController.java:[26,5] cannot find symbol
[ERROR]   symbol:   class Models
[ERROR]   location: class com.example.web.LocaleController
[ERROR] /jakartaee-mvc-sample/src/main/java/com/example/web/GreetingController.java:[8,17] package javax.mvc does not exist
[ERROR] /jakartaee-mvc-sample/src/main/java/com/example/web/GreetingController.java:[9,25] package javax.mvc.binding does not exist
[ERROR] /jakartaee-mvc-sample/src/main/java/com/example/web/GreetingController.java:[10,25] package javax.mvc.binding does not exist
[ERROR] /jakartaee-mvc-sample/src/main/java/com/example/web/GreetingController.java:[11,25] package javax.mvc.binding does not exist
[ERROR] /jakartaee-mvc-sample/src/main/java/com/example/web/GreetingController.java:[12,26] package javax.mvc.security does not exist
[ERROR] /jakartaee-mvc-sample/src/main/java/com/example/web/GreetingController.java:[24,2] cannot find symbol
[ERROR]   symbol: class Controller
[ERROR] /jakartaee-mvc-sample/src/main/java/com/example/web/GreetingController.java:[29,5] cannot find symbol
[ERROR]   symbol:   class BindingResult
[ERROR]   location: class com.example.web.GreetingController
[ERROR] /jakartaee-mvc-sample/src/main/java/com/example/web/GreetingController.java:[32,5] cannot find symbol
[ERROR]   symbol:   class Models
[ERROR]   location: class com.example.web.GreetingController
[ERROR] /jakartaee-mvc-sample/src/main/java/com/example/web/Messages.java:[23,13] cannot find symbol
[ERROR]   symbol:   class MvcContext
[ERROR]   location: class Messages
[ERROR] /jakartaee-mvc-sample/src/main/java/com/example/config/PostNotFoundExceptionMapper.java:[29,5] cannot find symbol
[ERROR]   symbol:   class Models
[ERROR]   location: class com.example.config.PostNotFoundExceptionMapper
[ERROR] /jakartaee-mvc-sample/src/main/java/com/example/MvcEventListener.java:[8,23] package javax.mvc.event does not exist
[ERROR] /jakartaee-mvc-sample/src/main/java/com/example/MvcEventListener.java:[9,23] package javax.mvc.event does not exist
[ERROR] /jakartaee-mvc-sample/src/main/java/com/example/MvcEventListener.java:[10,23] package javax.mvc.event does not exist
[ERROR] /jakartaee-mvc-sample/src/main/java/com/example/MvcEventListener.java:[11,23] package javax.mvc.event does not exist
[ERROR] /jakartaee-mvc-sample/src/main/java/com/example/MvcEventListener.java:[12,23] package javax.mvc.event does not exist
[ERROR] /jakartaee-mvc-sample/src/main/java/com/example/MvcEventListener.java:[20,48] cannot find symbol
[ERROR]   symbol:   class BeforeControllerEvent
[ERROR]   location: class com.example.MvcEventListener
[ERROR] /jakartaee-mvc-sample/src/main/java/com/example/MvcEventListener.java:[24,49] cannot find symbol
[ERROR]   symbol:   class BeforeProcessViewEvent
[ERROR]   location: class com.example.MvcEventListener
[ERROR] /jakartaee-mvc-sample/src/main/java/com/example/MvcEventListener.java:[28,51] cannot find symbol
[ERROR]   symbol:   class AfterControllerEvent
[ERROR]   location: class com.example.MvcEventListener
[ERROR] /jakartaee-mvc-sample/src/main/java/com/example/MvcEventListener.java:[32,52] cannot find symbol
[ERROR]   symbol:   class AfterProcessViewEvent
[ERROR]   location: class com.example.MvcEventListener
[ERROR] /jakartaee-mvc-sample/src/main/java/com/example/MvcEventListener.java:[36,55] cannot find symbol
[ERROR]   symbol:   class ControllerRedirectEvent
[ERROR]   location: class com.example.MvcEventListener
[ERROR] /jakartaee-mvc-sample/src/main/java/com/example/web/QueryParamLocaleResolver.java:[10,24] package javax.mvc.locale does not exist
[ERROR] /jakartaee-mvc-sample/src/main/java/com/example/web/QueryParamLocaleResolver.java:[11,24] package javax.mvc.locale does not exist
[ERROR] /jakartaee-mvc-sample/src/main/java/com/example/web/QueryParamLocaleResolver.java:[35,50] cannot find symbol
[ERROR]   symbol: class LocaleResolver
[ERROR] /jakartaee-mvc-sample/src/main/java/com/example/web/QueryParamLocaleResolver.java:[41,39] cannot find symbol
[ERROR]   symbol:   class LocaleResolverContext
[ERROR]   location: class com.example.web.QueryParamLocaleResolver
[ERROR] /jakartaee-mvc-sample/src/main/java/com/example/web/CsrfController.java:[8,17] package javax.mvc does not exist
[ERROR] /jakartaee-mvc-sample/src/main/java/com/example/web/CsrfController.java:[9,25] package javax.mvc.binding does not exist
[ERROR] /jakartaee-mvc-sample/src/main/java/com/example/web/CsrfController.java:[10,25] package javax.mvc.binding does not exist
[ERROR] /jakartaee-mvc-sample/src/main/java/com/example/web/CsrfController.java:[11,25] package javax.mvc.binding does not exist
[ERROR] /jakartaee-mvc-sample/src/main/java/com/example/web/CsrfController.java:[12,26] package javax.mvc.security does not exist
[ERROR] /jakartaee-mvc-sample/src/main/java/com/example/web/CsrfController.java:[24,2] cannot find symbol
[ERROR]   symbol: class Controller
[ERROR] /jakartaee-mvc-sample/src/main/java/com/example/web/CsrfController.java:[29,5] cannot find symbol
[ERROR]   symbol:   class BindingResult
[ERROR]   location: class com.example.web.CsrfController
[ERROR] /jakartaee-mvc-sample/src/main/java/com/example/web/CsrfController.java:[32,5] cannot find symbol
[ERROR]   symbol:   class Models
[ERROR]   location: class com.example.web.CsrfController
[ERROR] /jakartaee-mvc-sample/src/main/java/com/example/web/TaskController.java:[53,6] cannot find symbol
[ERROR]   symbol:   class View
[ERROR]   location: class com.example.web.TaskController
[ERROR] /jakartaee-mvc-sample/src/main/java/com/example/web/TaskController.java:[89,6] cannot find symbol
[ERROR]   symbol:   class CsrfProtected
[ERROR]   location: class com.example.web.TaskController
[ERROR] /jakartaee-mvc-sample/src/main/java/com/example/web/TaskController.java:[134,6] cannot find symbol
[ERROR]   symbol:   class CsrfProtected
[ERROR]   location: class com.example.web.TaskController
[ERROR] /jakartaee-mvc-sample/src/main/java/com/example/web/TaskForm.java:[19,6] cannot find symbol
[ERROR]   symbol:   class MvcBinding
[ERROR]   location: class com.example.web.TaskForm
[ERROR] /jakartaee-mvc-sample/src/main/java/com/example/web/TaskForm.java:[25,6] cannot find symbol
[ERROR]   symbol:   class MvcBinding
[ERROR]   location: class com.example.web.TaskForm
[ERROR] /jakartaee-mvc-sample/src/main/java/com/example/web/GreetingController.java:[49,14] cannot find symbol
[ERROR]   symbol:   class MvcBinding
[ERROR]   location: class com.example.web.GreetingController
[ERROR] /jakartaee-mvc-sample/src/main/java/com/example/web/GreetingController.java:[46,6] cannot find symbol
[ERROR]   symbol:   class UriRef
[ERROR]   location: class com.example.web.GreetingController
[ERROR] /jakartaee-mvc-sample/src/main/java/com/example/web/CsrfController.java:[49,14] cannot find symbol
[ERROR]   symbol:   class MvcBinding
[ERROR]   location: class com.example.web.CsrfController
[ERROR] /jakartaee-mvc-sample/src/main/java/com/example/web/CsrfController.java:[46,6] cannot find symbol
[ERROR]   symbol:   class CsrfProtected
[ERROR]   location: class com.example.web.CsrfController
----------------------------------------------------------------------------------------------------
C:\Users\Yogya\Documents\KTH\Breaking Updates\breaking-updates\reproductionLogs\successfulReproductionLogs\6661429a5a0e998cf17daa45d8c026bdfaf9bc3f.log

[ERROR] Failed to execute goal org.apache.maven.plugins:maven-compiler-plugin:3.10.1:compile (default-compile) on project code-coverage-api-ui-tests: Compilation failure: Compilation failure: 
[ERROR] /code-coverage-api-plugin/ui-tests/src/main/java/io/jenkins/plugins/coverage/util/ChartUtil.java:[7,36] error: package com.gargoylesoftware.htmlunit does not exist
[ERROR] /code-coverage-api-plugin/ui-tests/src/main/java/io/jenkins/plugins/coverage/util/ChartUtil.java:[35,12] error: cannot find symbol
[ERROR]   symbol:   class ScriptResult
[ERROR]   location: class ChartUtil
[ERROR] /code-coverage-api-plugin/ui-tests/src/main/java/io/jenkins/plugins/coverage/util/ChartUtil.java:[35,44] error: cannot find symbol
[ERROR]   symbol:   class ScriptResult
[ERROR]   location: class ChartUtil
[ERROR] /code-coverage-api-plugin/ui-tests/src/main/java/io/jenkins/plugins/coverage/util/ChartUtil.java:[60,42] error: cannot find symbol
[ERROR]   symbol:   class ScriptResult
[ERROR]   location: class ChartUtil
----------------------------------------------------------------------------------------------------
C:\Users\Yogya\Documents\KTH\Breaking Updates\breaking-updates\reproductionLogs\successfulReproductionLogs\6ad104c4fb9263ad1bb29e6b33618b8225efd92d.log

[ERROR] Failed to execute goal org.apache.maven.plugins:maven-compiler-plugin:3.8.0:compile (default-compile) on project hap: Compilation failure: Compilation failure: 
[ERROR] /HAP-Java/src/main/java/io/github/hapjava/server/impl/crypto/ChachaDecoder.java:[8,35] package org.bouncycastle.crypto.tls does not exist
[ERROR] /HAP-Java/src/main/java/io/github/hapjava/server/impl/crypto/ChachaDecoder.java:[9,35] package org.bouncycastle.crypto.tls does not exist
[ERROR] /HAP-Java/src/main/java/io/github/hapjava/server/impl/crypto/ChachaDecoder.java:[31,17] cannot find symbol
[ERROR]   symbol:   class TlsFatalAlert
[ERROR]   location: class io.github.hapjava.server.impl.crypto.ChachaDecoder
[ERROR] /HAP-Java/src/main/java/io/github/hapjava/server/impl/crypto/ChachaDecoder.java:[31,31] cannot find symbol
[ERROR]   symbol:   variable AlertDescription
[ERROR]   location: class io.github.hapjava.server.impl.crypto.ChachaDecoder
----------------------------------------------------------------------------------------------------
C:\Users\Yogya\Documents\KTH\Breaking Updates\breaking-updates\reproductionLogs\successfulReproductionLogs\6c53cd904bd66fc79af8687571e607c259226b81.log

[ERROR] Failed to execute goal org.apache.maven.plugins:maven-compiler-plugin:2.3.2:testCompile (default-testCompile) on project guice-struts2: Compilation failure: Compilation failure: 
[ERROR] /guice/extensions/struts2/test/com/google/inject/struts2/Struts2FactoryTest.java:[19,46] error: package org.apache.struts2.dispatcher.ng.filter does not exist
[ERROR] /guice/extensions/struts2/test/com/google/inject/struts2/Struts2FactoryTest.java:[55,19] error: cannot find symbol
[ERROR]  class StrutsPrepareAndExecuteFilter
[ERROR] /guice/extensions/struts2/test/com/google/inject/struts2/Struts2FactoryTest.java:[57,35] error: cannot find symbol
----------------------------------------------------------------------------------------------------
C:\Users\Yogya\Documents\KTH\Breaking Updates\breaking-updates\reproductionLogs\successfulReproductionLogs\6d68d927b01ceb567f1067a91afbc97b4c5a66ce.log

[ERROR] Failed to execute goal org.apache.maven.plugins:maven-compiler-plugin:3.10.1:compile (default-compile) on project code-coverage-api-ui-tests: Compilation failure: Compilation failure: 
[ERROR] /code-coverage-api-plugin/ui-tests/src/main/java/io/jenkins/plugins/coverage/util/ChartUtil.java:[7,36] error: package com.gargoylesoftware.htmlunit does not exist
[ERROR] /code-coverage-api-plugin/ui-tests/src/main/java/io/jenkins/plugins/coverage/util/ChartUtil.java:[35,12] error: cannot find symbol
[ERROR]   symbol:   class ScriptResult
[ERROR]   location: class ChartUtil
[ERROR] /code-coverage-api-plugin/ui-tests/src/main/java/io/jenkins/plugins/coverage/util/ChartUtil.java:[35,44] error: cannot find symbol
[ERROR]   symbol:   class ScriptResult
[ERROR]   location: class ChartUtil
[ERROR] /code-coverage-api-plugin/ui-tests/src/main/java/io/jenkins/plugins/coverage/util/ChartUtil.java:[60,42] error: cannot find symbol
[ERROR]   symbol:   class ScriptResult
[ERROR]   location: class ChartUtil
----------------------------------------------------------------------------------------------------
C:\Users\Yogya\Documents\KTH\Breaking Updates\breaking-updates\reproductionLogs\successfulReproductionLogs\7d0e38fa9d6a9f96afdc0143fa44b4145e3555d8.log

[ERROR] Failed to execute goal org.apache.maven.plugins:maven-compiler-plugin:3.10.1:compile (default-compile) on project google-cloud-dns: Compilation failure: Compilation failure: 
[ERROR] /google-cloud-java/java-dns/src/main/java/com/google/cloud/dns/spi/v1/HttpDnsRpc.java:[211,9] method create in class com.google.api.services.dns.Dns.ManagedZones cannot be applied to given types;
[ERROR]   required: java.lang.String,java.lang.String,com.google.api.services.dns.model.ManagedZone
[ERROR]   found: java.lang.String,com.google.api.services.dns.model.ManagedZone
[ERROR]   reason: actual and formal argument lists differ in length
[ERROR] /google-cloud-java/java-dns/src/main/java/com/google/cloud/dns/spi/v1/HttpDnsRpc.java:[232,9] method get in class com.google.api.services.dns.Dns.ManagedZones cannot be applied to given types;
[ERROR]   required: java.lang.String,java.lang.String,java.lang.String
[ERROR]   found: java.lang.String,java.lang.String
[ERROR]   reason: actual and formal argument lists differ in length
[ERROR] /google-cloud-java/java-dns/src/main/java/com/google/cloud/dns/spi/v1/HttpDnsRpc.java:[249,9] method list in class com.google.api.services.dns.Dns.ManagedZones cannot be applied to given types;
[ERROR]   required: java.lang.String,java.lang.String
[ERROR]   found: java.lang.String
[ERROR]   reason: actual and formal argument lists differ in length
[ERROR] /google-cloud-java/java-dns/src/main/java/com/google/cloud/dns/spi/v1/HttpDnsRpc.java:[271,30] method delete in class com.google.api.services.dns.Dns.ManagedZones cannot be applied to given types;
[ERROR]   required: java.lang.String,java.lang.String,java.lang.String
[ERROR]   found: java.lang.String,java.lang.String
[ERROR]   reason: actual and formal argument lists differ in length
[ERROR] /google-cloud-java/java-dns/src/main/java/com/google/cloud/dns/spi/v1/HttpDnsRpc.java:[289,9] method list in class com.google.api.services.dns.Dns.ResourceRecordSets cannot be applied to given types;
[ERROR]   required: java.lang.String,java.lang.String,java.lang.String
[ERROR]   found: java.lang.String,java.lang.String
[ERROR]   reason: actual and formal argument lists differ in length
[ERROR] /google-cloud-java/java-dns/src/main/java/com/google/cloud/dns/spi/v1/HttpDnsRpc.java:[308,9] method get in class com.google.api.services.dns.Dns.Projects cannot be applied to given types;
[ERROR]   required: java.lang.String,java.lang.String
[ERROR]   found: java.lang.String
[ERROR]   reason: actual and formal argument lists differ in length
[ERROR] /google-cloud-java/java-dns/src/main/java/com/google/cloud/dns/spi/v1/HttpDnsRpc.java:[325,9] method create in class com.google.api.services.dns.Dns.Changes cannot be applied to given types;
[ERROR]   required: java.lang.String,java.lang.String,java.lang.String,com.google.api.services.dns.model.Change
[ERROR]   found: java.lang.String,java.lang.String,com.google.api.services.dns.model.Change
[ERROR]   reason: actual and formal argument lists differ in length
[ERROR] /google-cloud-java/java-dns/src/main/java/com/google/cloud/dns/spi/v1/HttpDnsRpc.java:[352,9] method get in class com.google.api.services.dns.Dns.Changes cannot be applied to given types;
[ERROR]   required: java.lang.String,java.lang.String,java.lang.String,java.lang.String
[ERROR]   found: java.lang.String,java.lang.String,java.lang.String
[ERROR]   reason: actual and formal argument lists differ in length
[ERROR] /google-cloud-java/java-dns/src/main/java/com/google/cloud/dns/spi/v1/HttpDnsRpc.java:[372,13] method list in class com.google.api.services.dns.Dns.Changes cannot be applied to given types;
[ERROR]   required: java.lang.String,java.lang.String,java.lang.String
[ERROR]   found: java.lang.String,java.lang.String
[ERROR]   reason: actual and formal argument lists differ in length
----------------------------------------------------------------------------------------------------
C:\Users\Yogya\Documents\KTH\Breaking Updates\breaking-updates\reproductionLogs\successfulReproductionLogs\7d97e1c7331f6722eb1d8192bf0a2686f5a33798.log

[ERROR] Failed to execute goal org.apache.maven.plugins:maven-compiler-plugin:3.10.1:testCompile (default-testCompile) on project jcabi-simpledb: Compilation failure
[ERROR] /jcabi-simpledb/src/test/java/com/jcabi/simpledb/RegionITCase.java:[33,25] cannot find symbol
[ERROR]   symbol:   class Tv
[ERROR]   location: package com.jcabi.aspects
----------------------------------------------------------------------------------------------------
C:\Users\Yogya\Documents\KTH\Breaking Updates\breaking-updates\reproductionLogs\successfulReproductionLogs\7e8c62e2bb21097e563747184636cf8e8934ce98.log

[ERROR] Failed to execute goal org.apache.maven.plugins:maven-compiler-plugin:3.10.1:compile (default-compile) on project code-coverage-api-ui-tests: Compilation failure: Compilation failure: 
[ERROR] /code-coverage-api-plugin/ui-tests/src/main/java/io/jenkins/plugins/coverage/util/ChartUtil.java:[7,36] error: package com.gargoylesoftware.htmlunit does not exist
[ERROR] /code-coverage-api-plugin/ui-tests/src/main/java/io/jenkins/plugins/coverage/util/ChartUtil.java:[35,12] error: cannot find symbol
[ERROR]   symbol:   class ScriptResult
[ERROR]   location: class ChartUtil
[ERROR] /code-coverage-api-plugin/ui-tests/src/main/java/io/jenkins/plugins/coverage/util/ChartUtil.java:[35,44] error: cannot find symbol
[ERROR]   symbol:   class ScriptResult
[ERROR]   location: class ChartUtil
[ERROR] /code-coverage-api-plugin/ui-tests/src/main/java/io/jenkins/plugins/coverage/util/ChartUtil.java:[60,42] error: cannot find symbol
[ERROR]   symbol:   class ScriptResult
[ERROR]   location: class ChartUtil
----------------------------------------------------------------------------------------------------
C:\Users\Yogya\Documents\KTH\Breaking Updates\breaking-updates\reproductionLogs\successfulReproductionLogs\7fb959ccb8c9b32bd6cbc9fc95ed70c4d9c85575.log

[ERROR] Failed to execute goal org.apache.maven.plugins:maven-compiler-plugin:3.10.1:compile (default-compile) on project jadler-jetty: Compilation failure: Compilation failure: 
[ERROR] /jadler/jadler-jetty/src/main/java/net/jadler/stubbing/server/jetty/JettyStubHttpServer.java:[12,35] error: package org.eclipse.jetty.server.nio does not exist
[ERROR] /jadler/jadler-jetty/src/main/java/net/jadler/stubbing/server/jetty/JadlerHandler.java:[25] error: JadlerHandler is not abstract and does not override abstract method handle(String,Request,HttpServletRequest,HttpServletResponse) in AbstractHandler
[ERROR] /jadler/jadler-jetty/src/main/java/net/jadler/stubbing/server/jetty/JadlerHandler.java:[39,4] error: method does not override or implement a method from a supertype
[ERROR] /jadler/jadler-jetty/src/main/java/net/jadler/stubbing/server/jetty/JettyStubHttpServer.java:[33,19] error: cannot find symbol
[ERROR]   symbol:   method setSendServerVersion(boolean)
[ERROR]   location: variable server of type Server
[ERROR] /jadler/jadler-jetty/src/main/java/net/jadler/stubbing/server/jetty/JettyStubHttpServer.java:[34,19] error: cannot find symbol
[ERROR]   symbol:   method setSendDateHeader(boolean)
[ERROR]   location: variable server of type Server
[ERROR] /jadler/jadler-jetty/src/main/java/net/jadler/stubbing/server/jetty/JettyStubHttpServer.java:[36,33] error: cannot find symbol
[ERROR]   symbol:   class SelectChannelConnector
[ERROR]   location: class JettyStubHttpServer
[ERROR] /jadler/jadler-jetty/src/main/java/net/jadler/stubbing/server/jetty/JettyStubHttpServer.java:[37,26] error: cannot find symbol
[ERROR]   symbol:   method setPort(int)
[ERROR]   location: variable httpConnector of type Connector
[ERROR] /jadler/jadler-jetty/src/main/java/net/jadler/stubbing/server/jetty/JettyStubHttpServer.java:[80,28] error: cannot find symbol
[ERROR]   symbol:   method getLocalPort()
[ERROR]   location: variable httpConnector of type Connector
----------------------------------------------------------------------------------------------------
C:\Users\Yogya\Documents\KTH\Breaking Updates\breaking-updates\reproductionLogs\successfulReproductionLogs\817b21c925b54630eccb58aacaad1f9f33bc6e83.log

[ERROR] Failed to execute goal org.apache.maven.plugins:maven-compiler-plugin:3.10.1:compile (default-compile) on project bitfinex-v2-wss-api: Compilation failure: Compilation failure: 
[ERROR] /bitfinex-v2-wss-api-java/src/main/java/com/github/jnidzwetzki/bitfinex/v2/WebsocketClientEndpoint.java:[20,23] package javax.websocket does not exist
[ERROR] /bitfinex-v2-wss-api-java/src/main/java/com/github/jnidzwetzki/bitfinex/v2/WebsocketClientEndpoint.java:[21,23] package javax.websocket does not exist
[ERROR] /bitfinex-v2-wss-api-java/src/main/java/com/github/jnidzwetzki/bitfinex/v2/WebsocketClientEndpoint.java:[22,35] package javax.websocket.CloseReason does not exist
[ERROR] /bitfinex-v2-wss-api-java/src/main/java/com/github/jnidzwetzki/bitfinex/v2/WebsocketClientEndpoint.java:[23,23] package javax.websocket does not exist
[ERROR] /bitfinex-v2-wss-api-java/src/main/java/com/github/jnidzwetzki/bitfinex/v2/WebsocketClientEndpoint.java:[24,23] package javax.websocket does not exist
[ERROR] /bitfinex-v2-wss-api-java/src/main/java/com/github/jnidzwetzki/bitfinex/v2/WebsocketClientEndpoint.java:[25,23] package javax.websocket does not exist
[ERROR] /bitfinex-v2-wss-api-java/src/main/java/com/github/jnidzwetzki/bitfinex/v2/WebsocketClientEndpoint.java:[26,23] package javax.websocket does not exist
[ERROR] /bitfinex-v2-wss-api-java/src/main/java/com/github/jnidzwetzki/bitfinex/v2/WebsocketClientEndpoint.java:[27,23] package javax.websocket does not exist
[ERROR] /bitfinex-v2-wss-api-java/src/main/java/com/github/jnidzwetzki/bitfinex/v2/WebsocketClientEndpoint.java:[28,23] package javax.websocket does not exist
[ERROR] /bitfinex-v2-wss-api-java/src/main/java/com/github/jnidzwetzki/bitfinex/v2/WebsocketClientEndpoint.java:[29,23] package javax.websocket does not exist
[ERROR] /bitfinex-v2-wss-api-java/src/main/java/com/github/jnidzwetzki/bitfinex/v2/WebsocketClientEndpoint.java:[30,23] package javax.websocket does not exist
[ERROR] /bitfinex-v2-wss-api-java/src/main/java/com/github/jnidzwetzki/bitfinex/v2/WebsocketClientEndpoint.java:[42,2] cannot find symbol
[ERROR]   symbol: class ClientEndpoint
[ERROR] /bitfinex-v2-wss-api-java/src/main/java/com/github/jnidzwetzki/bitfinex/v2/WebsocketClientEndpoint.java:[48,17] cannot find symbol
[ERROR]   symbol:   class Session
[ERROR]   location: class com.github.jnidzwetzki.bitfinex.v2.WebsocketClientEndpoint
[ERROR] /bitfinex-v2-wss-api-java/src/main/java/com/github/jnidzwetzki/bitfinex/v2/WebsocketClientEndpoint.java:[63,32] cannot find symbol
[ERROR]   symbol:   class CloseReason
[ERROR]   location: class com.github.jnidzwetzki.bitfinex.v2.WebsocketClientEndpoint
[ERROR] /bitfinex-v2-wss-api-java/src/main/java/com/github/jnidzwetzki/bitfinex/v2/WebsocketClientEndpoint.java:[80,77] cannot find symbol
[ERROR]   symbol:   class CloseReason
[ERROR]   location: class com.github.jnidzwetzki.bitfinex.v2.WebsocketClientEndpoint
[ERROR] /bitfinex-v2-wss-api-java/src/main/java/com/github/jnidzwetzki/bitfinex/v2/WebsocketClientEndpoint.java:[95,38] cannot find symbol
[ERROR]   symbol:   class DeploymentException
[ERROR]   location: class com.github.jnidzwetzki.bitfinex.v2.WebsocketClientEndpoint
[ERROR] /bitfinex-v2-wss-api-java/src/main/java/com/github/jnidzwetzki/bitfinex/v2/WebsocketClientEndpoint.java:[103,34] cannot find symbol
[ERROR]   symbol:   class Session
[ERROR]   location: class com.github.jnidzwetzki.bitfinex.v2.WebsocketClientEndpoint
[ERROR] /bitfinex-v2-wss-api-java/src/main/java/com/github/jnidzwetzki/bitfinex/v2/WebsocketClientEndpoint.java:[109,35] cannot find symbol
[ERROR]   symbol:   class Session
[ERROR]   location: class com.github.jnidzwetzki.bitfinex.v2.WebsocketClientEndpoint
[ERROR] /bitfinex-v2-wss-api-java/src/main/java/com/github/jnidzwetzki/bitfinex/v2/WebsocketClientEndpoint.java:[109,62] cannot find symbol
[ERROR]   symbol:   class CloseReason
[ERROR]   location: class com.github.jnidzwetzki.bitfinex.v2.WebsocketClientEndpoint
[ERROR] /bitfinex-v2-wss-api-java/src/main/java/com/github/jnidzwetzki/bitfinex/v2/WebsocketClientEndpoint.java:[121,31] cannot find symbol
[ERROR]   symbol:   class Session
[ERROR]   location: class com.github.jnidzwetzki.bitfinex.v2.WebsocketClientEndpoint
[ERROR] /bitfinex-v2-wss-api-java/src/main/java/com/github/jnidzwetzki/bitfinex/v2/WebsocketClientEndpoint.java:[102,10] cannot find symbol
[ERROR]   symbol:   class OnOpen
[ERROR]   location: class com.github.jnidzwetzki.bitfinex.v2.WebsocketClientEndpoint
[ERROR] /bitfinex-v2-wss-api-java/src/main/java/com/github/jnidzwetzki/bitfinex/v2/WebsocketClientEndpoint.java:[108,10] cannot find symbol
[ERROR]   symbol:   class OnClose
[ERROR]   location: class com.github.jnidzwetzki.bitfinex.v2.WebsocketClientEndpoint
[ERROR] /bitfinex-v2-wss-api-java/src/main/java/com/github/jnidzwetzki/bitfinex/v2/WebsocketClientEndpoint.java:[115,10] cannot find symbol
[ERROR]   symbol:   class OnMessage
[ERROR]   location: class com.github.jnidzwetzki.bitfinex.v2.WebsocketClientEndpoint
[ERROR] /bitfinex-v2-wss-api-java/src/main/java/com/github/jnidzwetzki/bitfinex/v2/WebsocketClientEndpoint.java:[120,10] cannot find symbol
[ERROR]   symbol:   class OnError
[ERROR]   location: class com.github.jnidzwetzki.bitfinex.v2.WebsocketClientEndpoint
----------------------------------------------------------------------------------------------------
C:\Users\Yogya\Documents\KTH\Breaking Updates\breaking-updates\reproductionLogs\successfulReproductionLogs\832e0f184efdad0fcf15d14cb7af5e30239ff454.log

[ERROR] Failed to execute goal org.apache.maven.plugins:maven-compiler-plugin:3.8.1:compile (default-compile) on project WorldwideChat: Compilation failure: Compilation failure: 
[ERROR] /WorldwideChat/src/main/java/com/expl0itz/worldwidechat/inventory/configuration/ConfigurationMessagesOverridePossibleListGUI.java:[72,114] cannot find symbol
[ERROR]   symbol:   method parseEnchantment()
[ERROR]   location: class com.cryptomorin.xseries.XEnchantment
[ERROR] /WorldwideChat/src/main/java/com/expl0itz/worldwidechat/inventory/WWCInventoryManager.java:[79,98] cannot find symbol
[ERROR]   symbol:   method parseEnchantment()
[ERROR]   location: class com.cryptomorin.xseries.XEnchantment
[ERROR] /WorldwideChat/src/main/java/com/expl0itz/worldwidechat/inventory/wwctranslategui/WWCTranslateGUIMainMenu.java:[86,105] cannot find symbol
[ERROR]   symbol:   method parseEnchantment()
[ERROR]   location: class com.cryptomorin.xseries.XEnchantment
[ERROR] /WorldwideChat/src/main/java/com/expl0itz/worldwidechat/inventory/wwctranslategui/WWCTranslateGUIMainMenu.java:[127,114] cannot find symbol
[ERROR]   symbol:   method parseEnchantment()
[ERROR]   location: class com.cryptomorin.xseries.XEnchantment
[ERROR] /WorldwideChat/src/main/java/com/expl0itz/worldwidechat/inventory/wwctranslategui/WWCTranslateGUIMainMenu.java:[149,114] cannot find symbol
[ERROR]   symbol:   method parseEnchantment()
[ERROR]   location: class com.cryptomorin.xseries.XEnchantment
[ERROR] /WorldwideChat/src/main/java/com/expl0itz/worldwidechat/inventory/wwctranslategui/WWCTranslateGUIMainMenu.java:[173,114] cannot find symbol
[ERROR]   symbol:   method parseEnchantment()
[ERROR]   location: class com.cryptomorin.xseries.XEnchantment
[ERROR] /WorldwideChat/src/main/java/com/expl0itz/worldwidechat/inventory/wwctranslategui/WWCTranslateGUIMainMenu.java:[196,114] cannot find symbol
[ERROR]   symbol:   method parseEnchantment()
[ERROR]   location: class com.cryptomorin.xseries.XEnchantment
[ERROR] /WorldwideChat/src/main/java/com/expl0itz/worldwidechat/inventory/wwctranslategui/WWCTranslateGUIMainMenu.java:[217,116] cannot find symbol
[ERROR]   symbol:   method parseEnchantment()
[ERROR]   location: class com.cryptomorin.xseries.XEnchantment
[ERROR] /WorldwideChat/src/main/java/com/expl0itz/worldwidechat/inventory/wwctranslategui/WWCTranslateGUIMainMenu.java:[241,114] cannot find symbol
[ERROR]   symbol:   method parseEnchantment()
[ERROR]   location: class com.cryptomorin.xseries.XEnchantment
[ERROR] /WorldwideChat/src/main/java/com/expl0itz/worldwidechat/inventory/wwctranslategui/WWCTranslateGUISourceLanguage.java:[73,113] cannot find symbol
[ERROR]   symbol:   method parseEnchantment()
[ERROR]   location: class com.cryptomorin.xseries.XEnchantment
[ERROR] /WorldwideChat/src/main/java/com/expl0itz/worldwidechat/inventory/wwctranslategui/WWCTranslateGUISourceLanguage.java:[76,113] cannot find symbol
[ERROR]   symbol:   method parseEnchantment()
[ERROR]   location: class com.cryptomorin.xseries.XEnchantment
[ERROR] /WorldwideChat/src/main/java/com/expl0itz/worldwidechat/inventory/wwctranslategui/WWCTranslateGUISourceLanguage.java:[122,112] cannot find symbol
[ERROR]   symbol:   method parseEnchantment()
[ERROR]   location: class com.cryptomorin.xseries.XEnchantment
[ERROR] /WorldwideChat/src/main/java/com/expl0itz/worldwidechat/inventory/wwctranslategui/WWCTranslateGUISourceLanguage.java:[125,112] cannot find symbol
[ERROR]   symbol:   method parseEnchantment()
[ERROR]   location: class com.cryptomorin.xseries.XEnchantment
[ERROR] /WorldwideChat/src/main/java/com/expl0itz/worldwidechat/inventory/wwctranslategui/WWCTranslateGUIChatMenu.java:[71,114] cannot find symbol
[ERROR]   symbol:   method parseEnchantment()
[ERROR]   location: class com.cryptomorin.xseries.XEnchantment
[ERROR] /WorldwideChat/src/main/java/com/expl0itz/worldwidechat/inventory/wwctranslategui/WWCTranslateGUIChatMenu.java:[93,106] cannot find symbol
[ERROR]   symbol:   method parseEnchantment()
[ERROR]   location: class com.cryptomorin.xseries.XEnchantment
[ERROR] /WorldwideChat/src/main/java/com/expl0itz/worldwidechat/inventory/wwctranslategui/WWCTranslateGUITargetLanguage.java:[81,113] cannot find symbol
[ERROR]   symbol:   method parseEnchantment()
[ERROR]   location: class com.cryptomorin.xseries.XEnchantment
----------------------------------------------------------------------------------------------------
C:\Users\Yogya\Documents\KTH\Breaking Updates\breaking-updates\reproductionLogs\successfulReproductionLogs\88a20ece4db960e35fbfa39fcb40e61daceb15b1.log

[ERROR] Failed to execute goal org.apache.maven.plugins:maven-compiler-plugin:3.10.1:compile (default-compile) on project pubsub-group-kafka-connector: Compilation failure: Compilation failure: 
[ERROR] /java-pubsub-group-kafka-connector/src/main/java/com/google/pubsublite/kafka/sink/PublisherFactoryImpl.java:[20,35] cannot find symbol
[ERROR]   symbol:   class PublishMetadata
[ERROR]   location: package com.google.cloud.pubsublite
[ERROR] /java-pubsub-group-kafka-connector/src/main/java/com/google/pubsublite/kafka/sink/PublisherFactory.java:[18,35] cannot find symbol
[ERROR]   symbol:   class PublishMetadata
[ERROR]   location: package com.google.cloud.pubsublite
[ERROR] /java-pubsub-group-kafka-connector/src/main/java/com/google/pubsublite/kafka/sink/PublisherFactoryImpl.java:[36,20] cannot find symbol
[ERROR]   symbol:   class PublishMetadata
[ERROR]   location: class com.google.pubsublite.kafka.sink.PublisherFactoryImpl
[ERROR] /java-pubsub-group-kafka-connector/src/main/java/com/google/pubsublite/kafka/sink/PublisherFactory.java:[24,13] cannot find symbol
[ERROR]   symbol:   class PublishMetadata
[ERROR]   location: interface com.google.pubsublite.kafka.sink.PublisherFactory
[ERROR] /java-pubsub-group-kafka-connector/src/main/java/com/google/pubsublite/kafka/sink/PubSubLiteSinkTask.java:[22,35] cannot find symbol
[ERROR]   symbol:   class PublishMetadata
[ERROR]   location: package com.google.cloud.pubsublite
[ERROR] /java-pubsub-group-kafka-connector/src/main/java/com/google/pubsublite/kafka/sink/PubSubLiteSinkTask.java:[43,31] cannot find symbol
[ERROR]   symbol:   class PublishMetadata
[ERROR]   location: class com.google.pubsublite.kafka.sink.PubSubLiteSinkTask
[ERROR] /java-pubsub-group-kafka-connector/src/main/java/com/google/pubsublite/kafka/sink/PublisherFactoryImpl.java:[48,12] incompatible types: com.google.cloud.pubsublite.internal.wire.PartitionPublisherFactory is not a functional interface
[ERROR]     multiple non-overriding abstract methods found in interface com.google.cloud.pubsublite.internal.wire.PartitionPublisherFactory
----------------------------------------------------------------------------------------------------
C:\Users\Yogya\Documents\KTH\Breaking Updates\breaking-updates\reproductionLogs\successfulReproductionLogs\8ab7a7214f9ac1d130b416fae7280cfda533a54f.log

[ERROR] Failed to execute goal org.apache.maven.plugins:maven-compiler-plugin:3.10.1:compile (default-compile) on project code-coverage-api-ui-tests: Compilation failure: Compilation failure: 
[ERROR] /code-coverage-api-plugin/ui-tests/src/main/java/io/jenkins/plugins/coverage/util/ChartUtil.java:[7,36] error: package com.gargoylesoftware.htmlunit does not exist
[ERROR] /code-coverage-api-plugin/ui-tests/src/main/java/io/jenkins/plugins/coverage/util/ChartUtil.java:[35,12] error: cannot find symbol
[ERROR]   symbol:   class ScriptResult
[ERROR]   location: class ChartUtil
[ERROR] /code-coverage-api-plugin/ui-tests/src/main/java/io/jenkins/plugins/coverage/util/ChartUtil.java:[35,44] error: cannot find symbol
[ERROR]   symbol:   class ScriptResult
[ERROR]   location: class ChartUtil
[ERROR] /code-coverage-api-plugin/ui-tests/src/main/java/io/jenkins/plugins/coverage/util/ChartUtil.java:[60,42] error: cannot find symbol
[ERROR]   symbol:   class ScriptResult
[ERROR]   location: class ChartUtil
----------------------------------------------------------------------------------------------------
C:\Users\Yogya\Documents\KTH\Breaking Updates\breaking-updates\reproductionLogs\successfulReproductionLogs\8e1f0f08eef839903067c7c11432117c4897d0cd.log

[ERROR] Failed to execute goal org.apache.maven.plugins:maven-compiler-plugin:3.10.1:compile (default-compile) on project jooq-meta-postgres-flyway: Compilation failure: Compilation failure: 
[ERROR] /jooq-meta-postgres-flyway/src/main/java/com/github/sabomichal/jooq/PostgresDDLDatabase.java:[12,16] cannot access org.jooq.DSLContext
[ERROR]   bad class file: /root/.m2/repository/org/jooq/jooq/3.17.0/jooq-3.17.0.jar(/org/jooq/DSLContext.class)
[ERROR]     class file has wrong version 61.0, should be 55.0
[ERROR]     Please remove or make sure it appears in the correct subdirectory of the classpath.
[ERROR] /jooq-meta-postgres-flyway/src/main/java/com/github/sabomichal/jooq/PostgresDDLDatabase.java:[13,16] cannot access org.jooq.SQLDialect
[ERROR]   bad class file: /root/.m2/repository/org/jooq/jooq/3.17.0/jooq-3.17.0.jar(/org/jooq/SQLDialect.class)
[ERROR]     class file has wrong version 61.0, should be 55.0
[ERROR]     Please remove or make sure it appears in the correct subdirectory of the classpath.
[ERROR] /jooq-meta-postgres-flyway/src/main/java/com/github/sabomichal/jooq/PostgresDDLDatabase.java:[14,26] cannot access org.jooq.exception.DataAccessException
[ERROR]   bad class file: /root/.m2/repository/org/jooq/jooq/3.17.0/jooq-3.17.0.jar(/org/jooq/exception/DataAccessException.class)
[ERROR]     class file has wrong version 61.0, should be 55.0
[ERROR]     Please remove or make sure it appears in the correct subdirectory of the classpath.
[ERROR] /jooq-meta-postgres-flyway/src/main/java/com/github/sabomichal/jooq/PostgresDDLDatabase.java:[15,21] cannot access org.jooq.impl.DSL
[ERROR]   bad class file: /root/.m2/repository/org/jooq/jooq/3.17.0/jooq-3.17.0.jar(/org/jooq/impl/DSL.class)
[ERROR]     class file has wrong version 61.0, should be 55.0
[ERROR]     Please remove or make sure it appears in the correct subdirectory of the classpath.
[ERROR] /jooq-meta-postgres-flyway/src/main/java/com/github/sabomichal/jooq/PostgresDDLDatabase.java:[16,30] cannot access org.jooq.meta.postgres.PostgresDatabase
[ERROR]   bad class file: /root/.m2/repository/org/jooq/jooq-meta/3.17.0/jooq-meta-3.17.0.jar(/org/jooq/meta/postgres/PostgresDatabase.class)
[ERROR]     class file has wrong version 61.0, should be 55.0
[ERROR]     Please remove or make sure it appears in the correct subdirectory of the classpath.
[ERROR] /jooq-meta-postgres-flyway/src/main/java/com/github/sabomichal/jooq/PostgresDDLDatabase.java:[17,22] cannot access org.jooq.tools.JooqLogger
[ERROR]   bad class file: /root/.m2/repository/org/jooq/jooq/3.17.0/jooq-3.17.0.jar(/org/jooq/tools/JooqLogger.class)
[ERROR]     class file has wrong version 61.0, should be 55.0
[ERROR]     Please remove or make sure it appears in the correct subdirectory of the classpath.
[ERROR] /jooq-meta-postgres-flyway/src/main/java/com/github/sabomichal/jooq/PostgresDDLDatabase.java:[18,27] cannot access org.jooq.tools.jdbc.JDBCUtils
[ERROR]   bad class file: /root/.m2/repository/org/jooq/jooq/3.17.0/jooq-3.17.0.jar(/org/jooq/tools/jdbc/JDBCUtils.class)
[ERROR]     class file has wrong version 61.0, should be 55.0
[ERROR]     Please remove or make sure it appears in the correct subdirectory of the classpath.
[ERROR] /jooq-meta-postgres-flyway/src/main/java/com/github/sabomichal/jooq/PostgresDDLDatabase.java:[23,29] cannot access org.jooq.tools.StringUtils
[ERROR]   bad class file: /root/.m2/repository/org/jooq/jooq/3.17.0/jooq-3.17.0.jar(/org/jooq/tools/StringUtils.class)
[ERROR]     class file has wrong version 61.0, should be 55.0
[ERROR]     Please remove or make sure it appears in the correct subdirectory of the classpath.
[ERROR] /jooq-meta-postgres-flyway/src/main/java/com/github/sabomichal/jooq/PostgresDDLDatabase.java:[23,1] static import only from classes and interfaces
[ERROR] /jooq-meta-postgres-flyway/src/main/java/com/github/sabomichal/jooq/PostgresDDLDatabase.java:[38,42] cannot find symbol
[ERROR]   symbol: class PostgresDatabase
[ERROR] /jooq-meta-postgres-flyway/src/main/java/com/github/sabomichal/jooq/PostgresDDLDatabase.java:[40,26] cannot find symbol
[ERROR]   symbol:   class JooqLogger
[ERROR]   location: class com.github.sabomichal.jooq.PostgresDDLDatabase
[ERROR] /jooq-meta-postgres-flyway/src/main/java/com/github/sabomichal/jooq/PostgresDDLDatabase.java:[49,15] cannot find symbol
[ERROR]   symbol:   class DSLContext
[ERROR]   location: class com.github.sabomichal.jooq.PostgresDDLDatabase
[ERROR] /jooq-meta-postgres-flyway/src/main/java/com/github/sabomichal/jooq/PostgresDDLDatabase.java:[40,43] cannot find symbol
[ERROR]   symbol:   variable JooqLogger
[ERROR]   location: class com.github.sabomichal.jooq.PostgresDDLDatabase
[ERROR] /jooq-meta-postgres-flyway/src/main/java/com/github/sabomichal/jooq/PostgresDDLDatabase.java:[48,5] method does not override or implement a method from a supertype
[ERROR] /jooq-meta-postgres-flyway/src/main/java/com/github/sabomichal/jooq/PostgresDDLDatabase.java:[50,40] cannot find symbol
[ERROR]   symbol:   variable SQLDialect
[ERROR]   location: class com.github.sabomichal.jooq.PostgresDDLDatabase
[ERROR] /jooq-meta-postgres-flyway/src/main/java/com/github/sabomichal/jooq/PostgresDDLDatabase.java:[50,16] cannot find symbol
[ERROR]   symbol:   variable DSL
[ERROR]   location: class com.github.sabomichal.jooq.PostgresDDLDatabase
[ERROR] /jooq-meta-postgres-flyway/src/main/java/com/github/sabomichal/jooq/PostgresDDLDatabase.java:[59,54] cannot find symbol
[ERROR]   symbol:   method getProperties()
[ERROR]   location: class com.github.sabomichal.jooq.PostgresDDLDatabase
[ERROR] /jooq-meta-postgres-flyway/src/main/java/com/github/sabomichal/jooq/PostgresDDLDatabase.java:[61,21] cannot find symbol
[ERROR]   symbol:   method isBlank(java.lang.String)
[ERROR]   location: class com.github.sabomichal.jooq.PostgresDDLDatabase
[ERROR] /jooq-meta-postgres-flyway/src/main/java/com/github/sabomichal/jooq/PostgresDDLDatabase.java:[78,44] cannot find symbol
[ERROR]   symbol:   method getProperties()
[ERROR]   location: class com.github.sabomichal.jooq.PostgresDDLDatabase
[ERROR] /jooq-meta-postgres-flyway/src/main/java/com/github/sabomichal/jooq/PostgresDDLDatabase.java:[79,21] cannot find symbol
[ERROR]   symbol:   method isBlank(java.lang.String)
[ERROR]   location: class com.github.sabomichal.jooq.PostgresDDLDatabase
[ERROR] /jooq-meta-postgres-flyway/src/main/java/com/github/sabomichal/jooq/PostgresDDLDatabase.java:[84,60] cannot find symbol
[ERROR]   symbol:   method getBasedir()
[ERROR]   location: class com.github.sabomichal.jooq.PostgresDDLDatabase
[ERROR] /jooq-meta-postgres-flyway/src/main/java/com/github/sabomichal/jooq/PostgresDDLDatabase.java:[88,47] cannot find symbol
[ERROR]   symbol:   method getProperties()
[ERROR]   location: class com.github.sabomichal.jooq.PostgresDDLDatabase
[ERROR] /jooq-meta-postgres-flyway/src/main/java/com/github/sabomichal/jooq/PostgresDDLDatabase.java:[89,21] cannot find symbol
[ERROR]   symbol:   method isBlank(java.lang.String)
[ERROR]   location: class com.github.sabomichal.jooq.PostgresDDLDatabase
[ERROR] /jooq-meta-postgres-flyway/src/main/java/com/github/sabomichal/jooq/PostgresDDLDatabase.java:[97,40] cannot find symbol
[ERROR]   symbol:   method getProperties()
[ERROR]   location: class com.github.sabomichal.jooq.PostgresDDLDatabase
[ERROR] /jooq-meta-postgres-flyway/src/main/java/com/github/sabomichal/jooq/PostgresDDLDatabase.java:[98,21] cannot find symbol
[ERROR]   symbol:   method isBlank(java.lang.String)
[ERROR]   location: class com.github.sabomichal.jooq.PostgresDDLDatabase
[ERROR] /jooq-meta-postgres-flyway/src/main/java/com/github/sabomichal/jooq/PostgresDDLDatabase.java:[109,17] cannot find symbol
[ERROR]   symbol:   method setConnection(java.sql.Connection)
[ERROR]   location: class com.github.sabomichal.jooq.PostgresDDLDatabase
[ERROR] /jooq-meta-postgres-flyway/src/main/java/com/github/sabomichal/jooq/PostgresDDLDatabase.java:[112,27] cannot find symbol
[ERROR]   symbol:   class DataAccessException
[ERROR]   location: class com.github.sabomichal.jooq.PostgresDDLDatabase
[ERROR] /jooq-meta-postgres-flyway/src/main/java/com/github/sabomichal/jooq/PostgresDDLDatabase.java:[118,5] method does not override or implement a method from a supertype
[ERROR] /jooq-meta-postgres-flyway/src/main/java/com/github/sabomichal/jooq/PostgresDDLDatabase.java:[120,9] cannot find symbol
[ERROR]   symbol:   variable JDBCUtils
[ERROR]   location: class com.github.sabomichal.jooq.PostgresDDLDatabase
[ERROR] /jooq-meta-postgres-flyway/src/main/java/com/github/sabomichal/jooq/PostgresDDLDatabase.java:[126,9] cannot find symbol
[ERROR]   symbol:   variable super
[ERROR]   location: class com.github.sabomichal.jooq.PostgresDDLDatabase
----------------------------------------------------------------------------------------------------
C:\Users\Yogya\Documents\KTH\Breaking Updates\breaking-updates\reproductionLogs\successfulReproductionLogs\8f757321e48d7ffb117cbc8fb13d316e23d0f58f.log

[ERROR] Failed to execute goal org.apache.maven.plugins:maven-compiler-plugin:3.10.1:compile (default-compile) on project nldi-services: Compilation failure: Compilation failure: 
[ERROR] /nldi-services/src/main/java/gov/usgs/owi/nldi/dao/BaseDao.java:[4,34] cannot access org.mybatis.spring.support.SqlSessionDaoSupport
[ERROR]   bad class file: /root/.m2/repository/org/mybatis/mybatis-spring/3.0.1/mybatis-spring-3.0.1.jar(/org/mybatis/spring/support/SqlSessionDaoSupport.class)
[ERROR]     class file has wrong version 61.0, should be 55.0
[ERROR]     Please remove or make sure it appears in the correct subdirectory of the classpath.
[ERROR] /nldi-services/src/main/java/gov/usgs/owi/nldi/dao/BaseDao.java:[8,39] cannot find symbol
[ERROR]   symbol: class SqlSessionDaoSupport
[ERROR] /nldi-services/src/main/java/gov/usgs/owi/nldi/springinit/MybatisConfig.java:[9,26] cannot access org.mybatis.spring.SqlSessionFactoryBean
[ERROR]   bad class file: /root/.m2/repository/org/mybatis/mybatis-spring/3.0.1/mybatis-spring-3.0.1.jar(/org/mybatis/spring/SqlSessionFactoryBean.class)
[ERROR]     class file has wrong version 61.0, should be 55.0
[ERROR]     Please remove or make sure it appears in the correct subdirectory of the classpath.
[ERROR] /nldi-services/src/main/java/gov/usgs/owi/nldi/springinit/MybatisConfig.java:[42,10] cannot find symbol
[ERROR]   symbol:   class SqlSessionFactoryBean
[ERROR]   location: class gov.usgs.owi.nldi.springinit.MybatisConfig
[ERROR] /nldi-services/src/main/java/gov/usgs/owi/nldi/dao/BaseDao.java:[27,15] cannot find symbol
[ERROR]   symbol:   method getClass()
[ERROR]   location: class gov.usgs.owi.nldi.dao.BaseDao
[ERROR] /nldi-services/src/main/java/gov/usgs/owi/nldi/dao/BaseDao.java:[28,5] cannot find symbol
[ERROR]   symbol:   method setSqlSessionFactory(org.apache.ibatis.session.SqlSessionFactory)
[ERROR]   location: class gov.usgs.owi.nldi.dao.BaseDao
[ERROR] /nldi-services/src/main/java/gov/usgs/owi/nldi/dao/NavigationDao.java:[33,12] cannot find symbol
[ERROR]   symbol:   method getSqlSession()
[ERROR]   location: class gov.usgs.owi.nldi.dao.NavigationDao
[ERROR] /nldi-services/src/main/java/gov/usgs/owi/nldi/dao/NavigationDao.java:[37,12] cannot find symbol
[ERROR]   symbol:   method getSqlSession()
[ERROR]   location: class gov.usgs.owi.nldi.dao.NavigationDao
[ERROR] /nldi-services/src/main/java/gov/usgs/owi/nldi/dao/NavigationDao.java:[53,5] cannot find symbol
[ERROR]   symbol:   method getSqlSession()
[ERROR]   location: class gov.usgs.owi.nldi.dao.NavigationDao
[ERROR] /nldi-services/src/main/java/gov/usgs/owi/nldi/springinit/MybatisConfig.java:[43,5] cannot find symbol
[ERROR]   symbol:   class SqlSessionFactoryBean
[ERROR]   location: class gov.usgs.owi.nldi.springinit.MybatisConfig
[ERROR] /nldi-services/src/main/java/gov/usgs/owi/nldi/springinit/MybatisConfig.java:[43,51] cannot find symbol
[ERROR]   symbol:   class SqlSessionFactoryBean
[ERROR]   location: class gov.usgs.owi.nldi.springinit.MybatisConfig
[ERROR] /nldi-services/src/main/java/gov/usgs/owi/nldi/dao/LogDao.java:[30,24] cannot find symbol
[ERROR]   symbol:   method getSqlSession()
[ERROR]   location: class gov.usgs.owi.nldi.dao.LogDao
[ERROR] /nldi-services/src/main/java/gov/usgs/owi/nldi/dao/LogDao.java:[34,17] cannot find symbol
[ERROR]   symbol:   method getSqlSession()
[ERROR]   location: class gov.usgs.owi.nldi.dao.LogDao
[ERROR] /nldi-services/src/main/java/gov/usgs/owi/nldi/dao/LookupDao.java:[50,35] cannot find symbol
[ERROR]   symbol:   method getSqlSession()
[ERROR]   location: class gov.usgs.owi.nldi.dao.LookupDao
[ERROR] /nldi-services/src/main/java/gov/usgs/owi/nldi/dao/LookupDao.java:[64,35] cannot find symbol
[ERROR]   symbol:   method getSqlSession()
[ERROR]   location: class gov.usgs.owi.nldi.dao.LookupDao
[ERROR] /nldi-services/src/main/java/gov/usgs/owi/nldi/dao/LookupDao.java:[80,29] cannot find symbol
[ERROR]   symbol:   method getSqlSession()
[ERROR]   location: class gov.usgs.owi.nldi.dao.LookupDao
[ERROR] /nldi-services/src/main/java/gov/usgs/owi/nldi/dao/LookupDao.java:[90,12] cannot find symbol
[ERROR]   symbol:   method getSqlSession()
[ERROR]   location: class gov.usgs.owi.nldi.dao.LookupDao
[ERROR] /nldi-services/src/main/java/gov/usgs/owi/nldi/dao/LookupDao.java:[99,14] cannot find symbol
[ERROR]   symbol:   method getSqlSession()
[ERROR]   location: class gov.usgs.owi.nldi.dao.LookupDao
[ERROR] /nldi-services/src/main/java/gov/usgs/owi/nldi/dao/LookupDao.java:[104,20] cannot find symbol
[ERROR]   symbol:   method getSqlSession()
[ERROR]   location: class gov.usgs.owi.nldi.dao.LookupDao
[ERROR] /nldi-services/src/main/java/gov/usgs/owi/nldi/dao/LookupDao.java:[119,29] cannot find symbol
[ERROR]   symbol:   method getSqlSession()
[ERROR]   location: class gov.usgs.owi.nldi.dao.LookupDao
[ERROR] /nldi-services/src/main/java/gov/usgs/owi/nldi/dao/LookupDao.java:[128,15] cannot find symbol
[ERROR]   symbol:   method getSqlSession()
[ERROR]   location: class gov.usgs.owi.nldi.dao.LookupDao
[ERROR] /nldi-services/src/main/java/gov/usgs/owi/nldi/dao/LookupDao.java:[144,35] cannot find symbol
[ERROR]   symbol:   method getSqlSession()
[ERROR]   location: class gov.usgs.owi.nldi.dao.LookupDao
[ERROR] /nldi-services/src/main/java/gov/usgs/owi/nldi/dao/LookupDao.java:[151,17] cannot find symbol
[ERROR]   symbol:   method getSqlSession()
[ERROR]   location: class gov.usgs.owi.nldi.dao.LookupDao
[ERROR] /nldi-services/src/main/java/gov/usgs/owi/nldi/dao/LookupDao.java:[167,35] cannot find symbol
[ERROR]   symbol:   method getSqlSession()
[ERROR]   location: class gov.usgs.owi.nldi.dao.LookupDao
[ERROR] /nldi-services/src/main/java/gov/usgs/owi/nldi/dao/LookupDao.java:[180,12] cannot find symbol
[ERROR]   symbol:   method getSqlSession()
[ERROR]   location: class gov.usgs.owi.nldi.dao.LookupDao
[ERROR] /nldi-services/src/main/java/gov/usgs/owi/nldi/dao/LookupDao.java:[187,12] cannot find symbol
[ERROR]   symbol:   method getSqlSession()
[ERROR]   location: class gov.usgs.owi.nldi.dao.LookupDao
[ERROR] /nldi-services/src/main/java/gov/usgs/owi/nldi/dao/LookupDao.java:[191,12] cannot find symbol
[ERROR]   symbol:   method getSqlSession()
[ERROR]   location: class gov.usgs.owi.nldi.dao.LookupDao
[ERROR] /nldi-services/src/main/java/gov/usgs/owi/nldi/dao/LookupDao.java:[202,12] cannot find symbol
[ERROR]   symbol:   method getSqlSession()
[ERROR]   location: class gov.usgs.owi.nldi.dao.LookupDao
[ERROR] /nldi-services/src/main/java/gov/usgs/owi/nldi/dao/LookupDao.java:[215,34] cannot find symbol
[ERROR]   symbol:   method getSqlSession()
[ERROR]   location: class gov.usgs.owi.nldi.dao.LookupDao
[ERROR] /nldi-services/src/main/java/gov/usgs/owi/nldi/dao/LookupDao.java:[232,34] cannot find symbol
[ERROR]   symbol:   method getSqlSession()
[ERROR]   location: class gov.usgs.owi.nldi.dao.LookupDao
[ERROR] /nldi-services/src/main/java/gov/usgs/owi/nldi/dao/LookupDao.java:[256,34] cannot find symbol
[ERROR]   symbol:   method getSqlSession()
[ERROR]   location: class gov.usgs.owi.nldi.dao.LookupDao
[ERROR] /nldi-services/src/main/java/gov/usgs/owi/nldi/dao/LookupDao.java:[275,12] cannot find symbol
[ERROR]   symbol:   method getSqlSession()
[ERROR]   location: class gov.usgs.owi.nldi.dao.LookupDao
[ERROR] /nldi-services/src/main/java/gov/usgs/owi/nldi/dao/StreamingDao.java:[26,17] cannot find symbol
[ERROR]   symbol:   method getSqlSession()
[ERROR]   location: class gov.usgs.owi.nldi.dao.StreamingDao
----------------------------------------------------------------------------------------------------
C:\Users\Yogya\Documents\KTH\Breaking Updates\breaking-updates\reproductionLogs\successfulReproductionLogs\8fbb6deb112102ef7507a8e68c5215e5f481d03b.log

[ERROR] Failed to execute goal org.apache.maven.plugins:maven-compiler-plugin:3.8.1:compile (default-compile) on project jadler-jetty: Compilation failure: Compilation failure: 
[ERROR] /jadler/jadler-jetty/src/main/java/net/jadler/stubbing/server/jetty/JettyStubHttpServer.java:[14,35] error: package org.eclipse.jetty.server.nio does not exist
[ERROR] /jadler/jadler-jetty/src/main/java/net/jadler/stubbing/server/jetty/JadlerHandler.java:[24] error: JadlerHandler is not abstract and does not override abstract method handle(String,Request,HttpServletRequest,HttpServletResponse) in AbstractHandler
[ERROR] /jadler/jadler-jetty/src/main/java/net/jadler/stubbing/server/jetty/JadlerHandler.java:[38,4] error: method does not override or implement a method from a supertype
[ERROR] /jadler/jadler-jetty/src/main/java/net/jadler/stubbing/server/jetty/JettyStubHttpServer.java:[33,19] error: cannot find symbol
[ERROR]   symbol:   method setSendServerVersion(boolean)
[ERROR]   location: variable server of type Server
[ERROR] /jadler/jadler-jetty/src/main/java/net/jadler/stubbing/server/jetty/JettyStubHttpServer.java:[34,19] error: cannot find symbol
[ERROR]   symbol:   method setSendDateHeader(boolean)
[ERROR]   location: variable server of type Server
[ERROR] /jadler/jadler-jetty/src/main/java/net/jadler/stubbing/server/jetty/JettyStubHttpServer.java:[36,33] error: cannot find symbol
[ERROR]   symbol:   class SelectChannelConnector
[ERROR]   location: class JettyStubHttpServer
[ERROR] /jadler/jadler-jetty/src/main/java/net/jadler/stubbing/server/jetty/JettyStubHttpServer.java:[37,26] error: cannot find symbol
[ERROR]   symbol:   method setPort(int)
[ERROR]   location: variable httpConnector of type Connector
[ERROR] /jadler/jadler-jetty/src/main/java/net/jadler/stubbing/server/jetty/JettyStubHttpServer.java:[80,28] error: cannot find symbol
[ERROR]   symbol:   method getLocalPort()
[ERROR]   location: variable httpConnector of type Connector
----------------------------------------------------------------------------------------------------
C:\Users\Yogya\Documents\KTH\Breaking Updates\breaking-updates\reproductionLogs\successfulReproductionLogs\923a6b2027e3ca1762deb6a60fc0a768c284122b.log

[ERROR] Failed to execute goal org.apache.maven.plugins:maven-compiler-plugin:3.8.1:compile (default-compile) on project jcabi-http: Compilation failure: Compilation failure: 
[ERROR] /jcabi-http/src/main/java/com/jcabi/http/mock/MkQueryMatchers.java:[34,20] cannot find symbol
[ERROR]   symbol:   class Matchers
[ERROR]   location: package org.hamcrest
[ERROR] /jcabi-http/src/main/java/com/jcabi/http/response/RestResponse.java:[48,20] cannot find symbol
[ERROR]   symbol:   class Matchers
[ERROR]   location: package org.hamcrest
----------------------------------------------------------------------------------------------------
C:\Users\Yogya\Documents\KTH\Breaking Updates\breaking-updates\reproductionLogs\successfulReproductionLogs\95b2c15de16fd9fd612ce73672e29b613ce7a909.log

[ERROR] Failed to execute goal org.apache.maven.plugins:maven-compiler-plugin:3.10.1:compile (default-compile) on project jadler-jetty: Compilation failure: Compilation failure: 
[ERROR] /jadler/jadler-jetty/src/main/java/net/jadler/stubbing/server/jetty/JettyStubHttpServer.java:[12,35] error: package org.eclipse.jetty.server.nio does not exist
[ERROR] /jadler/jadler-jetty/src/main/java/net/jadler/stubbing/server/jetty/JadlerHandler.java:[25] error: JadlerHandler is not abstract and does not override abstract method handle(String,Request,HttpServletRequest,HttpServletResponse) in AbstractHandler
[ERROR] /jadler/jadler-jetty/src/main/java/net/jadler/stubbing/server/jetty/JadlerHandler.java:[39,4] error: method does not override or implement a method from a supertype
[ERROR] /jadler/jadler-jetty/src/main/java/net/jadler/stubbing/server/jetty/JettyStubHttpServer.java:[33,19] error: cannot find symbol
[ERROR]   symbol:   method setSendServerVersion(boolean)
[ERROR]   location: variable server of type Server
[ERROR] /jadler/jadler-jetty/src/main/java/net/jadler/stubbing/server/jetty/JettyStubHttpServer.java:[34,19] error: cannot find symbol
[ERROR]   symbol:   method setSendDateHeader(boolean)
[ERROR]   location: variable server of type Server
[ERROR] /jadler/jadler-jetty/src/main/java/net/jadler/stubbing/server/jetty/JettyStubHttpServer.java:[36,33] error: cannot find symbol
[ERROR]   symbol:   class SelectChannelConnector
[ERROR]   location: class JettyStubHttpServer
[ERROR] /jadler/jadler-jetty/src/main/java/net/jadler/stubbing/server/jetty/JettyStubHttpServer.java:[37,26] error: cannot find symbol
[ERROR]   symbol:   method setPort(int)
[ERROR]   location: variable httpConnector of type Connector
[ERROR] /jadler/jadler-jetty/src/main/java/net/jadler/stubbing/server/jetty/JettyStubHttpServer.java:[80,28] error: cannot find symbol
[ERROR]   symbol:   method getLocalPort()
[ERROR]   location: variable httpConnector of type Connector
----------------------------------------------------------------------------------------------------
C:\Users\Yogya\Documents\KTH\Breaking Updates\breaking-updates\reproductionLogs\successfulReproductionLogs\9717e34bcda74bd9ad94f6a52ddfd3fd179ea15b.log

[ERROR] Failed to execute goal org.apache.maven.plugins:maven-compiler-plugin:3.10.1:compile (default-compile) on project jcabi-github: Compilation failure
[ERROR] /jcabi-github/src/main/java/com/jcabi/github/mock/MkGithub.java:[34,25] cannot find symbol
[ERROR]   symbol:   class Tv
[ERROR]   location: package com.jcabi.aspects
----------------------------------------------------------------------------------------------------
C:\Users\Yogya\Documents\KTH\Breaking Updates\breaking-updates\reproductionLogs\successfulReproductionLogs\979d6237a50840cd925cc1a33c415ffbbbc42846.log

[ERROR] Failed to execute goal org.apache.maven.plugins:maven-compiler-plugin:2.3.2:testCompile (default-testCompile) on project guice-struts2: Compilation failure: Compilation failure: 
[ERROR] /guice/extensions/struts2/test/com/google/inject/struts2/Struts2FactoryTest.java:[19,46] error: package org.apache.struts2.dispatcher.ng.filter does not exist
[ERROR] /guice/extensions/struts2/test/com/google/inject/struts2/Struts2FactoryTest.java:[55,19] error: cannot find symbol
[ERROR]  class StrutsPrepareAndExecuteFilter
[ERROR] /guice/extensions/struts2/test/com/google/inject/struts2/Struts2FactoryTest.java:[57,35] error: cannot find symbol
----------------------------------------------------------------------------------------------------
C:\Users\Yogya\Documents\KTH\Breaking Updates\breaking-updates\reproductionLogs\successfulReproductionLogs\9da8825fbdb24922b94be9eb82eefc73640d8f6b.log

[ERROR] Failed to execute goal org.apache.maven.plugins:maven-compiler-plugin:3.10.1:compile (default-compile) on project OH-core: Compilation failure: Compilation failure: 
[ERROR] /openhospital-core/src/main/java/org/isf/priceslist/service/PriceIoOperationRepository.java:[27,47] cannot access org.springframework.data.jpa.repository.JpaRepository
[ERROR]   bad class file: /root/.m2/repository/org/springframework/data/spring-data-jpa/3.0.0/spring-data-jpa-3.0.0.jar(/org/springframework/data/jpa/repository/JpaRepository.class)
[ERROR]     class file has wrong version 60.0, should be 55.0
[ERROR]     Please remove or make sure it appears in the correct subdirectory of the classpath.
[ERROR] /openhospital-core/src/main/java/org/isf/priceslist/service/PriceIoOperationRepository.java:[28,47] cannot access org.springframework.data.jpa.repository.Modifying
[ERROR]   bad class file: /root/.m2/repository/org/springframework/data/spring-data-jpa/3.0.0/spring-data-jpa-3.0.0.jar(/org/springframework/data/jpa/repository/Modifying.class)
[ERROR]     class file has wrong version 60.0, should be 55.0
[ERROR]     Please remove or make sure it appears in the correct subdirectory of the classpath.
[ERROR] /openhospital-core/src/main/java/org/isf/priceslist/service/PriceIoOperationRepository.java:[29,47] cannot access org.springframework.data.jpa.repository.Query
[ERROR]   bad class file: /root/.m2/repository/org/springframework/data/spring-data-jpa/3.0.0/spring-data-jpa-3.0.0.jar(/org/springframework/data/jpa/repository/Query.class)
[ERROR]     class file has wrong version 60.0, should be 55.0
[ERROR]     Please remove or make sure it appears in the correct subdirectory of the classpath.
[ERROR] /openhospital-core/src/main/java/org/isf/priceslist/service/PriceIoOperationRepository.java:[30,49] cannot access org.springframework.data.repository.query.Param
[ERROR]   bad class file: /root/.m2/repository/org/springframework/data/spring-data-commons/3.0.0/spring-data-commons-3.0.0.jar(/org/springframework/data/repository/query/Param.class)
[ERROR]     class file has wrong version 61.0, should be 55.0
[ERROR]     Please remove or make sure it appears in the correct subdirectory of the classpath.
[ERROR] /openhospital-core/src/main/java/org/isf/priceslist/service/PriceIoOperationRepository.java:[34,53] cannot find symbol
[ERROR]   symbol: class JpaRepository
[ERROR] /openhospital-core/src/main/java/org/isf/priceslist/model/Price.java:[38,51] cannot access org.springframework.data.jpa.domain.support.AuditingEntityListener
[ERROR]   bad class file: /root/.m2/repository/org/springframework/data/spring-data-jpa/3.0.0/spring-data-jpa-3.0.0.jar(/org/springframework/data/jpa/domain/support/AuditingEntityListener.class)
[ERROR]     class file has wrong version 60.0, should be 55.0
[ERROR]     Please remove or make sure it appears in the correct subdirectory of the classpath.
[ERROR] /openhospital-core/src/main/java/org/isf/utils/db/Auditable.java:[31,43] cannot access org.springframework.data.annotation.CreatedBy
[ERROR]   bad class file: /root/.m2/repository/org/springframework/data/spring-data-commons/3.0.0/spring-data-commons-3.0.0.jar(/org/springframework/data/annotation/CreatedBy.class)
[ERROR]     class file has wrong version 61.0, should be 55.0
[ERROR]     Please remove or make sure it appears in the correct subdirectory of the classpath.
[ERROR] /openhospital-core/src/main/java/org/isf/utils/db/Auditable.java:[32,43] cannot access org.springframework.data.annotation.CreatedDate
[ERROR]   bad class file: /root/.m2/repository/org/springframework/data/spring-data-commons/3.0.0/spring-data-commons-3.0.0.jar(/org/springframework/data/annotation/CreatedDate.class)
[ERROR]     class file has wrong version 61.0, should be 55.0
[ERROR]     Please remove or make sure it appears in the correct subdirectory of the classpath.
[ERROR] /openhospital-core/src/main/java/org/isf/utils/db/Auditable.java:[33,43] cannot access org.springframework.data.annotation.LastModifiedBy
[ERROR]   bad class file: /root/.m2/repository/org/springframework/data/spring-data-commons/3.0.0/spring-data-commons-3.0.0.jar(/org/springframework/data/annotation/LastModifiedBy.class)
[ERROR]     class file has wrong version 61.0, should be 55.0
[ERROR]     Please remove or make sure it appears in the correct subdirectory of the classpath.
[ERROR] /openhospital-core/src/main/java/org/isf/utils/db/Auditable.java:[34,43] cannot access org.springframework.data.annotation.LastModifiedDate
[ERROR]   bad class file: /root/.m2/repository/org/springframework/data/spring-data-commons/3.0.0/spring-data-commons-3.0.0.jar(/org/springframework/data/annotation/LastModifiedDate.class)
[ERROR]     class file has wrong version 61.0, should be 55.0
[ERROR]     Please remove or make sure it appears in the correct subdirectory of the classpath.
[ERROR] /openhospital-core/src/main/java/org/isf/distype/service/DiseaseTypeIoOperationRepository.java:[31,59] cannot find symbol
[ERROR]   symbol: class JpaRepository
[ERROR] /openhospital-core/src/main/java/org/isf/supplier/service/SupplierIoOperationRepository.java:[32,56] cannot find symbol
[ERROR]   symbol: class JpaRepository
[ERROR] /openhospital-core/src/main/java/org/isf/patvac/service/PatVacIoOperationRepository.java:[34,54] cannot find symbol
[ERROR]   symbol: class JpaRepository
[ERROR] /openhospital-core/src/main/java/org/isf/menu/service/UserIoOperationRepository.java:[35,52] cannot find symbol
[ERROR]   symbol: class JpaRepository
[ERROR] /openhospital-core/src/main/java/org/isf/menu/service/UserGroupIoOperationRepository.java:[34,57] cannot find symbol
[ERROR]   symbol: class JpaRepository
[ERROR] /openhospital-core/src/main/java/org/isf/menu/service/UserMenuItemIoOperationRepository.java:[33,60] cannot find symbol
[ERROR]   symbol: class JpaRepository
[ERROR] /openhospital-core/src/main/java/org/isf/menu/service/GroupMenuIoOperationRepository.java:[32,57] cannot find symbol
[ERROR]   symbol: class JpaRepository
[ERROR] /openhospital-core/src/main/java/org/isf/medicals/service/MedicalsIoOperationRepository.java:[33,56] cannot find symbol
[ERROR]   symbol: class JpaRepository
[ERROR] /openhospital-core/src/main/java/org/isf/medicalstock/service/MovementIoOperationRepository.java:[35,56] cannot find symbol
[ERROR]   symbol: class JpaRepository
[ERROR] /openhospital-core/src/main/java/org/isf/medicalstock/service/LotIoOperationRepository.java:[34,51] cannot find symbol
[ERROR]   symbol: class JpaRepository
[ERROR] /openhospital-core/src/main/java/org/isf/medicalstockward/service/MedicalStockWardIoOperationRepository.java:[35,64] cannot find symbol
[ERROR]   symbol: class JpaRepository
[ERROR] /openhospital-core/src/main/java/org/isf/patient/service/PatientIoOperationRepository.java:[28,39] cannot access org.springframework.data.domain.Pageable
[ERROR]   bad class file: /root/.m2/repository/org/springframework/data/spring-data-commons/3.0.0/spring-data-commons-3.0.0.jar(/org/springframework/data/domain/Pageable.class)
[ERROR]     class file has wrong version 61.0, should be 55.0
[ERROR]     Please remove or make sure it appears in the correct subdirectory of the classpath.
[ERROR] /openhospital-core/src/main/java/org/isf/patient/service/PatientIoOperationRepository.java:[36,55] cannot find symbol
[ERROR]   symbol: class JpaRepository
[ERROR] /openhospital-core/src/main/java/org/isf/patient/service/PatientIoOperationRepository.java:[40,91] cannot find symbol
[ERROR]   symbol:   class Pageable
[ERROR]   location: interface org.isf.patient.service.PatientIoOperationRepository
[ERROR] /openhospital-core/src/main/java/org/isf/accounting/service/AccountingBillIoOperationRepository.java:[35,62] cannot find symbol
[ERROR]   symbol: class JpaRepository
[ERROR] /openhospital-core/src/main/java/org/isf/dlvrtype/service/DeliveryTypeIoOperationRepository.java:[29,60] cannot find symbol
[ERROR]   symbol: class JpaRepository
[ERROR] /openhospital-core/src/main/java/org/isf/medstockmovtype/service/MedicalStockMovementTypeIoOperationRepository.java:[31,72] cannot find symbol
[ERROR]   symbol: class JpaRepository
[ERROR] /openhospital-core/src/main/java/org/isf/operation/service/OperationRowIoOperationRepository.java:[36,60] cannot find symbol
[ERROR]   symbol: class JpaRepository
[ERROR] /openhospital-core/src/main/java/org/isf/exa/service/ExamIoOperationRepository.java:[31,52] cannot find symbol
[ERROR]   symbol: class JpaRepository
[ERROR] /openhospital-core/src/main/java/org/isf/exa/service/ExamRowIoOperationRepository.java:[32,55] cannot find symbol
[ERROR]   symbol: class JpaRepository
[ERROR] /openhospital-core/src/main/java/org/isf/exatype/service/ExamTypeIoOperationRepository.java:[31,56] cannot find symbol
[ERROR]   symbol: class JpaRepository
[ERROR] /openhospital-core/src/main/java/org/isf/ward/service/WardIoOperationRepository.java:[32,52] cannot find symbol
[ERROR]   symbol: class JpaRepository
[ERROR] /openhospital-core/src/main/java/org/isf/admission/service/AdmissionIoOperationRepository.java:[34,57] cannot find symbol
[ERROR]   symbol: class JpaRepository
[ERROR] /openhospital-core/src/main/java/org/isf/admtype/service/AdmissionTypeIoOperationRepository.java:[31,61] cannot find symbol
[ERROR]   symbol: class JpaRepository
[ERROR] /openhospital-core/src/main/java/org/isf/disctype/service/DischargeTypeIoOperationRepository.java:[31,61] cannot find symbol
[ERROR]   symbol: class JpaRepository
[ERROR] /openhospital-core/src/main/java/org/isf/medtype/service/MedicalTypeIoOperationRepository.java:[31,59] cannot find symbol
[ERROR]   symbol: class JpaRepository
[ERROR] /openhospital-core/src/main/java/org/isf/pricesothers/service/PriceOthersIoOperationRepository.java:[31,59] cannot find symbol
[ERROR]   symbol: class JpaRepository
[ERROR] /openhospital-core/src/main/java/org/isf/opetype/service/OperationTypeIoOperationRepository.java:[31,61] cannot find symbol
[ERROR]   symbol: class JpaRepository
[ERROR] /openhospital-core/src/main/java/org/isf/pregtreattype/service/PregnantTreatmentTypeIoOperationRepository.java:[31,69] cannot find symbol
[ERROR]   symbol: class JpaRepository
[ERROR] /openhospital-core/src/main/java/org/isf/opd/service/OpdIoOperationRepository.java:[33,51] cannot find symbol
[ERROR]   symbol: class JpaRepository
[ERROR] /openhospital-core/src/main/java/org/isf/dicomtype/service/DicomTypeIoOperationRepository.java:[31,57] cannot find symbol
[ERROR]   symbol: class JpaRepository
[ERROR] /openhospital-core/src/main/java/org/isf/utils/db/JpaConfig.java:[26,39] cannot access org.springframework.data.domain.AuditorAware
[ERROR]   bad class file: /root/.m2/repository/org/springframework/data/spring-data-commons/3.0.0/spring-data-commons-3.0.0.jar(/org/springframework/data/domain/AuditorAware.class)
[ERROR]     class file has wrong version 61.0, should be 55.0
[ERROR]     Please remove or make sure it appears in the correct subdirectory of the classpath.
[ERROR] /openhospital-core/src/main/java/org/isf/utils/db/JpaConfig.java:[27,54] cannot access org.springframework.data.jpa.repository.config.EnableJpaAuditing
[ERROR]   bad class file: /root/.m2/repository/org/springframework/data/spring-data-jpa/3.0.0/spring-data-jpa-3.0.0.jar(/org/springframework/data/jpa/repository/config/EnableJpaAuditing.class)
[ERROR]     class file has wrong version 60.0, should be 55.0
[ERROR]     Please remove or make sure it appears in the correct subdirectory of the classpath.
[ERROR] /openhospital-core/src/main/java/org/isf/utils/db/JpaConfig.java:[33,2] cannot find symbol
[ERROR]   symbol: class EnableJpaAuditing
[ERROR] /openhospital-core/src/main/java/org/isf/utils/db/JpaConfig.java:[37,12] cannot find symbol
[ERROR]   symbol:   class AuditorAware
[ERROR]   location: class org.isf.utils.db.JpaConfig
[ERROR] /openhospital-core/src/main/java/org/isf/medicalstockward/service/MovementWardIoOperationRepository.java:[34,60] cannot find symbol
[ERROR]   symbol: class JpaRepository
[ERROR] /openhospital-core/src/main/java/org/isf/lab/service/LabRowIoOperationRepository.java:[30,54] cannot find symbol
[ERROR]   symbol: class JpaRepository
[ERROR] /openhospital-core/src/main/java/org/isf/sms/service/SmsIoOperationRepository.java:[31,51] cannot find symbol
[ERROR]   symbol: class JpaRepository
[ERROR] /openhospital-core/src/main/java/org/isf/disease/service/DiseaseIoOperationRepository.java:[33,55] cannot find symbol
[ERROR]   symbol: class JpaRepository
[ERROR] /openhospital-core/src/main/java/org/isf/examination/service/ExaminationOperations.java:[31,39] cannot access org.springframework.data.domain.PageRequest
[ERROR]   bad class file: /root/.m2/repository/org/springframework/data/spring-data-commons/3.0.0/spring-data-commons-3.0.0.jar(/org/springframework/data/domain/PageRequest.class)
[ERROR]     class file has wrong version 61.0, should be 55.0
[ERROR]     Please remove or make sure it appears in the correct subdirectory of the classpath.
[ERROR] /openhospital-core/src/main/java/org/isf/examination/service/ExaminationIoOperationRepository.java:[27,39] cannot access org.springframework.data.domain.Page
[ERROR]   bad class file: /root/.m2/repository/org/springframework/data/spring-data-commons/3.0.0/spring-data-commons-3.0.0.jar(/org/springframework/data/domain/Page.class)
[ERROR]     class file has wrong version 61.0, should be 55.0
[ERROR]     Please remove or make sure it appears in the correct subdirectory of the classpath.
[ERROR] /openhospital-core/src/main/java/org/isf/examination/service/ExaminationIoOperationRepository.java:[35,59] cannot find symbol
[ERROR]   symbol: class JpaRepository
[ERROR] /openhospital-core/src/main/java/org/isf/examination/service/ExaminationIoOperationRepository.java:[41,110] cannot find symbol
[ERROR]   symbol:   class Pageable
[ERROR]   location: interface org.isf.examination.service.ExaminationIoOperationRepository
[ERROR] /openhospital-core/src/main/java/org/isf/examination/service/ExaminationIoOperationRepository.java:[41,9] cannot find symbol
[ERROR]   symbol:   class Page
[ERROR]   location: interface org.isf.examination.service.ExaminationIoOperationRepository
[ERROR] /openhospital-core/src/main/java/org/isf/therapy/service/TherapyIoOperationRepository.java:[32,55] cannot find symbol
[ERROR]   symbol: class JpaRepository
[ERROR] /openhospital-core/src/main/java/org/isf/visits/service/VisitsIoOperationRepository.java:[34,54] cannot find symbol
[ERROR]   symbol: class JpaRepository
[ERROR] /openhospital-core/src/main/java/org/isf/accounting/service/AccountingBillPaymentIoOperationRepository.java:[37,69] cannot find symbol
[ERROR]   symbol: class JpaRepository
[ERROR] /openhospital-core/src/main/java/org/isf/accounting/service/AccountingBillItemsIoOperationRepository.java:[34,67] cannot find symbol
[ERROR]   symbol: class JpaRepository
[ERROR] /openhospital-core/src/main/java/org/isf/hospital/service/HospitalIoOperationRepository.java:[30,56] cannot find symbol
[ERROR]   symbol: class JpaRepository
[ERROR] /openhospital-core/src/main/java/org/isf/agetype/service/AgeTypeIoOperationRepository.java:[31,55] cannot find symbol
[ERROR]   symbol: class JpaRepository
[ERROR] /openhospital-core/src/main/java/org/isf/malnutrition/service/MalnutritionIoOperationRepository.java:[33,60] cannot find symbol
[ERROR]   symbol: class JpaRepository
[ERROR] /openhospital-core/src/main/java/org/isf/dicom/service/DicomIoOperationRepository.java:[34,53] cannot find symbol
[ERROR]   symbol: class JpaRepository
[ERROR] /openhospital-core/src/main/java/org/isf/dlvrrestype/service/DeliveryResultIoOperationRepository.java:[31,62] cannot find symbol
[ERROR]   symbol: class JpaRepository
[ERROR] /openhospital-core/src/main/java/org/isf/vaccine/service/VaccineIoOperationRepository.java:[31,55] cannot find symbol
[ERROR]   symbol: class JpaRepository
[ERROR] /openhospital-core/src/main/java/org/isf/vactype/service/VaccineTypeIoOperationRepository.java:[31,59] cannot find symbol
[ERROR]   symbol: class JpaRepository
[ERROR] /openhospital-core/src/main/java/org/isf/patient/service/PatientIoOperations.java:[94,42] cannot find symbol
[ERROR]   symbol:   class Pageable
[ERROR]   location: class org.isf.patient.service.PatientIoOperations
[ERROR] /openhospital-core/src/main/java/org/isf/operation/service/OperationIoOperationRepository.java:[31,57] cannot find symbol
[ERROR]   symbol: class JpaRepository
[ERROR] /openhospital-core/src/main/java/org/isf/priceslist/service/PricesListIoOperationRepository.java:[32,58] cannot find symbol
[ERROR]   symbol: class JpaRepository
[ERROR] /openhospital-core/src/main/java/org/isf/lab/service/LabIoOperationRepository.java:[30,51] cannot find symbol
[ERROR]   symbol: class JpaRepository
[ERROR] /openhospital-core/src/main/java/org/isf/utils/db/AuditorAwareImpl.java:[32,42] cannot find symbol
[ERROR]   symbol: class AuditorAware
[ERROR] /openhospital-core/src/main/java/org/isf/priceslist/model/Price.java:[51,18] cannot find symbol
[ERROR]   symbol: class AuditingEntityListener
[ERROR] /openhospital-core/src/main/java/org/isf/utils/db/Auditable.java:[41,18] cannot find symbol
[ERROR]   symbol: class AuditingEntityListener
[ERROR] /openhospital-core/src/main/java/org/isf/priceslist/service/PriceIoOperationRepository.java:[42,30] cannot find symbol
[ERROR]   symbol:   class Param
[ERROR]   location: interface org.isf.priceslist.service.PriceIoOperationRepository
[ERROR] /openhospital-core/src/main/java/org/isf/priceslist/service/PriceIoOperationRepository.java:[40,10] cannot find symbol
[ERROR]   symbol:   class Modifying
[ERROR]   location: interface org.isf.priceslist.service.PriceIoOperationRepository
[ERROR] /openhospital-core/src/main/java/org/isf/priceslist/service/PriceIoOperationRepository.java:[41,10] cannot find symbol
[ERROR]   symbol:   class Query
[ERROR]   location: interface org.isf.priceslist.service.PriceIoOperationRepository
[ERROR] /openhospital-core/src/main/java/org/isf/priceslist/model/PriceList.java:[49,18] cannot find symbol
[ERROR]   symbol: class AuditingEntityListener
[ERROR] /openhospital-core/src/main/java/org/isf/utils/db/Auditable.java:[44,6] cannot find symbol
[ERROR]   symbol:   class CreatedBy
[ERROR]   location: class org.isf.utils.db.Auditable<U>
[ERROR] /openhospital-core/src/main/java/org/isf/utils/db/Auditable.java:[48,6] cannot find symbol
[ERROR]   symbol:   class CreatedDate
[ERROR]   location: class org.isf.utils.db.Auditable<U>
[ERROR] /openhospital-core/src/main/java/org/isf/utils/db/Auditable.java:[52,6] cannot find symbol
[ERROR]   symbol:   class LastModifiedBy
[ERROR]   location: class org.isf.utils.db.Auditable<U>
[ERROR] /openhospital-core/src/main/java/org/isf/utils/db/Auditable.java:[56,6] cannot find symbol
[ERROR]   symbol:   class LastModifiedDate
[ERROR]   location: class org.isf.utils.db.Auditable<U>
[ERROR] /openhospital-core/src/main/java/org/isf/distype/model/DiseaseType.java:[47,18] cannot find symbol
[ERROR]   symbol: class AuditingEntityListener
[ERROR] /openhospital-core/src/main/java/org/isf/supplier/model/Supplier.java:[43,18] cannot find symbol
[ERROR]   symbol: class AuditingEntityListener
[ERROR] /openhospital-core/src/main/java/org/isf/supplier/service/SupplierIoOperationRepository.java:[34,6] cannot find symbol
[ERROR]   symbol:   class Query
[ERROR]   location: interface org.isf.supplier.service.SupplierIoOperationRepository
[ERROR] /openhospital-core/src/main/java/org/isf/patvac/model/PatientVaccine.java:[56,18] cannot find symbol
[ERROR]   symbol: class AuditingEntityListener
[ERROR] /openhospital-core/src/main/java/org/isf/patvac/service/PatVacIoOperationRepository.java:[36,10] cannot find symbol
[ERROR]   symbol:   class Query
[ERROR]   location: interface org.isf.patvac.service.PatVacIoOperationRepository
[ERROR] /openhospital-core/src/main/java/org/isf/patvac/service/PatVacIoOperationRepository.java:[40,46] cannot find symbol
[ERROR]   symbol:   class Param
[ERROR]   location: interface org.isf.patvac.service.PatVacIoOperationRepository
[ERROR] /openhospital-core/src/main/java/org/isf/patvac/service/PatVacIoOperationRepository.java:[40,91] cannot find symbol
[ERROR]   symbol:   class Param
[ERROR]   location: interface org.isf.patvac.service.PatVacIoOperationRepository
[ERROR] /openhospital-core/src/main/java/org/isf/patvac/service/PatVacIoOperationRepository.java:[39,10] cannot find symbol
[ERROR]   symbol:   class Query
[ERROR]   location: interface org.isf.patvac.service.PatVacIoOperationRepository
[ERROR] /openhospital-core/src/main/java/org/isf/patient/model/Patient.java:[73,18] cannot find symbol
[ERROR]   symbol: class AuditingEntityListener
[ERROR] /openhospital-core/src/main/java/org/isf/vaccine/model/Vaccine.java:[51,18] cannot find symbol
[ERROR]   symbol: class AuditingEntityListener
[ERROR] /openhospital-core/src/main/java/org/isf/vactype/model/VaccineType.java:[49,18] cannot find symbol
[ERROR]   symbol: class AuditingEntityListener
[ERROR] /openhospital-core/src/main/java/org/isf/opd/model/Opd.java:[67,18] cannot find symbol
[ERROR]   symbol: class AuditingEntityListener
[ERROR] /openhospital-core/src/main/java/org/isf/ward/model/Ward.java:[48,18] cannot find symbol
[ERROR]   symbol: class AuditingEntityListener
[ERROR] /openhospital-core/src/main/java/org/isf/disease/model/Disease.java:[53,18] cannot find symbol
[ERROR]   symbol: class AuditingEntityListener
[ERROR] /openhospital-core/src/main/java/org/isf/visits/model/Visit.java:[58,18] cannot find symbol
[ERROR]   symbol: class AuditingEntityListener
[ERROR] /openhospital-core/src/main/java/org/isf/menu/model/GroupMenu.java:[48,18] cannot find symbol
[ERROR]   symbol: class AuditingEntityListener
[ERROR] /openhospital-core/src/main/java/org/isf/menu/service/GroupMenuIoOperationRepository.java:[36,36] cannot find symbol
[ERROR]   symbol:   class Param
[ERROR]   location: interface org.isf.menu.service.GroupMenuIoOperationRepository
[ERROR] /openhospital-core/src/main/java/org/isf/menu/service/GroupMenuIoOperationRepository.java:[34,10] cannot find symbol
[ERROR]   symbol:   class Modifying
[ERROR]   location: interface org.isf.menu.service.GroupMenuIoOperationRepository
[ERROR] /openhospital-core/src/main/java/org/isf/menu/service/GroupMenuIoOperationRepository.java:[35,10] cannot find symbol
[ERROR]   symbol:   class Query
[ERROR]   location: interface org.isf.menu.service.GroupMenuIoOperationRepository
[ERROR] /openhospital-core/src/main/java/org/isf/menu/service/UserMenuItemIoOperationRepository.java:[43,44] cannot find symbol
[ERROR]   symbol:   class Param
[ERROR]   location: interface org.isf.menu.service.UserMenuItemIoOperationRepository
----------------------------------------------------------------------------------------------------
C:\Users\Yogya\Documents\KTH\Breaking Updates\breaking-updates\reproductionLogs\successfulReproductionLogs\aa14451c6f218af9c08e846345d83259eb7d46a8.log

[ERROR] Failed to execute goal org.apache.maven.plugins:maven-compiler-plugin:3.11.0:compile (default-compile) on project lpvs: Compilation failure: Compilation failure: 
[ERROR] /LPVS/src/main/java/com/lpvs/util/FileUtil.java:[13,32] cannot access org.springframework.util.FileSystemUtils
[ERROR]   bad class file: /root/.m2/repository/org/springframework/spring-core/6.0.7/spring-core-6.0.7.jar(/org/springframework/util/FileSystemUtils.class)
[ERROR]     class file has wrong version 61.0, should be 55.0
[ERROR]     Please remove or make sure it appears in the correct subdirectory of the classpath.
[ERROR] /LPVS/src/main/java/com/lpvs/LicensePreValidationSystem.java:[17,37] cannot access org.springframework.core.task.TaskExecutor
[ERROR]   bad class file: /root/.m2/repository/org/springframework/spring-core/6.0.7/spring-core-6.0.7.jar(/org/springframework/core/task/TaskExecutor.class)
[ERROR]     class file has wrong version 61.0, should be 55.0
[ERROR]     Please remove or make sure it appears in the correct subdirectory of the classpath.
[ERROR] /LPVS/src/main/java/com/lpvs/controller/GitHubWebhooksController.java:[25,32] cannot access org.springframework.util.StringUtils
[ERROR]   bad class file: /root/.m2/repository/org/springframework/spring-core/6.0.7/spring-core-6.0.7.jar(/org/springframework/util/StringUtils.class)
[ERROR]     class file has wrong version 61.0, should be 55.0
[ERROR]     Please remove or make sure it appears in the correct subdirectory of the classpath.
[ERROR] /LPVS/src/main/java/com/lpvs/LicensePreValidationSystem.java:[39,12] cannot find symbol
[ERROR]   symbol:   class TaskExecutor
[ERROR]   location: class com.lpvs.LicensePreValidationSystem
----------------------------------------------------------------------------------------------------
C:\Users\Yogya\Documents\KTH\Breaking Updates\breaking-updates\reproductionLogs\successfulReproductionLogs\ab70529b2edf0a0b3f672278e191dc207d1b8711.log

[ERROR] Failed to execute goal org.apache.maven.plugins:maven-compiler-plugin:3.10.1:compile (default-compile) on project lpvs: Compilation failure: Compilation failure: 
[ERROR] /LPVS/src/main/java/com/lpvs/util/FileUtil.java:[13,32] cannot access org.springframework.util.FileSystemUtils
[ERROR]   bad class file: /root/.m2/repository/org/springframework/spring-core/6.0.5/spring-core-6.0.5.jar(/org/springframework/util/FileSystemUtils.class)
[ERROR]     class file has wrong version 61.0, should be 55.0
[ERROR]     Please remove or make sure it appears in the correct subdirectory of the classpath.
[ERROR] /LPVS/src/main/java/com/lpvs/LicensePreValidationSystem.java:[17,37] cannot access org.springframework.core.task.TaskExecutor
[ERROR]   bad class file: /root/.m2/repository/org/springframework/spring-core/6.0.5/spring-core-6.0.5.jar(/org/springframework/core/task/TaskExecutor.class)
[ERROR]     class file has wrong version 61.0, should be 55.0
[ERROR]     Please remove or make sure it appears in the correct subdirectory of the classpath.
[ERROR] /LPVS/src/main/java/com/lpvs/controller/GitHubWebhooksController.java:[25,32] cannot access org.springframework.util.StringUtils
[ERROR]   bad class file: /root/.m2/repository/org/springframework/spring-core/6.0.5/spring-core-6.0.5.jar(/org/springframework/util/StringUtils.class)
[ERROR]     class file has wrong version 61.0, should be 55.0
[ERROR]     Please remove or make sure it appears in the correct subdirectory of the classpath.
[ERROR] /LPVS/src/main/java/com/lpvs/LicensePreValidationSystem.java:[39,12] cannot find symbol
[ERROR]   symbol:   class TaskExecutor
[ERROR]   location: class com.lpvs.LicensePreValidationSystem
----------------------------------------------------------------------------------------------------
C:\Users\Yogya\Documents\KTH\Breaking Updates\breaking-updates\reproductionLogs\successfulReproductionLogs\acc50dabec6796c091b84c1ada2ae4cbcab8b562.log

[ERROR] Failed to execute goal org.apache.maven.plugins:maven-compiler-plugin:2.3.2:testCompile (default-testCompile) on project guice-struts2: Compilation failure: Compilation failure: 
[ERROR] /guice/extensions/struts2/test/com/google/inject/struts2/Struts2FactoryTest.java:[19,46] error: package org.apache.struts2.dispatcher.ng.filter does not exist
[ERROR] /guice/extensions/struts2/test/com/google/inject/struts2/Struts2FactoryTest.java:[55,19] error: cannot find symbol
[ERROR]  class StrutsPrepareAndExecuteFilter
[ERROR] /guice/extensions/struts2/test/com/google/inject/struts2/Struts2FactoryTest.java:[57,35] error: cannot find symbol
----------------------------------------------------------------------------------------------------
C:\Users\Yogya\Documents\KTH\Breaking Updates\breaking-updates\reproductionLogs\successfulReproductionLogs\ae16b526695fe275ab5e6a1992916875d26da860.log

[ERROR] Failed to execute goal org.apache.maven.plugins:maven-compiler-plugin:2.5.1:compile (default-compile) on project jadler-jetty: Compilation failure: Compilation failure: 
[ERROR] To suppress warnings about obsolete options, use -Xlint:-options.
[ERROR] /jadler/jadler-jetty/src/main/java/net/jadler/stubbing/server/jetty/JettyStubHttpServer.java:[14,35] error: cannot find symbol
[ERROR]   symbol:   class SelectChannelConnector
[ERROR]   location: package org.eclipse.jetty.server.nio
[ERROR] /jadler/jadler-jetty/src/main/java/net/jadler/stubbing/server/jetty/JettyStubHttpServer.java:[33,19] error: cannot find symbol
[ERROR]   symbol:   method setSendServerVersion(boolean)
[ERROR]   location: variable server of type Server
[ERROR] /jadler/jadler-jetty/src/main/java/net/jadler/stubbing/server/jetty/JettyStubHttpServer.java:[34,19] error: cannot find symbol
[ERROR]   symbol:   method setSendDateHeader(boolean)
[ERROR]   location: variable server of type Server
[ERROR] /jadler/jadler-jetty/src/main/java/net/jadler/stubbing/server/jetty/JettyStubHttpServer.java:[36,33] error: cannot find symbol
[ERROR]   symbol:   class SelectChannelConnector
[ERROR]   location: class JettyStubHttpServer
[ERROR] /jadler/jadler-jetty/src/main/java/net/jadler/stubbing/server/jetty/JettyStubHttpServer.java:[37,26] error: cannot find symbol
[ERROR]   symbol:   method setPort(int)
[ERROR]   location: variable httpConnector of type Connector
[ERROR] /jadler/jadler-jetty/src/main/java/net/jadler/stubbing/server/jetty/JettyStubHttpServer.java:[80,28] error: cannot find symbol
----------------------------------------------------------------------------------------------------
C:\Users\Yogya\Documents\KTH\Breaking Updates\breaking-updates\reproductionLogs\successfulReproductionLogs\b5b64613a1a650a5784ff39386b4e00e05e5c21c.log

[ERROR] Failed to execute goal org.apache.maven.plugins:maven-compiler-plugin:3.8.1:compile (default-compile) on project artifactory: Compilation failure: Compilation failure: 
[ERROR] /artifactory-plugin/src/main/java/org/jfrog/hudson/pipeline/declarative/steps/CreateJFrogInstanceStep.java:[21,1] cannot find symbol
[ERROR]   symbol:   static isAllBlank
[ERROR]   location: class org.apache.commons.lang3.StringUtils
[ERROR] /artifactory-plugin/src/main/java/org/jfrog/hudson/pipeline/common/executors/ReleaseBundleDeleteExecutor.java:[51,71] cannot find symbol
[ERROR]   symbol:   method isAllBlank(java.lang.String,java.lang.String)
[ERROR]   location: class org.apache.commons.lang3.StringUtils
[ERROR] /artifactory-plugin/src/main/java/org/jfrog/hudson/pipeline/common/executors/ReleaseBundleDistributeExecutor.java:[51,71] cannot find symbol
[ERROR]   symbol:   method isAllBlank(java.lang.String,java.lang.String)
[ERROR]   location: class org.apache.commons.lang3.StringUtils
[ERROR] /artifactory-plugin/src/main/java/org/jfrog/hudson/pipeline/declarative/steps/CreateServerStep.java:[129,17] cannot find symbol
[ERROR]   symbol:   method isAllBlank(java.lang.String,java.lang.String)
[ERROR]   location: class org.jfrog.hudson.pipeline.declarative.steps.CreateServerStep.Execution
[ERROR] /artifactory-plugin/src/main/java/org/jfrog/hudson/release/scm/perforce/P4Manager.java:[44,47] no suitable constructor found for ClientHelper(java.lang.String,hudson.model.TaskListener,java.lang.String,java.lang.String)
[ERROR]     constructor org.jenkinsci.plugins.p4.client.ClientHelper.ClientHelper(hudson.model.ItemGroup,java.lang.String,hudson.model.TaskListener,org.jenkinsci.plugins.p4.workspace.Workspace) is not applicable
[ERROR]       (argument mismatch; java.lang.String cannot be converted to hudson.model.ItemGroup)
[ERROR]     constructor org.jenkinsci.plugins.p4.client.ClientHelper.ClientHelper(hudson.model.Item,java.lang.String,hudson.model.TaskListener,org.jenkinsci.plugins.p4.workspace.Workspace) is not applicable
[ERROR]       (argument mismatch; java.lang.String cannot be converted to hudson.model.Item)
[ERROR] /artifactory-plugin/src/main/java/org/jfrog/hudson/pipeline/common/executors/CreateDockerBuildExecutor.java:[34,24] cannot find symbol
[ERROR]   symbol:   method isAllBlank(java.lang.String,java.lang.String)
[ERROR]   location: class org.apache.commons.lang3.StringUtils
[ERROR] /artifactory-plugin/src/main/java/org/jfrog/hudson/pipeline/declarative/steps/CreateJFrogInstanceStep.java:[140,17] cannot find symbol
[ERROR]   symbol:   method isAllBlank(java.lang.String,java.lang.String,java.lang.String,java.lang.String,java.lang.String,java.lang.String)
[ERROR]   location: class org.jfrog.hudson.pipeline.declarative.steps.CreateJFrogInstanceStep.Execution
[ERROR] /artifactory-plugin/src/main/java/org/jfrog/hudson/pipeline/scripted/steps/CreateJFrogPlatformInstanceStep.java:[73,17] cannot find symbol
[ERROR]   symbol:   method isAllBlank(java.lang.String,java.lang.String,java.lang.String)
[ERROR]   location: class org.jfrog.hudson.pipeline.scripted.steps.CreateJFrogPlatformInstanceStep.Execution
----------------------------------------------------------------------------------------------------
C:\Users\Yogya\Documents\KTH\Breaking Updates\breaking-updates\reproductionLogs\successfulReproductionLogs\c09896887acf0fe59320e01145a7034cd8d4e326.log

[ERROR] Failed to execute goal org.apache.maven.plugins:maven-compiler-plugin:3.3:compile (default-compile) on project lib: Compilation failure
[ERROR] /incrementals-tools/lib/src/main/java/io/jenkins/tools/incrementals/lib/UpdateChecker.java:[239,126] status has private access in org.kohsuke.github.GHCompare
----------------------------------------------------------------------------------------------------
C:\Users\Yogya\Documents\KTH\Breaking Updates\breaking-updates\reproductionLogs\successfulReproductionLogs\c1fc16b4fe9dfdfa16ce7248fccad0e7d994094d.log

[ERROR] Failed to execute goal org.apache.maven.plugins:maven-compiler-plugin:3.10.1:compile (default-compile) on project lpvs: Compilation failure: Compilation failure: 
[ERROR] /LPVS/src/main/java/com/lpvs/util/FileUtil.java:[13,32] cannot access org.springframework.util.FileSystemUtils
[ERROR]   bad class file: /root/.m2/repository/org/springframework/spring-core/6.0.2/spring-core-6.0.2.jar(/org/springframework/util/FileSystemUtils.class)
[ERROR]     class file has wrong version 61.0, should be 55.0
[ERROR]     Please remove or make sure it appears in the correct subdirectory of the classpath.
[ERROR] /LPVS/src/main/java/com/lpvs/LicensePreValidationSystem.java:[17,37] cannot access org.springframework.core.task.TaskExecutor
[ERROR]   bad class file: /root/.m2/repository/org/springframework/spring-core/6.0.2/spring-core-6.0.2.jar(/org/springframework/core/task/TaskExecutor.class)
[ERROR]     class file has wrong version 61.0, should be 55.0
[ERROR]     Please remove or make sure it appears in the correct subdirectory of the classpath.
[ERROR] /LPVS/src/main/java/com/lpvs/controller/GitHubWebhooksController.java:[25,32] cannot access org.springframework.util.StringUtils
[ERROR]   bad class file: /root/.m2/repository/org/springframework/spring-core/6.0.2/spring-core-6.0.2.jar(/org/springframework/util/StringUtils.class)
[ERROR]     class file has wrong version 61.0, should be 55.0
[ERROR]     Please remove or make sure it appears in the correct subdirectory of the classpath.
[ERROR] /LPVS/src/main/java/com/lpvs/LicensePreValidationSystem.java:[39,12] cannot find symbol
[ERROR]   symbol:   class TaskExecutor
[ERROR]   location: class com.lpvs.LicensePreValidationSystem
----------------------------------------------------------------------------------------------------
C:\Users\Yogya\Documents\KTH\Breaking Updates\breaking-updates\reproductionLogs\successfulReproductionLogs\cb541fd65c7b9bbc3424ea927f1dab223261d156.log

[ERROR] Failed to execute goal org.apache.maven.plugins:maven-compiler-plugin:3.10.1:compile (default-compile) on project jcabi-http: Compilation failure: Compilation failure: 
[ERROR] /jcabi-http/src/main/java/com/jcabi/http/mock/MkQueryMatchers.java:[34,20] cannot find symbol
[ERROR]   symbol:   class Matchers
[ERROR]   location: package org.hamcrest
[ERROR] /jcabi-http/src/main/java/com/jcabi/http/response/RestResponse.java:[48,20] cannot find symbol
[ERROR]   symbol:   class Matchers
[ERROR]   location: package org.hamcrest
----------------------------------------------------------------------------------------------------
C:\Users\Yogya\Documents\KTH\Breaking Updates\breaking-updates\reproductionLogs\successfulReproductionLogs\d3af06df4613be146bb9f8034e1a8a3098050c82.log

[ERROR] Failed to execute goal org.apache.maven.plugins:maven-compiler-plugin:3.9.0:compile (default-compile) on project jadler-jetty: Compilation failure: Compilation failure: 
[ERROR] /jadler/jadler-jetty/src/main/java/net/jadler/stubbing/server/jetty/JettyStubHttpServer.java:[14,35] error: package org.eclipse.jetty.server.nio does not exist
[ERROR] /jadler/jadler-jetty/src/main/java/net/jadler/stubbing/server/jetty/JadlerHandler.java:[24] error: JadlerHandler is not abstract and does not override abstract method handle(String,Request,HttpServletRequest,HttpServletResponse) in AbstractHandler
[ERROR] /jadler/jadler-jetty/src/main/java/net/jadler/stubbing/server/jetty/JadlerHandler.java:[38,4] error: method does not override or implement a method from a supertype
[ERROR] /jadler/jadler-jetty/src/main/java/net/jadler/stubbing/server/jetty/JettyStubHttpServer.java:[33,19] error: cannot find symbol
[ERROR]   symbol:   method setSendServerVersion(boolean)
[ERROR]   location: variable server of type Server
[ERROR] /jadler/jadler-jetty/src/main/java/net/jadler/stubbing/server/jetty/JettyStubHttpServer.java:[34,19] error: cannot find symbol
[ERROR]   symbol:   method setSendDateHeader(boolean)
[ERROR]   location: variable server of type Server
[ERROR] /jadler/jadler-jetty/src/main/java/net/jadler/stubbing/server/jetty/JettyStubHttpServer.java:[36,33] error: cannot find symbol
[ERROR]   symbol:   class SelectChannelConnector
[ERROR]   location: class JettyStubHttpServer
[ERROR] /jadler/jadler-jetty/src/main/java/net/jadler/stubbing/server/jetty/JettyStubHttpServer.java:[37,26] error: cannot find symbol
[ERROR]   symbol:   method setPort(int)
[ERROR]   location: variable httpConnector of type Connector
[ERROR] /jadler/jadler-jetty/src/main/java/net/jadler/stubbing/server/jetty/JettyStubHttpServer.java:[80,28] error: cannot find symbol
[ERROR]   symbol:   method getLocalPort()
[ERROR]   location: variable httpConnector of type Connector
----------------------------------------------------------------------------------------------------
C:\Users\Yogya\Documents\KTH\Breaking Updates\breaking-updates\reproductionLogs\successfulReproductionLogs\d54b56b91c11f21b97d4903143b04b7c1f10c255.log

[ERROR] Failed to execute goal org.apache.maven.plugins:maven-compiler-plugin:3.10.1:compile (default-compile) on project pubsub-group-kafka-connector: Compilation failure: Compilation failure: 
[ERROR] /java-pubsub-group-kafka-connector/src/main/java/com/google/pubsublite/kafka/sink/PublisherFactoryImpl.java:[20,35] cannot find symbol
[ERROR]   symbol:   class PublishMetadata
[ERROR]   location: package com.google.cloud.pubsublite
[ERROR] /java-pubsub-group-kafka-connector/src/main/java/com/google/pubsublite/kafka/sink/PublisherFactory.java:[18,35] cannot find symbol
[ERROR]   symbol:   class PublishMetadata
[ERROR]   location: package com.google.cloud.pubsublite
[ERROR] /java-pubsub-group-kafka-connector/src/main/java/com/google/pubsublite/kafka/sink/PublisherFactoryImpl.java:[36,20] cannot find symbol
[ERROR]   symbol:   class PublishMetadata
[ERROR]   location: class com.google.pubsublite.kafka.sink.PublisherFactoryImpl
[ERROR] /java-pubsub-group-kafka-connector/src/main/java/com/google/pubsublite/kafka/sink/PublisherFactory.java:[24,13] cannot find symbol
[ERROR]   symbol:   class PublishMetadata
[ERROR]   location: interface com.google.pubsublite.kafka.sink.PublisherFactory
[ERROR] /java-pubsub-group-kafka-connector/src/main/java/com/google/pubsublite/kafka/sink/PubSubLiteSinkTask.java:[22,35] cannot find symbol
[ERROR]   symbol:   class PublishMetadata
[ERROR]   location: package com.google.cloud.pubsublite
[ERROR] /java-pubsub-group-kafka-connector/src/main/java/com/google/pubsublite/kafka/sink/PubSubLiteSinkTask.java:[43,31] cannot find symbol
[ERROR]   symbol:   class PublishMetadata
[ERROR]   location: class com.google.pubsublite.kafka.sink.PubSubLiteSinkTask
[ERROR] /java-pubsub-group-kafka-connector/src/main/java/com/google/pubsublite/kafka/sink/PublisherFactoryImpl.java:[53,17] cannot find symbol
[ERROR]   symbol:   method setContext(com.google.cloud.pubsublite.internal.wire.PubsubContext)
[ERROR]   location: class com.google.cloud.pubsublite.internal.wire.SinglePartitionPublisherBuilder.Builder
----------------------------------------------------------------------------------------------------
C:\Users\Yogya\Documents\KTH\Breaking Updates\breaking-updates\reproductionLogs\successfulReproductionLogs\e40f76d1150d41821ccfd72e9dd3fabbc8763c1e.log

[ERROR] Failed to execute goal org.apache.maven.plugins:maven-compiler-plugin:3.10.1:compile (default-compile) on project code-coverage-api-ui-tests: Compilation failure: Compilation failure: 
[ERROR] /code-coverage-api-plugin/ui-tests/src/main/java/io/jenkins/plugins/coverage/util/ChartUtil.java:[7,36] error: package com.gargoylesoftware.htmlunit does not exist
[ERROR] /code-coverage-api-plugin/ui-tests/src/main/java/io/jenkins/plugins/coverage/util/ChartUtil.java:[35,12] error: cannot find symbol
[ERROR]   symbol:   class ScriptResult
[ERROR]   location: class ChartUtil
[ERROR] /code-coverage-api-plugin/ui-tests/src/main/java/io/jenkins/plugins/coverage/util/ChartUtil.java:[35,44] error: cannot find symbol
[ERROR]   symbol:   class ScriptResult
[ERROR]   location: class ChartUtil
[ERROR] /code-coverage-api-plugin/ui-tests/src/main/java/io/jenkins/plugins/coverage/util/ChartUtil.java:[60,42] error: cannot find symbol
[ERROR]   symbol:   class ScriptResult
[ERROR]   location: class ChartUtil
----------------------------------------------------------------------------------------------------
C:\Users\Yogya\Documents\KTH\Breaking Updates\breaking-updates\reproductionLogs\successfulReproductionLogs\ed7fbdd75abc666d9d5a2794e9392ed33e75de9b.log

[ERROR] Failed to execute goal org.apache.maven.plugins:maven-compiler-plugin:3.10.1:testCompile (default-testCompile) on project jcabi-maven-plugin: Compilation failure
[ERROR] warnings found and -Werror specified
----------------------------------------------------------------------------------------------------
C:\Users\Yogya\Documents\KTH\Breaking Updates\breaking-updates\reproductionLogs\successfulReproductionLogs\f26cd85b97b24c07a2e446f43ac8793619fa0724.log

[ERROR] Failed to execute goal org.apache.maven.plugins:maven-compiler-plugin:3.10.1:compile (default-compile) on project jadler-jetty: Compilation failure: Compilation failure: 
[ERROR] /jadler/jadler-jetty/src/main/java/net/jadler/stubbing/server/jetty/JettyStubHttpServer.java:[12,35] error: package org.eclipse.jetty.server.nio does not exist
[ERROR] /jadler/jadler-jetty/src/main/java/net/jadler/stubbing/server/jetty/JadlerHandler.java:[25] error: JadlerHandler is not abstract and does not override abstract method handle(String,Request,HttpServletRequest,HttpServletResponse) in AbstractHandler
[ERROR] /jadler/jadler-jetty/src/main/java/net/jadler/stubbing/server/jetty/JadlerHandler.java:[39,4] error: method does not override or implement a method from a supertype
[ERROR] /jadler/jadler-jetty/src/main/java/net/jadler/stubbing/server/jetty/JettyStubHttpServer.java:[33,19] error: cannot find symbol
[ERROR]   symbol:   method setSendServerVersion(boolean)
[ERROR]   location: variable server of type Server
[ERROR] /jadler/jadler-jetty/src/main/java/net/jadler/stubbing/server/jetty/JettyStubHttpServer.java:[34,19] error: cannot find symbol
[ERROR]   symbol:   method setSendDateHeader(boolean)
[ERROR]   location: variable server of type Server
[ERROR] /jadler/jadler-jetty/src/main/java/net/jadler/stubbing/server/jetty/JettyStubHttpServer.java:[36,33] error: cannot find symbol
[ERROR]   symbol:   class SelectChannelConnector
[ERROR]   location: class JettyStubHttpServer
[ERROR] /jadler/jadler-jetty/src/main/java/net/jadler/stubbing/server/jetty/JettyStubHttpServer.java:[37,26] error: cannot find symbol
[ERROR]   symbol:   method setPort(int)
[ERROR]   location: variable httpConnector of type Connector
[ERROR] /jadler/jadler-jetty/src/main/java/net/jadler/stubbing/server/jetty/JettyStubHttpServer.java:[80,28] error: cannot find symbol
[ERROR]   symbol:   method getLocalPort()
[ERROR]   location: variable httpConnector of type Connector
----------------------------------------------------------------------------------------------------
C:\Users\Yogya\Documents\KTH\Breaking Updates\breaking-updates\reproductionLogs\successfulReproductionLogs\f714a41f0ffe9720939d4980da5119d1f45bd770.log

[ERROR] Failed to execute goal org.apache.maven.plugins:maven-compiler-plugin:3.10.1:compile (default-compile) on project xchange-stream-service-pubnub: Compilation failure: Compilation failure: 
[ERROR] /XChange/xchange-stream-service-pubnub/src/main/java/info/bitrich/xchangestream/service/pubnub/PubnubStreamingService.java:[15,53] cannot find symbol
[ERROR]   symbol:   class PNMembershipResult
[ERROR]   location: package com.pubnub.api.models.consumer.pubsub.objects
[ERROR] /XChange/xchange-stream-service-pubnub/src/main/java/info/bitrich/xchangestream/service/pubnub/PubnubStreamingService.java:[16,53] cannot find symbol
[ERROR]   symbol:   class PNSpaceResult
[ERROR]   location: package com.pubnub.api.models.consumer.pubsub.objects
[ERROR] /XChange/xchange-stream-service-pubnub/src/main/java/info/bitrich/xchangestream/service/pubnub/PubnubStreamingService.java:[17,53] cannot find symbol
[ERROR]   symbol:   class PNUserResult
[ERROR]   location: package com.pubnub.api.models.consumer.pubsub.objects
[ERROR] /XChange/xchange-stream-service-pubnub/src/main/java/info/bitrich/xchangestream/service/pubnub/PubnubStreamingService.java:[40,39] no suitable constructor found for PNConfiguration(no arguments)
[ERROR]     constructor com.pubnub.api.PNConfiguration.PNConfiguration(com.pubnub.api.UserId) is not applicable
[ERROR]       (actual and formal argument lists differ in length)
[ERROR]     constructor com.pubnub.api.PNConfiguration.PNConfiguration(java.lang.String) is not applicable
[ERROR]       (actual and formal argument lists differ in length)
[ERROR] /XChange/xchange-stream-service-pubnub/src/main/java/info/bitrich/xchangestream/service/pubnub/PubnubStreamingService.java:[94,49] cannot find symbol
[ERROR]   symbol: class PNUserResult
[ERROR] /XChange/xchange-stream-service-pubnub/src/main/java/info/bitrich/xchangestream/service/pubnub/PubnubStreamingService.java:[99,50] cannot find symbol
[ERROR]   symbol: class PNSpaceResult
[ERROR] /XChange/xchange-stream-service-pubnub/src/main/java/info/bitrich/xchangestream/service/pubnub/PubnubStreamingService.java:[104,55] cannot find symbol
[ERROR]   symbol: class PNMembershipResult
[ERROR] /XChange/xchange-stream-service-pubnub/src/main/java/info/bitrich/xchangestream/service/pubnub/PubnubStreamingService.java:[50,39] <anonymous info.bitrich.xchangestream.service.pubnub.PubnubStreamingService$1> is not abstract and does not override abstract method file(com.pubnub.api.PubNub,com.pubnub.api.models.consumer.pubsub.files.PNFileEventResult) in com.pubnub.api.callbacks.SubscribeCallback
[ERROR] /XChange/xchange-stream-service-pubnub/src/main/java/info/bitrich/xchangestream/service/pubnub/PubnubStreamingService.java:[93,17] method does not override or implement a method from a supertype
[ERROR] /XChange/xchange-stream-service-pubnub/src/main/java/info/bitrich/xchangestream/service/pubnub/PubnubStreamingService.java:[98,17] method does not override or implement a method from a supertype
----------------------------------------------------------------------------------------------------
C:\Users\Yogya\Documents\KTH\Breaking Updates\breaking-updates\reproductionLogs\successfulReproductionLogs\f78d34b82926216c0f203c0350f646d481c675e3.log

[ERROR] Failed to execute goal org.apache.maven.plugins:maven-compiler-plugin:3.8.1:compile (default-compile) on project PeyangSuperbAntiCheat: Compilation failure: Compilation failure: 
[ERROR] /PeyangSuperbAntiCheat/src/main/java/ml/peya/plugins/Learn/Neuron.java:[5,30] package develop.p2p.lib does not exist
[ERROR] /PeyangSuperbAntiCheat/src/main/java/ml/peya/plugins/Learn/Neuron.java:[5,1] static import only from classes and interfaces
[ERROR] /PeyangSuperbAntiCheat/src/main/java/ml/peya/plugins/Objects/Decorations.java:[3,23] package develop.p2p.lib does not exist
[ERROR] /PeyangSuperbAntiCheat/src/main/java/ml/peya/plugins/Detect/NPCTeleport.java:[3,1] package develop.p2p.lib does not exist
[ERROR] /PeyangSuperbAntiCheat/src/main/java/ml/peya/plugins/Utils/PlayerUtils.java:[113,36] package develop.p2p.lib does not exist
[ERROR] /PeyangSuperbAntiCheat/src/main/java/ml/peya/plugins/Utils/PlayerUtils.java:[114,35] package develop.p2p.lib does not exist
[ERROR] /PeyangSuperbAntiCheat/src/main/java/ml/peya/plugins/Learn/Neuron.java:[50,18] cannot find symbol
[ERROR]   symbol:   method sigmoid(double)
[ERROR]   location: class ml.peya.plugins.Learn.Neuron
[ERROR] /PeyangSuperbAntiCheat/src/main/java/ml/peya/plugins/Objects/Decorations.java:[185,9] cannot find symbol
[ERROR]   symbol:   class WaveCreator
[ERROR]   location: class ml.peya.plugins.Objects.Decorations
[ERROR] /PeyangSuperbAntiCheat/src/main/java/ml/peya/plugins/Objects/Decorations.java:[185,32] cannot find symbol
[ERROR]   symbol:   class WaveCreator
[ERROR]   location: class ml.peya.plugins.Objects.Decorations
[ERROR] /PeyangSuperbAntiCheat/src/main/java/ml/peya/plugins/Detect/NPCTeleport.java:[161,9] cannot find symbol
[ERROR]   symbol:   class WaveCreator
[ERROR]   location: class ml.peya.plugins.Detect.NPCTeleport
[ERROR] /PeyangSuperbAntiCheat/src/main/java/ml/peya/plugins/Detect/NPCTeleport.java:[161,31] cannot find symbol
[ERROR]   symbol:   class WaveCreator
[ERROR]   location: class ml.peya.plugins.Detect.NPCTeleport
[ERROR] /PeyangSuperbAntiCheat/src/main/java/ml/peya/plugins/Detect/NPCTeleport.java:[179,40] cannot find symbol
[ERROR]   symbol: class WaveCreator
[ERROR] /PeyangSuperbAntiCheat/src/main/java/ml/peya/plugins/Detect/NPCTeleport.java:[186,45] cannot find symbol
[ERROR]   symbol: class WaveCreator
[ERROR] /PeyangSuperbAntiCheat/src/main/java/ml/peya/plugins/Detect/NPCTeleport.java:[220,27] cannot find symbol
[ERROR]   symbol: class WaveCreator
----------------------------------------------------------------------------------------------------
C:\Users\Yogya\Documents\KTH\Breaking Updates\breaking-updates\reproductionLogs\successfulReproductionLogs\f9763c18c7e1fa54fb67dcf3935aa5106807aba9.log

[ERROR] Failed to execute goal org.apache.maven.plugins:maven-compiler-plugin:3.10.1:compile (default-compile) on project code-coverage-api-ui-tests: Compilation failure: Compilation failure: 
[ERROR] /code-coverage-api-plugin/ui-tests/src/main/java/io/jenkins/plugins/coverage/util/ChartUtil.java:[7,36] error: package com.gargoylesoftware.htmlunit does not exist
[ERROR] /code-coverage-api-plugin/ui-tests/src/main/java/io/jenkins/plugins/coverage/util/ChartUtil.java:[35,12] error: cannot find symbol
[ERROR]   symbol:   class ScriptResult
[ERROR]   location: class ChartUtil
[ERROR] /code-coverage-api-plugin/ui-tests/src/main/java/io/jenkins/plugins/coverage/util/ChartUtil.java:[35,44] error: cannot find symbol
[ERROR]   symbol:   class ScriptResult
[ERROR]   location: class ChartUtil
[ERROR] /code-coverage-api-plugin/ui-tests/src/main/java/io/jenkins/plugins/coverage/util/ChartUtil.java:[60,42] error: cannot find symbol
[ERROR]   symbol:   class ScriptResult
[ERROR]   location: class ChartUtil
----------------------------------------------------------------------------------------------------
